<?xml version="1.0" encoding="UTF-8"?>
<robot generator="Robot 2.9 (Python 3.7.3 on win32)" generated="20240414 15:25:37.022">
<suite id="s1" name="EditEvent" source="C:\Users\PEIZHENNIE\source\repos\SWE5006_Team18_myFitness\myFitness\RobotFramework\Scripts\Event\Tests\EditEvent.robot">
<test id="s1-t1" name="As a Organiser, I want to Edit Event">
<kw name="${BROWSER} IN [ @{BROWSERLIST} ]" type="for">
<kw name="${BROWSER} = firefox" type="foritem">
<kw name="Given Host Is Opened and User Logins" library="common">
<arguments>
<arg>${BROWSER}</arg>
<arg>${HOST}</arg>
</arguments>
<kw name="Open MyFitness" library="common">
<arguments>
<arg>${BROWSER}</arg>
<arg>${HOST}</arg>
</arguments>
<kw name="Open Browser" library="Selenium2Library">
<doc>Opens a new browser instance to the given ``url``.</doc>
<arguments>
<arg>${ENV}</arg>
<arg>${BROWSER}</arg>
</arguments>
<msg timestamp="20240414 15:25:37.192" level="INFO">Opening browser 'firefox' to base url 'https://localhost:44482/'.</msg>
<status status="PASS" starttime="20240414 15:25:37.192" endtime="20240414 15:25:42.422"></status>
</kw>
<kw name="Check Browser" library="common">
<kw name="Wait For Condition" library="Selenium2Library">
<doc>Waits until ``condition`` is true or ``timeout`` expires.</doc>
<arguments>
<arg>return document.readyState=="complete"</arg>
</arguments>
<status status="PASS" starttime="20240414 15:25:42.422" endtime="20240414 15:25:42.432"></status>
</kw>
<status status="PASS" starttime="20240414 15:25:42.422" endtime="20240414 15:25:42.432"></status>
</kw>
<kw name="Maximize Browser Window" library="Selenium2Library">
<doc>Maximizes current browser window.</doc>
<status status="PASS" starttime="20240414 15:25:42.432" endtime="20240414 15:25:42.435"></status>
</kw>
<kw name="Set Selenium Speed" library="Selenium2Library">
<doc>Sets the delay that is waited after each Selenium command.</doc>
<arguments>
<arg>0.1 seconds</arg>
</arguments>
<status status="PASS" starttime="20240414 15:25:42.435" endtime="20240414 15:25:42.435"></status>
</kw>
<kw name="Set Selenium Timeout" library="Selenium2Library">
<doc>Sets the timeout that is used by various keywords.</doc>
<arguments>
<arg>15 seconds</arg>
</arguments>
<status status="PASS" starttime="20240414 15:25:42.435" endtime="20240414 15:25:42.540"></status>
</kw>
<kw name="Check Browser" library="common">
<kw name="Wait For Condition" library="Selenium2Library">
<doc>Waits until ``condition`` is true or ``timeout`` expires.</doc>
<arguments>
<arg>return document.readyState=="complete"</arg>
</arguments>
<status status="PASS" starttime="20240414 15:25:42.540" endtime="20240414 15:25:42.650"></status>
</kw>
<status status="PASS" starttime="20240414 15:25:42.540" endtime="20240414 15:25:42.650"></status>
</kw>
<status status="PASS" starttime="20240414 15:25:37.192" endtime="20240414 15:25:42.651"></status>
</kw>
<kw name="Check Browser" library="common">
<kw name="Wait For Condition" library="Selenium2Library">
<doc>Waits until ``condition`` is true or ``timeout`` expires.</doc>
<arguments>
<arg>return document.readyState=="complete"</arg>
</arguments>
<status status="PASS" starttime="20240414 15:25:42.651" endtime="20240414 15:25:42.767"></status>
</kw>
<status status="PASS" starttime="20240414 15:25:42.651" endtime="20240414 15:25:42.767"></status>
</kw>
<kw name="Check Browser" library="common">
<kw name="Wait For Condition" library="Selenium2Library">
<doc>Waits until ``condition`` is true or ``timeout`` expires.</doc>
<arguments>
<arg>return document.readyState=="complete"</arg>
</arguments>
<status status="PASS" starttime="20240414 15:25:42.767" endtime="20240414 15:25:42.879"></status>
</kw>
<status status="PASS" starttime="20240414 15:25:42.767" endtime="20240414 15:25:42.879"></status>
</kw>
<kw name="Login as User" library="common">
<arguments>
<arg>${BROWSER}</arg>
</arguments>
<kw name="click" library="seleniumLibrary">
<arguments>
<arg>${email}</arg>
</arguments>
<kw name="Click Element" library="Selenium2Library">
<doc>Click element identified by ``locator``.</doc>
<arguments>
<arg>${element}</arg>
</arguments>
<msg timestamp="20240414 15:25:42.880" level="INFO">Clicking element 'id=email'.</msg>
<status status="PASS" starttime="20240414 15:25:42.880" endtime="20240414 15:25:43.332"></status>
</kw>
<status status="PASS" starttime="20240414 15:25:42.880" endtime="20240414 15:25:43.333"></status>
</kw>
<kw name="Run Keyword If" library="BuiltIn">
<doc>Runs the given keyword with the given arguments, if ``condition`` is true.</doc>
<arguments>
<arg>'${BROWSER}' == 'firefox'</arg>
<arg>Type</arg>
<arg>${email}</arg>
<arg>lpz@test.com</arg>
</arguments>
<kw name="type" library="seleniumLibrary">
<arguments>
<arg>${email}</arg>
<arg>lpz@test.com</arg>
</arguments>
<kw name="Input Text" library="Selenium2Library">
<doc>Types the given ``text`` into text field identified by ``locator``.</doc>
<arguments>
<arg>${element}</arg>
<arg>${value}</arg>
</arguments>
<msg timestamp="20240414 15:25:43.333" level="INFO">Typing text 'lpz@test.com' into text field 'id=email'.</msg>
<status status="PASS" starttime="20240414 15:25:43.333" endtime="20240414 15:25:43.751"></status>
</kw>
<status status="PASS" starttime="20240414 15:25:43.333" endtime="20240414 15:25:43.751"></status>
</kw>
<status status="PASS" starttime="20240414 15:25:43.333" endtime="20240414 15:25:43.751"></status>
</kw>
<kw name="Run Keyword If" library="BuiltIn">
<doc>Runs the given keyword with the given arguments, if ``condition`` is true.</doc>
<arguments>
<arg>'${BROWSER}' == 'chrome'</arg>
<arg>Type</arg>
<arg>${email}</arg>
<arg>lpz@test.com</arg>
</arguments>
<status status="PASS" starttime="20240414 15:25:43.751" endtime="20240414 15:25:43.752"></status>
</kw>
<kw name="click" library="seleniumLibrary">
<arguments>
<arg>${password}</arg>
</arguments>
<kw name="Click Element" library="Selenium2Library">
<doc>Click element identified by ``locator``.</doc>
<arguments>
<arg>${element}</arg>
</arguments>
<msg timestamp="20240414 15:25:43.752" level="INFO">Clicking element 'id=password'.</msg>
<status status="PASS" starttime="20240414 15:25:43.752" endtime="20240414 15:25:44.194"></status>
</kw>
<status status="PASS" starttime="20240414 15:25:43.752" endtime="20240414 15:25:44.194"></status>
</kw>
<kw name="Run Keyword If" library="BuiltIn">
<doc>Runs the given keyword with the given arguments, if ``condition`` is true.</doc>
<arguments>
<arg>'${BROWSER}' == 'firefox'</arg>
<arg>Type</arg>
<arg>${password}</arg>
<arg>Password123!</arg>
</arguments>
<kw name="type" library="seleniumLibrary">
<arguments>
<arg>${password}</arg>
<arg>Password123!</arg>
</arguments>
<kw name="Input Text" library="Selenium2Library">
<doc>Types the given ``text`` into text field identified by ``locator``.</doc>
<arguments>
<arg>${element}</arg>
<arg>${value}</arg>
</arguments>
<msg timestamp="20240414 15:25:44.195" level="INFO">Typing text 'Password123!' into text field 'id=password'.</msg>
<status status="PASS" starttime="20240414 15:25:44.195" endtime="20240414 15:25:44.592"></status>
</kw>
<status status="PASS" starttime="20240414 15:25:44.195" endtime="20240414 15:25:44.592"></status>
</kw>
<status status="PASS" starttime="20240414 15:25:44.194" endtime="20240414 15:25:44.592"></status>
</kw>
<kw name="Run Keyword If" library="BuiltIn">
<doc>Runs the given keyword with the given arguments, if ``condition`` is true.</doc>
<arguments>
<arg>'${BROWSER}' == 'chrome'</arg>
<arg>Type</arg>
<arg>${password}</arg>
<arg>Password123!</arg>
</arguments>
<status status="PASS" starttime="20240414 15:25:44.592" endtime="20240414 15:25:44.596"></status>
</kw>
<kw name="click" library="seleniumLibrary">
<arguments>
<arg>${loginBtn}</arg>
</arguments>
<kw name="Click Element" library="Selenium2Library">
<doc>Click element identified by ``locator``.</doc>
<arguments>
<arg>${element}</arg>
</arguments>
<msg timestamp="20240414 15:25:44.596" level="INFO">Clicking element 'xpath=//*[@id="main-container"]/div/div/div/div/form/div/div[3]/button'.</msg>
<status status="PASS" starttime="20240414 15:25:44.596" endtime="20240414 15:25:45.038"></status>
</kw>
<status status="PASS" starttime="20240414 15:25:44.596" endtime="20240414 15:25:45.038"></status>
</kw>
<kw name="Sleep" library="BuiltIn">
<doc>Pauses the test executed for the given time.</doc>
<arguments>
<arg>${LONGPAUSE}</arg>
</arguments>
<msg timestamp="20240414 15:26:00.047" level="INFO">Slept 15 seconds</msg>
<status status="PASS" starttime="20240414 15:25:45.038" endtime="20240414 15:26:00.047"></status>
</kw>
<status status="PASS" starttime="20240414 15:25:42.879" endtime="20240414 15:26:00.047"></status>
</kw>
<kw name="Sleep" library="BuiltIn">
<doc>Pauses the test executed for the given time.</doc>
<arguments>
<arg>${LONGPAUSE}</arg>
</arguments>
<msg timestamp="20240414 15:26:15.049" level="INFO">Slept 15 seconds</msg>
<status status="PASS" starttime="20240414 15:26:00.047" endtime="20240414 15:26:15.049"></status>
</kw>
<status status="PASS" starttime="20240414 15:25:37.192" endtime="20240414 15:26:15.049"></status>
</kw>
<kw name="And Accesses Event via Navmenu" library="EditEvent_Common">
<kw name="click" library="seleniumLibrary">
<arguments>
<arg>${eventMenuIcon}</arg>
</arguments>
<kw name="Click Element" library="Selenium2Library">
<doc>Click element identified by ``locator``.</doc>
<arguments>
<arg>${element}</arg>
</arguments>
<msg timestamp="20240414 15:26:15.049" level="INFO">Clicking element 'link=Events'.</msg>
<status status="PASS" starttime="20240414 15:26:15.049" endtime="20240414 15:26:15.845"></status>
</kw>
<status status="PASS" starttime="20240414 15:26:15.049" endtime="20240414 15:26:15.845"></status>
</kw>
<status status="PASS" starttime="20240414 15:26:15.049" endtime="20240414 15:26:15.845"></status>
</kw>
<kw name="And Organiser edits event" library="EditEvent_Common">
<kw name="click" library="seleniumLibrary">
<arguments>
<arg>${editMenuIcon}</arg>
</arguments>
<kw name="Click Element" library="Selenium2Library">
<doc>Click element identified by ``locator``.</doc>
<arguments>
<arg>${element}</arg>
</arguments>
<msg timestamp="20240414 15:26:15.847" level="INFO">Clicking element 'xpath=/html/body/div[1]/div[2]/div/div/div[2]/div/div/div[3]/div[3]/div/div[1]/div[2]/button'.</msg>
<status status="PASS" starttime="20240414 15:26:15.847" endtime="20240414 15:26:16.346"></status>
</kw>
<status status="PASS" starttime="20240414 15:26:15.846" endtime="20240414 15:26:16.347"></status>
</kw>
<kw name="click" library="seleniumLibrary">
<arguments>
<arg>${editBtn}</arg>
</arguments>
<kw name="Click Element" library="Selenium2Library">
<doc>Click element identified by ``locator``.</doc>
<arguments>
<arg>${element}</arg>
</arguments>
<msg timestamp="20240414 15:26:16.347" level="INFO">Clicking element 'xpath=/html/body/div[5]/div[3]/ul/li'.</msg>
<status status="PASS" starttime="20240414 15:26:16.347" endtime="20240414 15:26:16.894"></status>
</kw>
<status status="PASS" starttime="20240414 15:26:16.347" endtime="20240414 15:26:16.894"></status>
</kw>
<kw name="click" library="seleniumLibrary">
<arguments>
<arg>${capacity}</arg>
</arguments>
<kw name="Click Element" library="Selenium2Library">
<doc>Click element identified by ``locator``.</doc>
<arguments>
<arg>${element}</arg>
</arguments>
<msg timestamp="20240414 15:26:16.896" level="INFO">Clicking element 'id=:r8:'.</msg>
<status status="PASS" starttime="20240414 15:26:16.896" endtime="20240414 15:26:17.348"></status>
</kw>
<status status="PASS" starttime="20240414 15:26:16.894" endtime="20240414 15:26:17.349"></status>
</kw>
<kw name="type" library="seleniumLibrary">
<arguments>
<arg>${capacity}</arg>
<arg>50</arg>
</arguments>
<kw name="Input Text" library="Selenium2Library">
<doc>Types the given ``text`` into text field identified by ``locator``.</doc>
<arguments>
<arg>${element}</arg>
<arg>${value}</arg>
</arguments>
<msg timestamp="20240414 15:26:17.350" level="INFO">Typing text '50' into text field 'id=:r8:'.</msg>
<status status="PASS" starttime="20240414 15:26:17.350" endtime="20240414 15:26:17.746"></status>
</kw>
<status status="PASS" starttime="20240414 15:26:17.349" endtime="20240414 15:26:17.747"></status>
</kw>
<kw name="click" library="seleniumLibrary">
<arguments>
<arg>${description}</arg>
</arguments>
<kw name="Click Element" library="Selenium2Library">
<doc>Click element identified by ``locator``.</doc>
<arguments>
<arg>${element}</arg>
</arguments>
<msg timestamp="20240414 15:26:17.748" level="INFO">Clicking element 'id=:rc:'.</msg>
<status status="PASS" starttime="20240414 15:26:17.748" endtime="20240414 15:26:18.211"></status>
</kw>
<status status="PASS" starttime="20240414 15:26:17.747" endtime="20240414 15:26:18.212"></status>
</kw>
<kw name="type" library="seleniumLibrary">
<arguments>
<arg>${description}</arg>
<arg>for beginners and novice only</arg>
</arguments>
<kw name="Input Text" library="Selenium2Library">
<doc>Types the given ``text`` into text field identified by ``locator``.</doc>
<arguments>
<arg>${element}</arg>
<arg>${value}</arg>
</arguments>
<msg timestamp="20240414 15:26:18.214" level="INFO">Typing text 'for beginners and novice only' into text field 'id=:rc:'.</msg>
<status status="PASS" starttime="20240414 15:26:18.213" endtime="20240414 15:26:18.847"></status>
</kw>
<status status="PASS" starttime="20240414 15:26:18.212" endtime="20240414 15:26:18.847"></status>
</kw>
<kw name="click" library="seleniumLibrary">
<arguments>
<arg>${saveBtn}</arg>
</arguments>
<kw name="Click Element" library="Selenium2Library">
<doc>Click element identified by ``locator``.</doc>
<arguments>
<arg>${element}</arg>
</arguments>
<msg timestamp="20240414 15:26:18.849" level="INFO">Clicking element 'xpath=//*[@id="content-container"]/div/form/div/div[10]/button[2]'.</msg>
<status status="PASS" starttime="20240414 15:26:18.848" endtime="20240414 15:26:19.312"></status>
</kw>
<status status="PASS" starttime="20240414 15:26:18.848" endtime="20240414 15:26:19.313"></status>
</kw>
<kw name="Sleep" library="BuiltIn">
<doc>Pauses the test executed for the given time.</doc>
<arguments>
<arg>${LONGSLEEP}</arg>
</arguments>
<msg timestamp="20240414 15:26:24.324" level="INFO">Slept 5 seconds</msg>
<status status="PASS" starttime="20240414 15:26:19.313" endtime="20240414 15:26:24.324"></status>
</kw>
<status status="PASS" starttime="20240414 15:26:15.846" endtime="20240414 15:26:24.324"></status>
</kw>
<kw name="And Exit MyFitness" library="common">
<kw name="Go Page Top" library="common">
<kw name="Execute Javascript" library="Selenium2Library">
<doc>Executes the given JavaScript code.</doc>
<arguments>
<arg>window.scrollTo(0, 0);</arg>
</arguments>
<msg timestamp="20240414 15:26:24.324" level="INFO">Executing JavaScript:
window.scrollTo(0, 0);</msg>
<status status="PASS" starttime="20240414 15:26:24.324" endtime="20240414 15:26:24.448"></status>
</kw>
<status status="PASS" starttime="20240414 15:26:24.324" endtime="20240414 15:26:24.449"></status>
</kw>
<kw name="Sleep" library="BuiltIn">
<doc>Pauses the test executed for the given time.</doc>
<arguments>
<arg>${LONGSLEEP}</arg>
</arguments>
<msg timestamp="20240414 15:26:29.461" level="INFO">Slept 5 seconds</msg>
<status status="PASS" starttime="20240414 15:26:24.449" endtime="20240414 15:26:29.461"></status>
</kw>
<kw name="Close Browser" library="Selenium2Library">
<doc>Closes the current browser.</doc>
<status status="PASS" starttime="20240414 15:26:29.462" endtime="20240414 15:26:30.146"></status>
</kw>
<status status="PASS" starttime="20240414 15:26:24.324" endtime="20240414 15:26:30.146"></status>
</kw>
<status status="PASS" starttime="20240414 15:25:37.192" endtime="20240414 15:26:30.146"></status>
</kw>
<kw name="${BROWSER} = chrome" type="foritem">
<kw name="Given Host Is Opened and User Logins" library="common">
<arguments>
<arg>${BROWSER}</arg>
<arg>${HOST}</arg>
</arguments>
<kw name="Open MyFitness" library="common">
<arguments>
<arg>${BROWSER}</arg>
<arg>${HOST}</arg>
</arguments>
<kw name="Open Browser" library="Selenium2Library">
<doc>Opens a new browser instance to the given ``url``.</doc>
<arguments>
<arg>${ENV}</arg>
<arg>${BROWSER}</arg>
</arguments>
<msg timestamp="20240414 15:26:30.150" level="INFO">Opening browser 'chrome' to base url 'https://localhost:44482/'.</msg>
<status status="PASS" starttime="20240414 15:26:30.150" endtime="20240414 15:26:32.525"></status>
</kw>
<kw name="Check Browser" library="common">
<kw name="Wait For Condition" library="Selenium2Library">
<doc>Waits until ``condition`` is true or ``timeout`` expires.</doc>
<arguments>
<arg>return document.readyState=="complete"</arg>
</arguments>
<status status="PASS" starttime="20240414 15:26:32.526" endtime="20240414 15:26:32.646"></status>
</kw>
<status status="PASS" starttime="20240414 15:26:32.525" endtime="20240414 15:26:32.646"></status>
</kw>
<kw name="Maximize Browser Window" library="Selenium2Library">
<doc>Maximizes current browser window.</doc>
<status status="PASS" starttime="20240414 15:26:32.646" endtime="20240414 15:26:32.880"></status>
</kw>
<kw name="Set Selenium Speed" library="Selenium2Library">
<doc>Sets the delay that is waited after each Selenium command.</doc>
<arguments>
<arg>0.1 seconds</arg>
</arguments>
<status status="PASS" starttime="20240414 15:26:32.881" endtime="20240414 15:26:32.881"></status>
</kw>
<kw name="Set Selenium Timeout" library="Selenium2Library">
<doc>Sets the timeout that is used by various keywords.</doc>
<arguments>
<arg>15 seconds</arg>
</arguments>
<status status="PASS" starttime="20240414 15:26:32.882" endtime="20240414 15:26:32.996"></status>
</kw>
<kw name="Check Browser" library="common">
<kw name="Wait For Condition" library="Selenium2Library">
<doc>Waits until ``condition`` is true or ``timeout`` expires.</doc>
<arguments>
<arg>return document.readyState=="complete"</arg>
</arguments>
<status status="PASS" starttime="20240414 15:26:32.998" endtime="20240414 15:26:33.112"></status>
</kw>
<status status="PASS" starttime="20240414 15:26:32.996" endtime="20240414 15:26:33.113"></status>
</kw>
<status status="PASS" starttime="20240414 15:26:30.149" endtime="20240414 15:26:33.113"></status>
</kw>
<kw name="Check Browser" library="common">
<kw name="Wait For Condition" library="Selenium2Library">
<doc>Waits until ``condition`` is true or ``timeout`` expires.</doc>
<arguments>
<arg>return document.readyState=="complete"</arg>
</arguments>
<status status="PASS" starttime="20240414 15:26:33.115" endtime="20240414 15:26:33.228"></status>
</kw>
<status status="PASS" starttime="20240414 15:26:33.114" endtime="20240414 15:26:33.228"></status>
</kw>
<kw name="Check Browser" library="common">
<kw name="Wait For Condition" library="Selenium2Library">
<doc>Waits until ``condition`` is true or ``timeout`` expires.</doc>
<arguments>
<arg>return document.readyState=="complete"</arg>
</arguments>
<status status="PASS" starttime="20240414 15:26:33.229" endtime="20240414 15:26:33.348"></status>
</kw>
<status status="PASS" starttime="20240414 15:26:33.229" endtime="20240414 15:26:33.348"></status>
</kw>
<kw name="Login as User" library="common">
<arguments>
<arg>${BROWSER}</arg>
</arguments>
<kw name="click" library="seleniumLibrary">
<arguments>
<arg>${email}</arg>
</arguments>
<kw name="Click Element" library="Selenium2Library">
<doc>Click element identified by ``locator``.</doc>
<arguments>
<arg>${element}</arg>
</arguments>
<msg timestamp="20240414 15:26:33.349" level="INFO">Clicking element 'id=email'.</msg>
<status status="PASS" starttime="20240414 15:26:33.349" endtime="20240414 15:26:33.612"></status>
</kw>
<status status="PASS" starttime="20240414 15:26:33.349" endtime="20240414 15:26:33.613"></status>
</kw>
<kw name="Run Keyword If" library="BuiltIn">
<doc>Runs the given keyword with the given arguments, if ``condition`` is true.</doc>
<arguments>
<arg>'${BROWSER}' == 'firefox'</arg>
<arg>Type</arg>
<arg>${email}</arg>
<arg>lpz@test.com</arg>
</arguments>
<status status="PASS" starttime="20240414 15:26:33.614" endtime="20240414 15:26:33.616"></status>
</kw>
<kw name="Run Keyword If" library="BuiltIn">
<doc>Runs the given keyword with the given arguments, if ``condition`` is true.</doc>
<arguments>
<arg>'${BROWSER}' == 'chrome'</arg>
<arg>Type</arg>
<arg>${email}</arg>
<arg>lpz@test.com</arg>
</arguments>
<kw name="type" library="seleniumLibrary">
<arguments>
<arg>${email}</arg>
<arg>lpz@test.com</arg>
</arguments>
<kw name="Input Text" library="Selenium2Library">
<doc>Types the given ``text`` into text field identified by ``locator``.</doc>
<arguments>
<arg>${element}</arg>
<arg>${value}</arg>
</arguments>
<msg timestamp="20240414 15:26:33.616" level="INFO">Typing text 'lpz@test.com' into text field 'id=email'.</msg>
<status status="PASS" starttime="20240414 15:26:33.616" endtime="20240414 15:26:34.111"></status>
</kw>
<status status="PASS" starttime="20240414 15:26:33.616" endtime="20240414 15:26:34.112"></status>
</kw>
<status status="PASS" starttime="20240414 15:26:33.616" endtime="20240414 15:26:34.112"></status>
</kw>
<kw name="click" library="seleniumLibrary">
<arguments>
<arg>${password}</arg>
</arguments>
<kw name="Click Element" library="Selenium2Library">
<doc>Click element identified by ``locator``.</doc>
<arguments>
<arg>${element}</arg>
</arguments>
<msg timestamp="20240414 15:26:34.114" level="INFO">Clicking element 'id=password'.</msg>
<status status="PASS" starttime="20240414 15:26:34.114" endtime="20240414 15:26:34.377"></status>
</kw>
<status status="PASS" starttime="20240414 15:26:34.113" endtime="20240414 15:26:34.377"></status>
</kw>
<kw name="Run Keyword If" library="BuiltIn">
<doc>Runs the given keyword with the given arguments, if ``condition`` is true.</doc>
<arguments>
<arg>'${BROWSER}' == 'firefox'</arg>
<arg>Type</arg>
<arg>${password}</arg>
<arg>Password123!</arg>
</arguments>
<status status="PASS" starttime="20240414 15:26:34.377" endtime="20240414 15:26:34.378"></status>
</kw>
<kw name="Run Keyword If" library="BuiltIn">
<doc>Runs the given keyword with the given arguments, if ``condition`` is true.</doc>
<arguments>
<arg>'${BROWSER}' == 'chrome'</arg>
<arg>Type</arg>
<arg>${password}</arg>
<arg>Password123!</arg>
</arguments>
<kw name="type" library="seleniumLibrary">
<arguments>
<arg>${password}</arg>
<arg>Password123!</arg>
</arguments>
<kw name="Input Text" library="Selenium2Library">
<doc>Types the given ``text`` into text field identified by ``locator``.</doc>
<arguments>
<arg>${element}</arg>
<arg>${value}</arg>
</arguments>
<msg timestamp="20240414 15:26:34.379" level="INFO">Typing text 'Password123!' into text field 'id=password'.</msg>
<status status="PASS" starttime="20240414 15:26:34.379" endtime="20240414 15:26:34.824"></status>
</kw>
<status status="PASS" starttime="20240414 15:26:34.379" endtime="20240414 15:26:34.824"></status>
</kw>
<status status="PASS" starttime="20240414 15:26:34.379" endtime="20240414 15:26:34.824"></status>
</kw>
<kw name="click" library="seleniumLibrary">
<arguments>
<arg>${loginBtn}</arg>
</arguments>
<kw name="Click Element" library="Selenium2Library">
<doc>Click element identified by ``locator``.</doc>
<arguments>
<arg>${element}</arg>
</arguments>
<msg timestamp="20240414 15:26:34.824" level="INFO">Clicking element 'xpath=//*[@id="main-container"]/div/div/div/div/form/div/div[3]/button'.</msg>
<status status="PASS" starttime="20240414 15:26:34.824" endtime="20240414 15:26:35.105"></status>
</kw>
<status status="PASS" starttime="20240414 15:26:34.824" endtime="20240414 15:26:35.105"></status>
</kw>
<kw name="Sleep" library="BuiltIn">
<doc>Pauses the test executed for the given time.</doc>
<arguments>
<arg>${LONGPAUSE}</arg>
</arguments>
<msg timestamp="20240414 15:26:50.111" level="INFO">Slept 15 seconds</msg>
<status status="PASS" starttime="20240414 15:26:35.106" endtime="20240414 15:26:50.111"></status>
</kw>
<status status="PASS" starttime="20240414 15:26:33.349" endtime="20240414 15:26:50.112"></status>
</kw>
<kw name="Sleep" library="BuiltIn">
<doc>Pauses the test executed for the given time.</doc>
<arguments>
<arg>${LONGPAUSE}</arg>
</arguments>
<msg timestamp="20240414 15:27:05.115" level="INFO">Slept 15 seconds</msg>
<status status="PASS" starttime="20240414 15:26:50.112" endtime="20240414 15:27:05.115"></status>
</kw>
<status status="PASS" starttime="20240414 15:26:30.146" endtime="20240414 15:27:05.115"></status>
</kw>
<kw name="And Accesses Event via Navmenu" library="EditEvent_Common">
<kw name="click" library="seleniumLibrary">
<arguments>
<arg>${eventMenuIcon}</arg>
</arguments>
<kw name="Click Element" library="Selenium2Library">
<doc>Click element identified by ``locator``.</doc>
<arguments>
<arg>${element}</arg>
</arguments>
<msg timestamp="20240414 15:27:05.115" level="INFO">Clicking element 'link=Events'.</msg>
<status status="PASS" starttime="20240414 15:27:05.115" endtime="20240414 15:27:05.426"></status>
</kw>
<status status="PASS" starttime="20240414 15:27:05.115" endtime="20240414 15:27:05.427"></status>
</kw>
<status status="PASS" starttime="20240414 15:27:05.115" endtime="20240414 15:27:05.427"></status>
</kw>
<kw name="And Organiser edits event" library="EditEvent_Common">
<kw name="click" library="seleniumLibrary">
<arguments>
<arg>${editMenuIcon}</arg>
</arguments>
<kw name="Click Element" library="Selenium2Library">
<doc>Click element identified by ``locator``.</doc>
<arguments>
<arg>${element}</arg>
</arguments>
<msg timestamp="20240414 15:27:05.428" level="INFO">Clicking element 'xpath=/html/body/div[1]/div[2]/div/div/div[2]/div/div/div[3]/div[3]/div/div[1]/div[2]/button'.</msg>
<status status="PASS" starttime="20240414 15:27:05.428" endtime="20240414 15:27:05.736"></status>
</kw>
<status status="PASS" starttime="20240414 15:27:05.427" endtime="20240414 15:27:05.736"></status>
</kw>
<kw name="click" library="seleniumLibrary">
<arguments>
<arg>${editBtn}</arg>
</arguments>
<kw name="Click Element" library="Selenium2Library">
<doc>Click element identified by ``locator``.</doc>
<arguments>
<arg>${element}</arg>
</arguments>
<msg timestamp="20240414 15:27:05.737" level="INFO">Clicking element 'xpath=/html/body/div[5]/div[3]/ul/li'.</msg>
<status status="PASS" starttime="20240414 15:27:05.737" endtime="20240414 15:27:06.073"></status>
</kw>
<status status="PASS" starttime="20240414 15:27:05.736" endtime="20240414 15:27:06.073"></status>
</kw>
<kw name="click" library="seleniumLibrary">
<arguments>
<arg>${capacity}</arg>
</arguments>
<kw name="Click Element" library="Selenium2Library">
<doc>Click element identified by ``locator``.</doc>
<arguments>
<arg>${element}</arg>
</arguments>
<msg timestamp="20240414 15:27:06.075" level="INFO">Clicking element 'id=:r8:'.</msg>
<status status="PASS" starttime="20240414 15:27:06.075" endtime="20240414 15:27:06.370"></status>
</kw>
<status status="PASS" starttime="20240414 15:27:06.074" endtime="20240414 15:27:06.370"></status>
</kw>
<kw name="type" library="seleniumLibrary">
<arguments>
<arg>${capacity}</arg>
<arg>50</arg>
</arguments>
<kw name="Input Text" library="Selenium2Library">
<doc>Types the given ``text`` into text field identified by ``locator``.</doc>
<arguments>
<arg>${element}</arg>
<arg>${value}</arg>
</arguments>
<msg timestamp="20240414 15:27:06.370" level="INFO">Typing text '50' into text field 'id=:r8:'.</msg>
<status status="PASS" starttime="20240414 15:27:06.370" endtime="20240414 15:27:06.808"></status>
</kw>
<status status="PASS" starttime="20240414 15:27:06.370" endtime="20240414 15:27:06.808"></status>
</kw>
<kw name="click" library="seleniumLibrary">
<arguments>
<arg>${description}</arg>
</arguments>
<kw name="Click Element" library="Selenium2Library">
<doc>Click element identified by ``locator``.</doc>
<arguments>
<arg>${element}</arg>
</arguments>
<msg timestamp="20240414 15:27:06.809" level="INFO">Clicking element 'id=:rc:'.</msg>
<status status="PASS" starttime="20240414 15:27:06.809" endtime="20240414 15:27:07.080"></status>
</kw>
<status status="PASS" starttime="20240414 15:27:06.808" endtime="20240414 15:27:07.081"></status>
</kw>
<kw name="type" library="seleniumLibrary">
<arguments>
<arg>${description}</arg>
<arg>for beginners and novice only</arg>
</arguments>
<kw name="Input Text" library="Selenium2Library">
<doc>Types the given ``text`` into text field identified by ``locator``.</doc>
<arguments>
<arg>${element}</arg>
<arg>${value}</arg>
</arguments>
<msg timestamp="20240414 15:27:07.082" level="INFO">Typing text 'for beginners and novice only' into text field 'id=:rc:'.</msg>
<status status="PASS" starttime="20240414 15:27:07.082" endtime="20240414 15:27:07.762"></status>
</kw>
<status status="PASS" starttime="20240414 15:27:07.081" endtime="20240414 15:27:07.763"></status>
</kw>
<kw name="click" library="seleniumLibrary">
<arguments>
<arg>${saveBtn}</arg>
</arguments>
<kw name="Click Element" library="Selenium2Library">
<doc>Click element identified by ``locator``.</doc>
<arguments>
<arg>${element}</arg>
</arguments>
<msg timestamp="20240414 15:27:07.765" level="INFO">Clicking element 'xpath=//*[@id="content-container"]/div/form/div/div[10]/button[2]'.</msg>
<status status="PASS" starttime="20240414 15:27:07.764" endtime="20240414 15:27:08.044"></status>
</kw>
<status status="PASS" starttime="20240414 15:27:07.763" endtime="20240414 15:27:08.044"></status>
</kw>
<kw name="Sleep" library="BuiltIn">
<doc>Pauses the test executed for the given time.</doc>
<arguments>
<arg>${LONGSLEEP}</arg>
</arguments>
<msg timestamp="20240414 15:27:13.046" level="INFO">Slept 5 seconds</msg>
<status status="PASS" starttime="20240414 15:27:08.044" endtime="20240414 15:27:13.046"></status>
</kw>
<status status="PASS" starttime="20240414 15:27:05.427" endtime="20240414 15:27:13.046"></status>
</kw>
<kw name="And Exit MyFitness" library="common">
<kw name="Go Page Top" library="common">
<kw name="Execute Javascript" library="Selenium2Library">
<doc>Executes the given JavaScript code.</doc>
<arguments>
<arg>window.scrollTo(0, 0);</arg>
</arguments>
<msg timestamp="20240414 15:27:13.046" level="INFO">Executing JavaScript:
window.scrollTo(0, 0);</msg>
<status status="PASS" starttime="20240414 15:27:13.046" endtime="20240414 15:27:13.165"></status>
</kw>
<status status="PASS" starttime="20240414 15:27:13.046" endtime="20240414 15:27:13.165"></status>
</kw>
<kw name="Sleep" library="BuiltIn">
<doc>Pauses the test executed for the given time.</doc>
<arguments>
<arg>${LONGSLEEP}</arg>
</arguments>
<msg timestamp="20240414 15:27:18.179" level="INFO">Slept 5 seconds</msg>
<status status="PASS" starttime="20240414 15:27:13.165" endtime="20240414 15:27:18.180"></status>
</kw>
<kw name="Close Browser" library="Selenium2Library">
<doc>Closes the current browser.</doc>
<status status="PASS" starttime="20240414 15:27:18.180" endtime="20240414 15:27:20.362"></status>
</kw>
<status status="PASS" starttime="20240414 15:27:13.046" endtime="20240414 15:27:20.362"></status>
</kw>
<status status="PASS" starttime="20240414 15:26:30.146" endtime="20240414 15:27:20.362"></status>
</kw>
<status status="PASS" starttime="20240414 15:25:37.192" endtime="20240414 15:27:20.362"></status>
</kw>
<status status="PASS" starttime="20240414 15:25:37.192" endtime="20240414 15:27:20.364" critical="yes"></status>
</test>
<doc>A test suite to Edit Event based on parameters provided.</doc>
<status status="PASS" starttime="20240414 15:25:37.022" endtime="20240414 15:27:20.364"></status>
</suite>
<statistics>
<total>
<stat pass="1" fail="0">Critical Tests</stat>
<stat pass="1" fail="0">All Tests</stat>
</total>
<tag>
</tag>
<suite>
<stat pass="1" fail="0" id="s1" name="EditEvent">EditEvent</stat>
</suite>
</statistics>
<errors>
</errors>
</robot>
