<?xml version="1.0" encoding="UTF-8"?>
<robot generator="Robot 2.9 (Python 3.7.3 on win32)" generated="20240414 16:46:20.655">
<suite id="s1" name="RegisterEvent" source="C:\Users\PEIZHENNIE\source\repos\SWE5006_Team18_myFitness\myFitness\RobotFramework\Scripts\Event\Tests\RegisterEvent.robot">
<test id="s1-t1" name="As a Participant, I want to Register for Event">
<kw name="${BROWSER} IN [ @{BROWSERLIST} ]" type="for">
<kw name="${BROWSER} = chrome" type="foritem">
<kw name="Given Host Is Opened and User Logins" library="common">
<arguments>
<arg>${BROWSER}</arg>
<arg>${HOST}</arg>
</arguments>
<kw name="Open MyFitness" library="common">
<arguments>
<arg>${BROWSER}</arg>
<arg>${HOST}</arg>
</arguments>
<kw name="Open Browser" library="Selenium2Library">
<doc>Opens a new browser instance to the given ``url``.</doc>
<arguments>
<arg>${ENV}</arg>
<arg>${BROWSER}</arg>
</arguments>
<msg timestamp="20240414 16:46:20.919" level="INFO">Opening browser 'chrome' to base url 'https://localhost:44482/'.</msg>
<status status="PASS" starttime="20240414 16:46:20.919" endtime="20240414 16:46:24.015"></status>
</kw>
<kw name="Check Browser" library="common">
<kw name="Wait For Condition" library="Selenium2Library">
<doc>Waits until ``condition`` is true or ``timeout`` expires.</doc>
<arguments>
<arg>return document.readyState=="complete"</arg>
</arguments>
<status status="PASS" starttime="20240414 16:46:24.018" endtime="20240414 16:46:24.028"></status>
</kw>
<status status="PASS" starttime="20240414 16:46:24.016" endtime="20240414 16:46:24.028"></status>
</kw>
<kw name="Maximize Browser Window" library="Selenium2Library">
<doc>Maximizes current browser window.</doc>
<status status="PASS" starttime="20240414 16:46:24.028" endtime="20240414 16:46:24.148"></status>
</kw>
<kw name="Set Selenium Speed" library="Selenium2Library">
<doc>Sets the delay that is waited after each Selenium command.</doc>
<arguments>
<arg>0.1 seconds</arg>
</arguments>
<status status="PASS" starttime="20240414 16:46:24.148" endtime="20240414 16:46:24.148"></status>
</kw>
<kw name="Set Selenium Timeout" library="Selenium2Library">
<doc>Sets the timeout that is used by various keywords.</doc>
<arguments>
<arg>15 seconds</arg>
</arguments>
<status status="PASS" starttime="20240414 16:46:24.148" endtime="20240414 16:46:24.263"></status>
</kw>
<kw name="Check Browser" library="common">
<kw name="Wait For Condition" library="Selenium2Library">
<doc>Waits until ``condition`` is true or ``timeout`` expires.</doc>
<arguments>
<arg>return document.readyState=="complete"</arg>
</arguments>
<status status="PASS" starttime="20240414 16:46:24.263" endtime="20240414 16:46:24.372"></status>
</kw>
<status status="PASS" starttime="20240414 16:46:24.263" endtime="20240414 16:46:24.372"></status>
</kw>
<status status="PASS" starttime="20240414 16:46:20.915" endtime="20240414 16:46:24.372"></status>
</kw>
<kw name="Check Browser" library="common">
<kw name="Wait For Condition" library="Selenium2Library">
<doc>Waits until ``condition`` is true or ``timeout`` expires.</doc>
<arguments>
<arg>return document.readyState=="complete"</arg>
</arguments>
<status status="PASS" starttime="20240414 16:46:24.372" endtime="20240414 16:46:24.495"></status>
</kw>
<status status="PASS" starttime="20240414 16:46:24.372" endtime="20240414 16:46:24.495"></status>
</kw>
<kw name="Check Browser" library="common">
<kw name="Wait For Condition" library="Selenium2Library">
<doc>Waits until ``condition`` is true or ``timeout`` expires.</doc>
<arguments>
<arg>return document.readyState=="complete"</arg>
</arguments>
<status status="PASS" starttime="20240414 16:46:24.495" endtime="20240414 16:46:24.605"></status>
</kw>
<status status="PASS" starttime="20240414 16:46:24.495" endtime="20240414 16:46:24.605"></status>
</kw>
<kw name="Login as User" library="common">
<arguments>
<arg>${BROWSER}</arg>
</arguments>
<kw name="click" library="seleniumLibrary">
<arguments>
<arg>${email}</arg>
</arguments>
<kw name="Click Element" library="Selenium2Library">
<doc>Click element identified by ``locator``.</doc>
<arguments>
<arg>${element}</arg>
</arguments>
<msg timestamp="20240414 16:46:24.610" level="INFO">Clicking element 'id=email'.</msg>
<status status="PASS" starttime="20240414 16:46:24.605" endtime="20240414 16:46:24.945"></status>
</kw>
<status status="PASS" starttime="20240414 16:46:24.605" endtime="20240414 16:46:24.945"></status>
</kw>
<kw name="Run Keyword If" library="BuiltIn">
<doc>Runs the given keyword with the given arguments, if ``condition`` is true.</doc>
<arguments>
<arg>'${BROWSER}' == 'firefox'</arg>
<arg>Type</arg>
<arg>${email}</arg>
<arg>lpz@test.com</arg>
</arguments>
<status status="PASS" starttime="20240414 16:46:24.945" endtime="20240414 16:46:24.950"></status>
</kw>
<kw name="Run Keyword If" library="BuiltIn">
<doc>Runs the given keyword with the given arguments, if ``condition`` is true.</doc>
<arguments>
<arg>'${BROWSER}' == 'chrome'</arg>
<arg>Type</arg>
<arg>${email}</arg>
<arg>lpz@test.com</arg>
</arguments>
<kw name="type" library="seleniumLibrary">
<arguments>
<arg>${email}</arg>
<arg>lpz@test.com</arg>
</arguments>
<kw name="Input Text" library="Selenium2Library">
<doc>Types the given ``text`` into text field identified by ``locator``.</doc>
<arguments>
<arg>${element}</arg>
<arg>${value}</arg>
</arguments>
<msg timestamp="20240414 16:46:24.950" level="INFO">Typing text 'lpz@test.com' into text field 'id=email'.</msg>
<status status="PASS" starttime="20240414 16:46:24.950" endtime="20240414 16:46:25.609"></status>
</kw>
<status status="PASS" starttime="20240414 16:46:24.950" endtime="20240414 16:46:25.609"></status>
</kw>
<status status="PASS" starttime="20240414 16:46:24.950" endtime="20240414 16:46:25.609"></status>
</kw>
<kw name="click" library="seleniumLibrary">
<arguments>
<arg>${password}</arg>
</arguments>
<kw name="Click Element" library="Selenium2Library">
<doc>Click element identified by ``locator``.</doc>
<arguments>
<arg>${element}</arg>
</arguments>
<msg timestamp="20240414 16:46:25.609" level="INFO">Clicking element 'id=password'.</msg>
<status status="PASS" starttime="20240414 16:46:25.609" endtime="20240414 16:46:26.002"></status>
</kw>
<status status="PASS" starttime="20240414 16:46:25.609" endtime="20240414 16:46:26.002"></status>
</kw>
<kw name="Run Keyword If" library="BuiltIn">
<doc>Runs the given keyword with the given arguments, if ``condition`` is true.</doc>
<arguments>
<arg>'${BROWSER}' == 'firefox'</arg>
<arg>Type</arg>
<arg>${password}</arg>
<arg>Password123!</arg>
</arguments>
<status status="PASS" starttime="20240414 16:46:26.002" endtime="20240414 16:46:26.005"></status>
</kw>
<kw name="Run Keyword If" library="BuiltIn">
<doc>Runs the given keyword with the given arguments, if ``condition`` is true.</doc>
<arguments>
<arg>'${BROWSER}' == 'chrome'</arg>
<arg>Type</arg>
<arg>${password}</arg>
<arg>Password123!</arg>
</arguments>
<kw name="type" library="seleniumLibrary">
<arguments>
<arg>${password}</arg>
<arg>Password123!</arg>
</arguments>
<kw name="Input Text" library="Selenium2Library">
<doc>Types the given ``text`` into text field identified by ``locator``.</doc>
<arguments>
<arg>${element}</arg>
<arg>${value}</arg>
</arguments>
<msg timestamp="20240414 16:46:26.005" level="INFO">Typing text 'Password123!' into text field 'id=password'.</msg>
<status status="PASS" starttime="20240414 16:46:26.005" endtime="20240414 16:46:26.565"></status>
</kw>
<status status="PASS" starttime="20240414 16:46:26.005" endtime="20240414 16:46:26.565"></status>
</kw>
<status status="PASS" starttime="20240414 16:46:26.005" endtime="20240414 16:46:26.565"></status>
</kw>
<kw name="click" library="seleniumLibrary">
<arguments>
<arg>${loginBtn}</arg>
</arguments>
<kw name="Click Element" library="Selenium2Library">
<doc>Click element identified by ``locator``.</doc>
<arguments>
<arg>${element}</arg>
</arguments>
<msg timestamp="20240414 16:46:26.565" level="INFO">Clicking element 'xpath=//*[@id="main-container"]/div/div/div/div/form/div/div[3]/button'.</msg>
<status status="PASS" starttime="20240414 16:46:26.565" endtime="20240414 16:46:26.915"></status>
</kw>
<status status="PASS" starttime="20240414 16:46:26.565" endtime="20240414 16:46:26.917"></status>
</kw>
<kw name="Sleep" library="BuiltIn">
<doc>Pauses the test executed for the given time.</doc>
<arguments>
<arg>${LONGPAUSE}</arg>
</arguments>
<msg timestamp="20240414 16:46:41.920" level="INFO">Slept 15 seconds</msg>
<status status="PASS" starttime="20240414 16:46:26.917" endtime="20240414 16:46:41.920"></status>
</kw>
<status status="PASS" starttime="20240414 16:46:24.605" endtime="20240414 16:46:41.920"></status>
</kw>
<kw name="Sleep" library="BuiltIn">
<doc>Pauses the test executed for the given time.</doc>
<arguments>
<arg>${LONGPAUSE}</arg>
</arguments>
<msg timestamp="20240414 16:46:56.930" level="INFO">Slept 15 seconds</msg>
<status status="PASS" starttime="20240414 16:46:41.920" endtime="20240414 16:46:56.930"></status>
</kw>
<status status="PASS" starttime="20240414 16:46:20.911" endtime="20240414 16:46:56.932"></status>
</kw>
<kw name="And Accesses Event via Navmenu" library="RegisterEvent_Common">
<kw name="click" library="seleniumLibrary">
<arguments>
<arg>${eventMenuIcon}</arg>
</arguments>
<kw name="Click Element" library="Selenium2Library">
<doc>Click element identified by ``locator``.</doc>
<arguments>
<arg>${element}</arg>
</arguments>
<msg timestamp="20240414 16:46:56.935" level="INFO">Clicking element 'link=Events'.</msg>
<status status="PASS" starttime="20240414 16:46:56.935" endtime="20240414 16:46:57.340"></status>
</kw>
<status status="PASS" starttime="20240414 16:46:56.932" endtime="20240414 16:46:57.340"></status>
</kw>
<status status="PASS" starttime="20240414 16:46:56.932" endtime="20240414 16:46:57.340"></status>
</kw>
<kw name="And Participant register for event" library="RegisterEvent_Common">
<arguments>
<arg>${BROWSER}</arg>
</arguments>
<kw name="Run Keyword If" library="BuiltIn">
<doc>Runs the given keyword with the given arguments, if ``condition`` is true.</doc>
<arguments>
<arg>'${BROWSER}' == 'firefox'</arg>
<arg>Click</arg>
<arg>${registerMenuBtnFirst}</arg>
</arguments>
<status status="PASS" starttime="20240414 16:46:57.340" endtime="20240414 16:46:57.345"></status>
</kw>
<kw name="Run Keyword If" library="BuiltIn">
<doc>Runs the given keyword with the given arguments, if ``condition`` is true.</doc>
<arguments>
<arg>'${BROWSER}' == 'chrome'</arg>
<arg>Click</arg>
<arg>${registerMenuBtnSecond}</arg>
</arguments>
<kw name="click" library="seleniumLibrary">
<arguments>
<arg>${registerMenuBtnSecond}</arg>
</arguments>
<kw name="Click Element" library="Selenium2Library">
<doc>Click element identified by ``locator``.</doc>
<arguments>
<arg>${element}</arg>
</arguments>
<msg timestamp="20240414 16:46:57.348" level="INFO">Clicking element 'xpath=//*[@id="content-container"]/div/div[3]/div[5]/div/div[1]/div[2]/button'.</msg>
<status status="PASS" starttime="20240414 16:46:57.348" endtime="20240414 16:46:57.748"></status>
</kw>
<status status="PASS" starttime="20240414 16:46:57.348" endtime="20240414 16:46:57.751"></status>
</kw>
<status status="PASS" starttime="20240414 16:46:57.345" endtime="20240414 16:46:57.752"></status>
</kw>
<kw name="Run Keyword If" library="BuiltIn">
<doc>Runs the given keyword with the given arguments, if ``condition`` is true.</doc>
<arguments>
<arg>'${BROWSER}' == 'firefox'</arg>
<arg>Click</arg>
<arg>${registerBtnFirst}</arg>
</arguments>
<status status="PASS" starttime="20240414 16:46:57.752" endtime="20240414 16:46:57.755"></status>
</kw>
<kw name="Run Keyword If" library="BuiltIn">
<doc>Runs the given keyword with the given arguments, if ``condition`` is true.</doc>
<arguments>
<arg>'${BROWSER}' == 'chrome'</arg>
<arg>Click</arg>
<arg>${registerBtnSecond}</arg>
</arguments>
<kw name="click" library="seleniumLibrary">
<arguments>
<arg>${registerBtnSecond}</arg>
</arguments>
<kw name="Click Element" library="Selenium2Library">
<doc>Click element identified by ``locator``.</doc>
<arguments>
<arg>${element}</arg>
</arguments>
<msg timestamp="20240414 16:46:57.755" level="INFO">Clicking element 'xpath=//*[@id="event-menu-661b723b83719ce86e211937"]/div[3]/ul/li'.</msg>
<status status="PASS" starttime="20240414 16:46:57.755" endtime="20240414 16:46:58.164"></status>
</kw>
<status status="PASS" starttime="20240414 16:46:57.755" endtime="20240414 16:46:58.165"></status>
</kw>
<status status="PASS" starttime="20240414 16:46:57.755" endtime="20240414 16:46:58.165"></status>
</kw>
<kw name="click" library="seleniumLibrary">
<arguments>
<arg>${termCheckboxFirst}</arg>
</arguments>
<kw name="Click Element" library="Selenium2Library">
<doc>Click element identified by ``locator``.</doc>
<arguments>
<arg>${element}</arg>
</arguments>
<msg timestamp="20240414 16:46:58.169" level="INFO">Clicking element 'xpath=/html/body/div[8]/div[3]/form/fieldset/div/label[1]/span/input'.</msg>
<status status="PASS" starttime="20240414 16:46:58.165" endtime="20240414 16:46:58.479"></status>
</kw>
<status status="PASS" starttime="20240414 16:46:58.165" endtime="20240414 16:46:58.479"></status>
</kw>
<kw name="click" library="seleniumLibrary">
<arguments>
<arg>${termCheckboxSecond}</arg>
</arguments>
<kw name="Click Element" library="Selenium2Library">
<doc>Click element identified by ``locator``.</doc>
<arguments>
<arg>${element}</arg>
</arguments>
<msg timestamp="20240414 16:46:58.485" level="INFO">Clicking element 'xpath=/html/body/div[8]/div[3]/form/fieldset/div/label[2]/span/input'.</msg>
<status status="PASS" starttime="20240414 16:46:58.485" endtime="20240414 16:46:58.812"></status>
</kw>
<status status="PASS" starttime="20240414 16:46:58.482" endtime="20240414 16:46:58.812"></status>
</kw>
<kw name="click" library="seleniumLibrary">
<arguments>
<arg>${registerBtn}</arg>
</arguments>
<kw name="Click Element" library="Selenium2Library">
<doc>Click element identified by ``locator``.</doc>
<arguments>
<arg>${element}</arg>
</arguments>
<msg timestamp="20240414 16:46:58.816" level="INFO">Clicking element 'xpath=/html/body/div[8]/div[3]/form/div/button[2]'.</msg>
<status status="PASS" starttime="20240414 16:46:58.816" endtime="20240414 16:46:59.165"></status>
</kw>
<status status="PASS" starttime="20240414 16:46:58.812" endtime="20240414 16:46:59.165"></status>
</kw>
<kw name="Sleep" library="BuiltIn">
<doc>Pauses the test executed for the given time.</doc>
<arguments>
<arg>${LONGSLEEP}</arg>
</arguments>
<msg timestamp="20240414 16:47:04.179" level="INFO">Slept 5 seconds</msg>
<status status="PASS" starttime="20240414 16:46:59.170" endtime="20240414 16:47:04.179"></status>
</kw>
<status status="PASS" starttime="20240414 16:46:57.340" endtime="20240414 16:47:04.179"></status>
</kw>
<kw name="And Exit MyFitness" library="common">
<kw name="Go Page Top" library="common">
<kw name="Execute Javascript" library="Selenium2Library">
<doc>Executes the given JavaScript code.</doc>
<arguments>
<arg>window.scrollTo(0, 0);</arg>
</arguments>
<msg timestamp="20240414 16:47:04.182" level="INFO">Executing JavaScript:
window.scrollTo(0, 0);</msg>
<status status="PASS" starttime="20240414 16:47:04.182" endtime="20240414 16:47:04.296"></status>
</kw>
<status status="PASS" starttime="20240414 16:47:04.181" endtime="20240414 16:47:04.296"></status>
</kw>
<kw name="Sleep" library="BuiltIn">
<doc>Pauses the test executed for the given time.</doc>
<arguments>
<arg>${LONGSLEEP}</arg>
</arguments>
<msg timestamp="20240414 16:47:09.313" level="INFO">Slept 5 seconds</msg>
<status status="PASS" starttime="20240414 16:47:04.296" endtime="20240414 16:47:09.313"></status>
</kw>
<kw name="Close Browser" library="Selenium2Library">
<doc>Closes the current browser.</doc>
<status status="PASS" starttime="20240414 16:47:09.315" endtime="20240414 16:47:11.566"></status>
</kw>
<status status="PASS" starttime="20240414 16:47:04.179" endtime="20240414 16:47:11.566"></status>
</kw>
<status status="PASS" starttime="20240414 16:46:20.911" endtime="20240414 16:47:11.566"></status>
</kw>
<kw name="${BROWSER} = firefox" type="foritem">
<kw name="Given Host Is Opened and User Logins" library="common">
<arguments>
<arg>${BROWSER}</arg>
<arg>${HOST}</arg>
</arguments>
<kw name="Open MyFitness" library="common">
<arguments>
<arg>${BROWSER}</arg>
<arg>${HOST}</arg>
</arguments>
<kw name="Open Browser" library="Selenium2Library">
<doc>Opens a new browser instance to the given ``url``.</doc>
<arguments>
<arg>${ENV}</arg>
<arg>${BROWSER}</arg>
</arguments>
<msg timestamp="20240414 16:47:11.566" level="INFO">Opening browser 'firefox' to base url 'https://localhost:44482/'.</msg>
<status status="PASS" starttime="20240414 16:47:11.566" endtime="20240414 16:47:18.775"></status>
</kw>
<kw name="Check Browser" library="common">
<kw name="Wait For Condition" library="Selenium2Library">
<doc>Waits until ``condition`` is true or ``timeout`` expires.</doc>
<arguments>
<arg>return document.readyState=="complete"</arg>
</arguments>
<status status="PASS" starttime="20240414 16:47:18.775" endtime="20240414 16:47:18.895"></status>
</kw>
<status status="PASS" starttime="20240414 16:47:18.775" endtime="20240414 16:47:18.895"></status>
</kw>
<kw name="Maximize Browser Window" library="Selenium2Library">
<doc>Maximizes current browser window.</doc>
<status status="PASS" starttime="20240414 16:47:18.895" endtime="20240414 16:47:19.010"></status>
</kw>
<kw name="Set Selenium Speed" library="Selenium2Library">
<doc>Sets the delay that is waited after each Selenium command.</doc>
<arguments>
<arg>0.1 seconds</arg>
</arguments>
<status status="PASS" starttime="20240414 16:47:19.010" endtime="20240414 16:47:19.010"></status>
</kw>
<kw name="Set Selenium Timeout" library="Selenium2Library">
<doc>Sets the timeout that is used by various keywords.</doc>
<arguments>
<arg>15 seconds</arg>
</arguments>
<status status="PASS" starttime="20240414 16:47:19.010" endtime="20240414 16:47:19.125"></status>
</kw>
<kw name="Check Browser" library="common">
<kw name="Wait For Condition" library="Selenium2Library">
<doc>Waits until ``condition`` is true or ``timeout`` expires.</doc>
<arguments>
<arg>return document.readyState=="complete"</arg>
</arguments>
<status status="PASS" starttime="20240414 16:47:19.125" endtime="20240414 16:47:19.233"></status>
</kw>
<status status="PASS" starttime="20240414 16:47:19.125" endtime="20240414 16:47:19.233"></status>
</kw>
<status status="PASS" starttime="20240414 16:47:11.566" endtime="20240414 16:47:19.235"></status>
</kw>
<kw name="Check Browser" library="common">
<kw name="Wait For Condition" library="Selenium2Library">
<doc>Waits until ``condition`` is true or ``timeout`` expires.</doc>
<arguments>
<arg>return document.readyState=="complete"</arg>
</arguments>
<status status="PASS" starttime="20240414 16:47:19.237" endtime="20240414 16:47:19.345"></status>
</kw>
<status status="PASS" starttime="20240414 16:47:19.237" endtime="20240414 16:47:19.345"></status>
</kw>
<kw name="Check Browser" library="common">
<kw name="Wait For Condition" library="Selenium2Library">
<doc>Waits until ``condition`` is true or ``timeout`` expires.</doc>
<arguments>
<arg>return document.readyState=="complete"</arg>
</arguments>
<status status="PASS" starttime="20240414 16:47:19.345" endtime="20240414 16:47:19.468"></status>
</kw>
<status status="PASS" starttime="20240414 16:47:19.345" endtime="20240414 16:47:19.468"></status>
</kw>
<kw name="Login as User" library="common">
<arguments>
<arg>${BROWSER}</arg>
</arguments>
<kw name="click" library="seleniumLibrary">
<arguments>
<arg>${email}</arg>
</arguments>
<kw name="Click Element" library="Selenium2Library">
<doc>Click element identified by ``locator``.</doc>
<arguments>
<arg>${element}</arg>
</arguments>
<msg timestamp="20240414 16:47:19.468" level="INFO">Clicking element 'id=email'.</msg>
<status status="PASS" starttime="20240414 16:47:19.468" endtime="20240414 16:47:19.982"></status>
</kw>
<status status="PASS" starttime="20240414 16:47:19.468" endtime="20240414 16:47:19.983"></status>
</kw>
<kw name="Run Keyword If" library="BuiltIn">
<doc>Runs the given keyword with the given arguments, if ``condition`` is true.</doc>
<arguments>
<arg>'${BROWSER}' == 'firefox'</arg>
<arg>Type</arg>
<arg>${email}</arg>
<arg>lpz@test.com</arg>
</arguments>
<kw name="type" library="seleniumLibrary">
<arguments>
<arg>${email}</arg>
<arg>lpz@test.com</arg>
</arguments>
<kw name="Input Text" library="Selenium2Library">
<doc>Types the given ``text`` into text field identified by ``locator``.</doc>
<arguments>
<arg>${element}</arg>
<arg>${value}</arg>
</arguments>
<msg timestamp="20240414 16:47:19.986" level="INFO">Typing text 'lpz@test.com' into text field 'id=email'.</msg>
<status status="PASS" starttime="20240414 16:47:19.986" endtime="20240414 16:47:20.482"></status>
</kw>
<status status="PASS" starttime="20240414 16:47:19.986" endtime="20240414 16:47:20.482"></status>
</kw>
<status status="PASS" starttime="20240414 16:47:19.984" endtime="20240414 16:47:20.482"></status>
</kw>
<kw name="Run Keyword If" library="BuiltIn">
<doc>Runs the given keyword with the given arguments, if ``condition`` is true.</doc>
<arguments>
<arg>'${BROWSER}' == 'chrome'</arg>
<arg>Type</arg>
<arg>${email}</arg>
<arg>lpz@test.com</arg>
</arguments>
<status status="PASS" starttime="20240414 16:47:20.482" endtime="20240414 16:47:20.486"></status>
</kw>
<kw name="click" library="seleniumLibrary">
<arguments>
<arg>${password}</arg>
</arguments>
<kw name="Click Element" library="Selenium2Library">
<doc>Click element identified by ``locator``.</doc>
<arguments>
<arg>${element}</arg>
</arguments>
<msg timestamp="20240414 16:47:20.486" level="INFO">Clicking element 'id=password'.</msg>
<status status="PASS" starttime="20240414 16:47:20.486" endtime="20240414 16:47:20.965"></status>
</kw>
<status status="PASS" starttime="20240414 16:47:20.486" endtime="20240414 16:47:20.965"></status>
</kw>
<kw name="Run Keyword If" library="BuiltIn">
<doc>Runs the given keyword with the given arguments, if ``condition`` is true.</doc>
<arguments>
<arg>'${BROWSER}' == 'firefox'</arg>
<arg>Type</arg>
<arg>${password}</arg>
<arg>Password123!</arg>
</arguments>
<kw name="type" library="seleniumLibrary">
<arguments>
<arg>${password}</arg>
<arg>Password123!</arg>
</arguments>
<kw name="Input Text" library="Selenium2Library">
<doc>Types the given ``text`` into text field identified by ``locator``.</doc>
<arguments>
<arg>${element}</arg>
<arg>${value}</arg>
</arguments>
<msg timestamp="20240414 16:47:20.969" level="INFO">Typing text 'Password123!' into text field 'id=password'.</msg>
<status status="PASS" starttime="20240414 16:47:20.969" endtime="20240414 16:47:21.505"></status>
</kw>
<status status="PASS" starttime="20240414 16:47:20.969" endtime="20240414 16:47:21.505"></status>
</kw>
<status status="PASS" starttime="20240414 16:47:20.965" endtime="20240414 16:47:21.507"></status>
</kw>
<kw name="Run Keyword If" library="BuiltIn">
<doc>Runs the given keyword with the given arguments, if ``condition`` is true.</doc>
<arguments>
<arg>'${BROWSER}' == 'chrome'</arg>
<arg>Type</arg>
<arg>${password}</arg>
<arg>Password123!</arg>
</arguments>
<status status="PASS" starttime="20240414 16:47:21.507" endtime="20240414 16:47:21.507"></status>
</kw>
<kw name="click" library="seleniumLibrary">
<arguments>
<arg>${loginBtn}</arg>
</arguments>
<kw name="Click Element" library="Selenium2Library">
<doc>Click element identified by ``locator``.</doc>
<arguments>
<arg>${element}</arg>
</arguments>
<msg timestamp="20240414 16:47:21.510" level="INFO">Clicking element 'xpath=//*[@id="main-container"]/div/div/div/div/form/div/div[3]/button'.</msg>
<status status="PASS" starttime="20240414 16:47:21.507" endtime="20240414 16:47:21.981"></status>
</kw>
<status status="PASS" starttime="20240414 16:47:21.507" endtime="20240414 16:47:21.982"></status>
</kw>
<kw name="Sleep" library="BuiltIn">
<doc>Pauses the test executed for the given time.</doc>
<arguments>
<arg>${LONGPAUSE}</arg>
</arguments>
<msg timestamp="20240414 16:47:36.997" level="INFO">Slept 15 seconds</msg>
<status status="PASS" starttime="20240414 16:47:21.982" endtime="20240414 16:47:36.998"></status>
</kw>
<status status="PASS" starttime="20240414 16:47:19.468" endtime="20240414 16:47:36.998"></status>
</kw>
<kw name="Sleep" library="BuiltIn">
<doc>Pauses the test executed for the given time.</doc>
<arguments>
<arg>${LONGPAUSE}</arg>
</arguments>
<msg timestamp="20240414 16:47:52.003" level="INFO">Slept 15 seconds</msg>
<status status="PASS" starttime="20240414 16:47:36.998" endtime="20240414 16:47:52.006"></status>
</kw>
<status status="PASS" starttime="20240414 16:47:11.566" endtime="20240414 16:47:52.007"></status>
</kw>
<kw name="And Accesses Event via Navmenu" library="RegisterEvent_Common">
<kw name="click" library="seleniumLibrary">
<arguments>
<arg>${eventMenuIcon}</arg>
</arguments>
<kw name="Click Element" library="Selenium2Library">
<doc>Click element identified by ``locator``.</doc>
<arguments>
<arg>${element}</arg>
</arguments>
<msg timestamp="20240414 16:47:52.007" level="INFO">Clicking element 'link=Events'.</msg>
<status status="PASS" starttime="20240414 16:47:52.007" endtime="20240414 16:47:52.949"></status>
</kw>
<status status="PASS" starttime="20240414 16:47:52.007" endtime="20240414 16:47:52.949"></status>
</kw>
<status status="PASS" starttime="20240414 16:47:52.007" endtime="20240414 16:47:52.949"></status>
</kw>
<kw name="And Participant register for event" library="RegisterEvent_Common">
<arguments>
<arg>${BROWSER}</arg>
</arguments>
<kw name="Run Keyword If" library="BuiltIn">
<doc>Runs the given keyword with the given arguments, if ``condition`` is true.</doc>
<arguments>
<arg>'${BROWSER}' == 'firefox'</arg>
<arg>Click</arg>
<arg>${registerMenuBtnFirst}</arg>
</arguments>
<kw name="click" library="seleniumLibrary">
<arguments>
<arg>${registerMenuBtnFirst}</arg>
</arguments>
<kw name="Click Element" library="Selenium2Library">
<doc>Click element identified by ``locator``.</doc>
<arguments>
<arg>${element}</arg>
</arguments>
<msg timestamp="20240414 16:47:52.955" level="INFO">Clicking element 'xpath=//*[@id="content-container"]/div/div[3]/div[2]/div/div[1]/div[2]/button'.</msg>
<status status="PASS" starttime="20240414 16:47:52.955" endtime="20240414 16:47:53.445"></status>
</kw>
<status status="PASS" starttime="20240414 16:47:52.952" endtime="20240414 16:47:53.445"></status>
</kw>
<status status="PASS" starttime="20240414 16:47:52.949" endtime="20240414 16:47:53.445"></status>
</kw>
<kw name="Run Keyword If" library="BuiltIn">
<doc>Runs the given keyword with the given arguments, if ``condition`` is true.</doc>
<arguments>
<arg>'${BROWSER}' == 'chrome'</arg>
<arg>Click</arg>
<arg>${registerMenuBtnSecond}</arg>
</arguments>
<status status="PASS" starttime="20240414 16:47:53.445" endtime="20240414 16:47:53.445"></status>
</kw>
<kw name="Run Keyword If" library="BuiltIn">
<doc>Runs the given keyword with the given arguments, if ``condition`` is true.</doc>
<arguments>
<arg>'${BROWSER}' == 'firefox'</arg>
<arg>Click</arg>
<arg>${registerBtnFirst}</arg>
</arguments>
<kw name="click" library="seleniumLibrary">
<arguments>
<arg>${registerBtnFirst}</arg>
</arguments>
<kw name="Click Element" library="Selenium2Library">
<doc>Click element identified by ``locator``.</doc>
<arguments>
<arg>${element}</arg>
</arguments>
<msg timestamp="20240414 16:47:53.452" level="INFO">Clicking element 'xpath=//*[@id="event-menu-661aa3a3366d4a15082bad19"]/div[3]/ul/li'.</msg>
<status status="PASS" starttime="20240414 16:47:53.452" endtime="20240414 16:47:53.993"></status>
</kw>
<status status="PASS" starttime="20240414 16:47:53.450" endtime="20240414 16:47:53.993"></status>
</kw>
<status status="PASS" starttime="20240414 16:47:53.450" endtime="20240414 16:47:53.994"></status>
</kw>
<kw name="Run Keyword If" library="BuiltIn">
<doc>Runs the given keyword with the given arguments, if ``condition`` is true.</doc>
<arguments>
<arg>'${BROWSER}' == 'chrome'</arg>
<arg>Click</arg>
<arg>${registerBtnSecond}</arg>
</arguments>
<status status="PASS" starttime="20240414 16:47:53.994" endtime="20240414 16:47:53.996"></status>
</kw>
<kw name="click" library="seleniumLibrary">
<arguments>
<arg>${termCheckboxFirst}</arg>
</arguments>
<kw name="Click Element" library="Selenium2Library">
<doc>Click element identified by ``locator``.</doc>
<arguments>
<arg>${element}</arg>
</arguments>
<msg timestamp="20240414 16:47:53.998" level="INFO">Clicking element 'xpath=/html/body/div[8]/div[3]/form/fieldset/div/label[1]/span/input'.</msg>
<status status="PASS" starttime="20240414 16:47:53.997" endtime="20240414 16:47:54.440"></status>
</kw>
<status status="PASS" starttime="20240414 16:47:53.996" endtime="20240414 16:47:54.441"></status>
</kw>
<kw name="click" library="seleniumLibrary">
<arguments>
<arg>${termCheckboxSecond}</arg>
</arguments>
<kw name="Click Element" library="Selenium2Library">
<doc>Click element identified by ``locator``.</doc>
<arguments>
<arg>${element}</arg>
</arguments>
<msg timestamp="20240414 16:47:54.443" level="INFO">Clicking element 'xpath=/html/body/div[8]/div[3]/form/fieldset/div/label[2]/span/input'.</msg>
<status status="PASS" starttime="20240414 16:47:54.442" endtime="20240414 16:47:54.892"></status>
</kw>
<status status="PASS" starttime="20240414 16:47:54.441" endtime="20240414 16:47:54.892"></status>
</kw>
<kw name="click" library="seleniumLibrary">
<arguments>
<arg>${registerBtn}</arg>
</arguments>
<kw name="Click Element" library="Selenium2Library">
<doc>Click element identified by ``locator``.</doc>
<arguments>
<arg>${element}</arg>
</arguments>
<msg timestamp="20240414 16:47:54.893" level="INFO">Clicking element 'xpath=/html/body/div[8]/div[3]/form/div/button[2]'.</msg>
<status status="PASS" starttime="20240414 16:47:54.893" endtime="20240414 16:47:55.359"></status>
</kw>
<status status="PASS" starttime="20240414 16:47:54.893" endtime="20240414 16:47:55.360"></status>
</kw>
<kw name="Sleep" library="BuiltIn">
<doc>Pauses the test executed for the given time.</doc>
<arguments>
<arg>${LONGSLEEP}</arg>
</arguments>
<msg timestamp="20240414 16:48:00.362" level="INFO">Slept 5 seconds</msg>
<status status="PASS" starttime="20240414 16:47:55.361" endtime="20240414 16:48:00.362"></status>
</kw>
<status status="PASS" starttime="20240414 16:47:52.949" endtime="20240414 16:48:00.362"></status>
</kw>
<kw name="And Exit MyFitness" library="common">
<kw name="Go Page Top" library="common">
<kw name="Execute Javascript" library="Selenium2Library">
<doc>Executes the given JavaScript code.</doc>
<arguments>
<arg>window.scrollTo(0, 0);</arg>
</arguments>
<msg timestamp="20240414 16:48:00.365" level="INFO">Executing JavaScript:
window.scrollTo(0, 0);</msg>
<status status="PASS" starttime="20240414 16:48:00.365" endtime="20240414 16:48:00.477"></status>
</kw>
<status status="PASS" starttime="20240414 16:48:00.365" endtime="20240414 16:48:00.477"></status>
</kw>
<kw name="Sleep" library="BuiltIn">
<doc>Pauses the test executed for the given time.</doc>
<arguments>
<arg>${LONGSLEEP}</arg>
</arguments>
<msg timestamp="20240414 16:48:05.477" level="INFO">Slept 5 seconds</msg>
<status status="PASS" starttime="20240414 16:48:00.477" endtime="20240414 16:48:05.477"></status>
</kw>
<kw name="Close Browser" library="Selenium2Library">
<doc>Closes the current browser.</doc>
<status status="PASS" starttime="20240414 16:48:05.477" endtime="20240414 16:48:06.551"></status>
</kw>
<status status="PASS" starttime="20240414 16:48:00.365" endtime="20240414 16:48:06.551"></status>
</kw>
<status status="PASS" starttime="20240414 16:47:11.566" endtime="20240414 16:48:06.551"></status>
</kw>
<status status="PASS" starttime="20240414 16:46:20.911" endtime="20240414 16:48:06.551"></status>
</kw>
<status status="PASS" starttime="20240414 16:46:20.911" endtime="20240414 16:48:06.555" critical="yes"></status>
</test>
<doc>A test suite to Register Event based on parameters provided.</doc>
<status status="PASS" starttime="20240414 16:46:20.656" endtime="20240414 16:48:06.555"></status>
</suite>
<statistics>
<total>
<stat pass="1" fail="0">Critical Tests</stat>
<stat pass="1" fail="0">All Tests</stat>
</total>
<tag>
</tag>
<suite>
<stat pass="1" fail="0" id="s1" name="RegisterEvent">RegisterEvent</stat>
</suite>
</statistics>
<errors>
</errors>
</robot>
