<?xml version="1.0" encoding="UTF-8"?>
<robot generator="Robot 2.9 (Python 3.7.3 on win32)" generated="20240414 00:58:14.263">
<suite id="s1" name="CreateEvent" source="C:\Users\PEIZHENNIE\source\repos\SWE5006_Team18_myFitness\myFitness\RobotFramework\Scripts\Event\Tests\CreateEvent.robot">
<test id="s1-t1" name="As a Organiser, I want to create Event">
<kw name="${BROWSER} IN [ @{BROWSERLIST} ]" type="for">
<kw name="${BROWSER} = firefox" type="foritem">
<kw name="Given Host Is Opened and User Logins" library="common">
<arguments>
<arg>${BROWSER}</arg>
<arg>${HOST}</arg>
</arguments>
<kw name="Open MyFitness" library="common">
<arguments>
<arg>${BROWSER}</arg>
<arg>${HOST}</arg>
</arguments>
<kw name="Open Browser" library="Selenium2Library">
<doc>Opens a new browser instance to the given ``url``.</doc>
<arguments>
<arg>${ENV}</arg>
<arg>${BROWSER}</arg>
</arguments>
<msg timestamp="20240414 00:58:14.527" level="INFO">Opening browser 'firefox' to base url 'https://localhost:44482/'.</msg>
<status status="PASS" starttime="20240414 00:58:14.527" endtime="20240414 00:58:21.759"></status>
</kw>
<kw name="Check Browser" library="common">
<kw name="Wait For Condition" library="Selenium2Library">
<doc>Waits until ``condition`` is true or ``timeout`` expires.</doc>
<arguments>
<arg>return document.readyState=="complete"</arg>
</arguments>
<status status="PASS" starttime="20240414 00:58:21.760" endtime="20240414 00:58:21.775"></status>
</kw>
<status status="PASS" starttime="20240414 00:58:21.759" endtime="20240414 00:58:21.775"></status>
</kw>
<kw name="Maximize Browser Window" library="Selenium2Library">
<doc>Maximizes current browser window.</doc>
<status status="PASS" starttime="20240414 00:58:21.775" endtime="20240414 00:58:22.035"></status>
</kw>
<kw name="Set Selenium Speed" library="Selenium2Library">
<doc>Sets the delay that is waited after each Selenium command.</doc>
<arguments>
<arg>0.1 seconds</arg>
</arguments>
<status status="PASS" starttime="20240414 00:58:22.035" endtime="20240414 00:58:22.036"></status>
</kw>
<kw name="Set Selenium Timeout" library="Selenium2Library">
<doc>Sets the timeout that is used by various keywords.</doc>
<arguments>
<arg>15 seconds</arg>
</arguments>
<status status="PASS" starttime="20240414 00:58:22.036" endtime="20240414 00:58:22.146"></status>
</kw>
<kw name="Check Browser" library="common">
<kw name="Wait For Condition" library="Selenium2Library">
<doc>Waits until ``condition`` is true or ``timeout`` expires.</doc>
<arguments>
<arg>return document.readyState=="complete"</arg>
</arguments>
<status status="PASS" starttime="20240414 00:58:22.147" endtime="20240414 00:58:22.257"></status>
</kw>
<status status="PASS" starttime="20240414 00:58:22.146" endtime="20240414 00:58:22.258"></status>
</kw>
<status status="PASS" starttime="20240414 00:58:14.526" endtime="20240414 00:58:22.258"></status>
</kw>
<kw name="Check Browser" library="common">
<kw name="Wait For Condition" library="Selenium2Library">
<doc>Waits until ``condition`` is true or ``timeout`` expires.</doc>
<arguments>
<arg>return document.readyState=="complete"</arg>
</arguments>
<status status="PASS" starttime="20240414 00:58:22.260" endtime="20240414 00:58:22.367"></status>
</kw>
<status status="PASS" starttime="20240414 00:58:22.259" endtime="20240414 00:58:22.368"></status>
</kw>
<kw name="Check Browser" library="common">
<kw name="Wait For Condition" library="Selenium2Library">
<doc>Waits until ``condition`` is true or ``timeout`` expires.</doc>
<arguments>
<arg>return document.readyState=="complete"</arg>
</arguments>
<status status="PASS" starttime="20240414 00:58:22.369" endtime="20240414 00:58:22.476"></status>
</kw>
<status status="PASS" starttime="20240414 00:58:22.368" endtime="20240414 00:58:22.477"></status>
</kw>
<kw name="Login as User" library="common">
<arguments>
<arg>${BROWSER}</arg>
</arguments>
<kw name="click" library="seleniumLibrary">
<arguments>
<arg>${email}</arg>
</arguments>
<kw name="Click Element" library="Selenium2Library">
<doc>Click element identified by ``locator``.</doc>
<arguments>
<arg>${element}</arg>
</arguments>
<msg timestamp="20240414 00:58:22.479" level="INFO">Clicking element 'id=email'.</msg>
<status status="PASS" starttime="20240414 00:58:22.479" endtime="20240414 00:58:22.974"></status>
</kw>
<status status="PASS" starttime="20240414 00:58:22.478" endtime="20240414 00:58:22.975"></status>
</kw>
<kw name="Run Keyword If" library="BuiltIn">
<doc>Runs the given keyword with the given arguments, if ``condition`` is true.</doc>
<arguments>
<arg>'${BROWSER}' == 'firefox'</arg>
<arg>Type</arg>
<arg>${email}</arg>
<arg>lpz@test.com</arg>
</arguments>
<kw name="type" library="seleniumLibrary">
<arguments>
<arg>${email}</arg>
<arg>lpz@test.com</arg>
</arguments>
<kw name="Input Text" library="Selenium2Library">
<doc>Types the given ``text`` into text field identified by ``locator``.</doc>
<arguments>
<arg>${element}</arg>
<arg>${value}</arg>
</arguments>
<msg timestamp="20240414 00:58:22.986" level="INFO">Typing text 'lpz@test.com' into text field 'id=email'.</msg>
<status status="PASS" starttime="20240414 00:58:22.986" endtime="20240414 00:58:23.506"></status>
</kw>
<status status="PASS" starttime="20240414 00:58:22.985" endtime="20240414 00:58:23.506"></status>
</kw>
<status status="PASS" starttime="20240414 00:58:22.976" endtime="20240414 00:58:23.506"></status>
</kw>
<kw name="Run Keyword If" library="BuiltIn">
<doc>Runs the given keyword with the given arguments, if ``condition`` is true.</doc>
<arguments>
<arg>'${BROWSER}' == 'chrome'</arg>
<arg>Type</arg>
<arg>${email}</arg>
<arg>lpz@test.com</arg>
</arguments>
<status status="PASS" starttime="20240414 00:58:23.507" endtime="20240414 00:58:23.508"></status>
</kw>
<kw name="click" library="seleniumLibrary">
<arguments>
<arg>${password}</arg>
</arguments>
<kw name="Click Element" library="Selenium2Library">
<doc>Click element identified by ``locator``.</doc>
<arguments>
<arg>${element}</arg>
</arguments>
<msg timestamp="20240414 00:58:23.510" level="INFO">Clicking element 'id=password'.</msg>
<status status="PASS" starttime="20240414 00:58:23.509" endtime="20240414 00:58:23.986"></status>
</kw>
<status status="PASS" starttime="20240414 00:58:23.508" endtime="20240414 00:58:23.987"></status>
</kw>
<kw name="Run Keyword If" library="BuiltIn">
<doc>Runs the given keyword with the given arguments, if ``condition`` is true.</doc>
<arguments>
<arg>'${BROWSER}' == 'firefox'</arg>
<arg>Type</arg>
<arg>${password}</arg>
<arg>Password123!</arg>
</arguments>
<kw name="type" library="seleniumLibrary">
<arguments>
<arg>${password}</arg>
<arg>Password123!</arg>
</arguments>
<kw name="Input Text" library="Selenium2Library">
<doc>Types the given ``text`` into text field identified by ``locator``.</doc>
<arguments>
<arg>${element}</arg>
<arg>${value}</arg>
</arguments>
<msg timestamp="20240414 00:58:23.991" level="INFO">Typing text 'Password123!' into text field 'id=password'.</msg>
<status status="PASS" starttime="20240414 00:58:23.990" endtime="20240414 00:58:24.455"></status>
</kw>
<status status="PASS" starttime="20240414 00:58:23.990" endtime="20240414 00:58:24.456"></status>
</kw>
<status status="PASS" starttime="20240414 00:58:23.988" endtime="20240414 00:58:24.456"></status>
</kw>
<kw name="Run Keyword If" library="BuiltIn">
<doc>Runs the given keyword with the given arguments, if ``condition`` is true.</doc>
<arguments>
<arg>'${BROWSER}' == 'chrome'</arg>
<arg>Type</arg>
<arg>${password}</arg>
<arg>Password123!</arg>
</arguments>
<status status="PASS" starttime="20240414 00:58:24.457" endtime="20240414 00:58:24.458"></status>
</kw>
<kw name="click" library="seleniumLibrary">
<arguments>
<arg>${loginBtn}</arg>
</arguments>
<kw name="Click Element" library="Selenium2Library">
<doc>Click element identified by ``locator``.</doc>
<arguments>
<arg>${element}</arg>
</arguments>
<msg timestamp="20240414 00:58:24.460" level="INFO">Clicking element 'xpath=//*[@id="main-container"]/div/div/div/div/form/div/div[3]/button'.</msg>
<status status="PASS" starttime="20240414 00:58:24.459" endtime="20240414 00:58:24.936"></status>
</kw>
<status status="PASS" starttime="20240414 00:58:24.459" endtime="20240414 00:58:24.937"></status>
</kw>
<kw name="Sleep" library="BuiltIn">
<doc>Pauses the test executed for the given time.</doc>
<arguments>
<arg>${LONGPAUSE}</arg>
</arguments>
<msg timestamp="20240414 00:58:39.946" level="INFO">Slept 15 seconds</msg>
<status status="PASS" starttime="20240414 00:58:24.937" endtime="20240414 00:58:39.948"></status>
</kw>
<status status="PASS" starttime="20240414 00:58:22.477" endtime="20240414 00:58:39.948"></status>
</kw>
<kw name="Sleep" library="BuiltIn">
<doc>Pauses the test executed for the given time.</doc>
<arguments>
<arg>${LONGPAUSE}</arg>
</arguments>
<msg timestamp="20240414 00:58:54.967" level="INFO">Slept 15 seconds</msg>
<status status="PASS" starttime="20240414 00:58:39.949" endtime="20240414 00:58:54.968"></status>
</kw>
<status status="PASS" starttime="20240414 00:58:14.526" endtime="20240414 00:58:54.969"></status>
</kw>
<kw name="And Accesses Event via Navmenu" library="CreateEvent_Common">
<kw name="click" library="seleniumLibrary">
<arguments>
<arg>${eventMenuIcon}</arg>
</arguments>
<kw name="Click Element" library="Selenium2Library">
<doc>Click element identified by ``locator``.</doc>
<arguments>
<arg>${element}</arg>
</arguments>
<msg timestamp="20240414 00:58:54.972" level="INFO">Clicking element 'link=Events'.</msg>
<status status="PASS" starttime="20240414 00:58:54.972" endtime="20240414 00:58:55.929"></status>
</kw>
<status status="PASS" starttime="20240414 00:58:54.971" endtime="20240414 00:58:55.930"></status>
</kw>
<status status="PASS" starttime="20240414 00:58:54.970" endtime="20240414 00:58:55.930"></status>
</kw>
<kw name="And Organiser creates a event" library="CreateEvent_Common">
<kw name="click" library="seleniumLibrary">
<arguments>
<arg>${addEventBtn}</arg>
</arguments>
<kw name="Click Element" library="Selenium2Library">
<doc>Click element identified by ``locator``.</doc>
<arguments>
<arg>${element}</arg>
</arguments>
<msg timestamp="20240414 00:58:55.936" level="INFO">Clicking element 'xpath=//*[@id="content-container"]/div/div[1]/button'.</msg>
<status status="PASS" starttime="20240414 00:58:55.935" endtime="20240414 00:58:56.552"></status>
</kw>
<status status="PASS" starttime="20240414 00:58:55.932" endtime="20240414 00:58:56.553"></status>
</kw>
<kw name="click" library="seleniumLibrary">
<arguments>
<arg>${title}</arg>
</arguments>
<kw name="Click Element" library="Selenium2Library">
<doc>Click element identified by ``locator``.</doc>
<arguments>
<arg>${element}</arg>
</arguments>
<msg timestamp="20240414 00:58:56.555" level="INFO">Clicking element 'xpath=//*[@id=":r4:"]'.</msg>
<status status="PASS" starttime="20240414 00:58:56.555" endtime="20240414 00:58:57.038"></status>
</kw>
<status status="PASS" starttime="20240414 00:58:56.553" endtime="20240414 00:58:57.038"></status>
</kw>
<kw name="type" library="seleniumLibrary">
<arguments>
<arg>${title}</arg>
<arg>workout for beginners</arg>
</arguments>
<kw name="Input Text" library="Selenium2Library">
<doc>Types the given ``text`` into text field identified by ``locator``.</doc>
<arguments>
<arg>${element}</arg>
<arg>${value}</arg>
</arguments>
<msg timestamp="20240414 00:58:57.040" level="INFO">Typing text 'workout for beginners' into text field 'xpath=//*[@id=":r4:"]'.</msg>
<status status="PASS" starttime="20240414 00:58:57.040" endtime="20240414 00:58:57.864"></status>
</kw>
<status status="PASS" starttime="20240414 00:58:57.039" endtime="20240414 00:58:57.864"></status>
</kw>
<kw name="click" library="seleniumLibrary">
<arguments>
<arg>${category}</arg>
</arguments>
<kw name="Click Element" library="Selenium2Library">
<doc>Click element identified by ``locator``.</doc>
<arguments>
<arg>${element}</arg>
</arguments>
<msg timestamp="20240414 00:58:57.868" level="INFO">Clicking element 'xpath=//*[@id="mui-component-select-category"]'.</msg>
<status status="PASS" starttime="20240414 00:58:57.867" endtime="20240414 00:58:58.348"></status>
</kw>
<status status="PASS" starttime="20240414 00:58:57.865" endtime="20240414 00:58:58.349"></status>
</kw>
<kw name="click" library="seleniumLibrary">
<arguments>
<arg>${workoutCategory}</arg>
</arguments>
<kw name="Click Element" library="Selenium2Library">
<doc>Click element identified by ``locator``.</doc>
<arguments>
<arg>${element}</arg>
</arguments>
<msg timestamp="20240414 00:58:58.351" level="INFO">Clicking element 'xpath=//*[@id=":r5:"]/li[1]'.</msg>
<status status="PASS" starttime="20240414 00:58:58.351" endtime="20240414 00:58:58.837"></status>
</kw>
<status status="PASS" starttime="20240414 00:58:58.349" endtime="20240414 00:58:58.838"></status>
</kw>
<kw name="click" library="seleniumLibrary">
<arguments>
<arg>${startDate}</arg>
</arguments>
<kw name="Click Element" library="Selenium2Library">
<doc>Click element identified by ``locator``.</doc>
<arguments>
<arg>${element}</arg>
</arguments>
<msg timestamp="20240414 00:58:58.842" level="INFO">Clicking element 'xpath=//*[@id=":r6:"]'.</msg>
<status status="PASS" starttime="20240414 00:58:58.841" endtime="20240414 00:58:59.302"></status>
</kw>
<status status="PASS" starttime="20240414 00:58:58.839" endtime="20240414 00:58:59.303"></status>
</kw>
<kw name="type" library="seleniumLibrary">
<arguments>
<arg>${startDate}</arg>
<arg>2024-04-25T14:35</arg>
</arguments>
<kw name="Input Text" library="Selenium2Library">
<doc>Types the given ``text`` into text field identified by ``locator``.</doc>
<arguments>
<arg>${element}</arg>
<arg>${value}</arg>
</arguments>
<msg timestamp="20240414 00:58:59.304" level="INFO">Typing text '2024-04-25T14:35' into text field 'xpath=//*[@id=":r6:"]'.</msg>
<status status="PASS" starttime="20240414 00:58:59.304" endtime="20240414 00:58:59.752"></status>
</kw>
<status status="PASS" starttime="20240414 00:58:59.303" endtime="20240414 00:58:59.752"></status>
</kw>
<kw name="click" library="seleniumLibrary">
<arguments>
<arg>${endDate}</arg>
</arguments>
<kw name="Click Element" library="Selenium2Library">
<doc>Click element identified by ``locator``.</doc>
<arguments>
<arg>${element}</arg>
</arguments>
<msg timestamp="20240414 00:58:59.756" level="INFO">Clicking element 'id=:r7:'.</msg>
<status status="PASS" starttime="20240414 00:58:59.754" endtime="20240414 00:59:00.218"></status>
</kw>
<status status="PASS" starttime="20240414 00:58:59.753" endtime="20240414 00:59:00.218"></status>
</kw>
<kw name="type" library="seleniumLibrary">
<arguments>
<arg>${endDate}</arg>
<arg>2024-04-30T13:36</arg>
</arguments>
<kw name="Input Text" library="Selenium2Library">
<doc>Types the given ``text`` into text field identified by ``locator``.</doc>
<arguments>
<arg>${element}</arg>
<arg>${value}</arg>
</arguments>
<msg timestamp="20240414 00:59:00.220" level="INFO">Typing text '2024-04-30T13:36' into text field 'id=:r7:'.</msg>
<status status="PASS" starttime="20240414 00:59:00.220" endtime="20240414 00:59:00.652"></status>
</kw>
<status status="PASS" starttime="20240414 00:59:00.219" endtime="20240414 00:59:00.653"></status>
</kw>
<kw name="click" library="seleniumLibrary">
<arguments>
<arg>${capacity}</arg>
</arguments>
<kw name="Click Element" library="Selenium2Library">
<doc>Click element identified by ``locator``.</doc>
<arguments>
<arg>${element}</arg>
</arguments>
<msg timestamp="20240414 00:59:00.655" level="INFO">Clicking element 'id=:r8:'.</msg>
<status status="PASS" starttime="20240414 00:59:00.655" endtime="20240414 00:59:01.108"></status>
</kw>
<status status="PASS" starttime="20240414 00:59:00.654" endtime="20240414 00:59:01.108"></status>
</kw>
<kw name="type" library="seleniumLibrary">
<arguments>
<arg>${capacity}</arg>
<arg>20</arg>
</arguments>
<kw name="Input Text" library="Selenium2Library">
<doc>Types the given ``text`` into text field identified by ``locator``.</doc>
<arguments>
<arg>${element}</arg>
<arg>${value}</arg>
</arguments>
<msg timestamp="20240414 00:59:01.111" level="INFO">Typing text '20' into text field 'id=:r8:'.</msg>
<status status="PASS" starttime="20240414 00:59:01.110" endtime="20240414 00:59:01.512"></status>
</kw>
<status status="PASS" starttime="20240414 00:59:01.109" endtime="20240414 00:59:01.513"></status>
</kw>
<kw name="click" library="seleniumLibrary">
<arguments>
<arg>${registrationClosingDate}</arg>
</arguments>
<kw name="Click Element" library="Selenium2Library">
<doc>Click element identified by ``locator``.</doc>
<arguments>
<arg>${element}</arg>
</arguments>
<msg timestamp="20240414 00:59:01.514" level="INFO">Clicking element 'id=:r9:'.</msg>
<status status="PASS" starttime="20240414 00:59:01.514" endtime="20240414 00:59:01.978"></status>
</kw>
<status status="PASS" starttime="20240414 00:59:01.513" endtime="20240414 00:59:01.980"></status>
</kw>
<kw name="type" library="seleniumLibrary">
<arguments>
<arg>${registrationClosingDate}</arg>
<arg>2024-04-28T13:36</arg>
</arguments>
<kw name="Input Text" library="Selenium2Library">
<doc>Types the given ``text`` into text field identified by ``locator``.</doc>
<arguments>
<arg>${element}</arg>
<arg>${value}</arg>
</arguments>
<msg timestamp="20240414 00:59:01.981" level="INFO">Typing text '2024-04-28T13:36' into text field 'id=:r9:'.</msg>
<status status="PASS" starttime="20240414 00:59:01.981" endtime="20240414 00:59:02.430"></status>
</kw>
<status status="PASS" starttime="20240414 00:59:01.980" endtime="20240414 00:59:02.430"></status>
</kw>
<kw name="click" library="seleniumLibrary">
<arguments>
<arg>${venueAddress}</arg>
</arguments>
<kw name="Click Element" library="Selenium2Library">
<doc>Click element identified by ``locator``.</doc>
<arguments>
<arg>${element}</arg>
</arguments>
<msg timestamp="20240414 00:59:02.432" level="INFO">Clicking element 'id=address-autocomplete'.</msg>
<status status="PASS" starttime="20240414 00:59:02.432" endtime="20240414 00:59:02.897"></status>
</kw>
<status status="PASS" starttime="20240414 00:59:02.431" endtime="20240414 00:59:02.897"></status>
</kw>
<kw name="type" library="seleniumLibrary">
<arguments>
<arg>${venueAddress}</arg>
<arg>3 STADIUM DRIVE SPORT SINGAPORE (SPORTSG) SINGAPORE 397630</arg>
</arguments>
<kw name="Input Text" library="Selenium2Library">
<doc>Types the given ``text`` into text field identified by ``locator``.</doc>
<arguments>
<arg>${element}</arg>
<arg>${value}</arg>
</arguments>
<msg timestamp="20240414 00:59:02.900" level="INFO">Typing text '3 STADIUM DRIVE SPORT SINGAPORE (SPORTSG) SINGAPORE 397630' into text field 'id=address-autocomplete'.</msg>
<status status="PASS" starttime="20240414 00:59:02.899" endtime="20240414 00:59:03.584"></status>
</kw>
<status status="PASS" starttime="20240414 00:59:02.898" endtime="20240414 00:59:03.584"></status>
</kw>
<kw name="click" library="seleniumLibrary">
<arguments>
<arg>${description}</arg>
</arguments>
<kw name="Click Element" library="Selenium2Library">
<doc>Click element identified by ``locator``.</doc>
<arguments>
<arg>${element}</arg>
</arguments>
<msg timestamp="20240414 00:59:03.586" level="INFO">Clicking element 'id=:rc:'.</msg>
<status status="PASS" starttime="20240414 00:59:03.585" endtime="20240414 00:59:04.035"></status>
</kw>
<status status="PASS" starttime="20240414 00:59:03.585" endtime="20240414 00:59:04.036"></status>
</kw>
<kw name="type" library="seleniumLibrary">
<arguments>
<arg>${description}</arg>
<arg>for beginners only</arg>
</arguments>
<kw name="Input Text" library="Selenium2Library">
<doc>Types the given ``text`` into text field identified by ``locator``.</doc>
<arguments>
<arg>${element}</arg>
<arg>${value}</arg>
</arguments>
<msg timestamp="20240414 00:59:04.040" level="INFO">Typing text 'for beginners only' into text field 'id=:rc:'.</msg>
<status status="PASS" starttime="20240414 00:59:04.039" endtime="20240414 00:59:04.754"></status>
</kw>
<status status="PASS" starttime="20240414 00:59:04.037" endtime="20240414 00:59:04.755"></status>
</kw>
<kw name="click" library="seleniumLibrary">
<arguments>
<arg>${saveBtn}</arg>
</arguments>
<kw name="Click Element" library="Selenium2Library">
<doc>Click element identified by ``locator``.</doc>
<arguments>
<arg>${element}</arg>
</arguments>
<msg timestamp="20240414 00:59:04.758" level="INFO">Clicking element 'xpath=//*[@id="content-container"]/div/form/div/div[10]/button[2]'.</msg>
<status status="PASS" starttime="20240414 00:59:04.757" endtime="20240414 00:59:05.270"></status>
</kw>
<status status="PASS" starttime="20240414 00:59:04.756" endtime="20240414 00:59:05.270"></status>
</kw>
<kw name="Sleep" library="BuiltIn">
<doc>Pauses the test executed for the given time.</doc>
<arguments>
<arg>${LONGSLEEP}</arg>
</arguments>
<msg timestamp="20240414 00:59:10.284" level="INFO">Slept 5 seconds</msg>
<status status="PASS" starttime="20240414 00:59:05.270" endtime="20240414 00:59:10.285"></status>
</kw>
<status status="PASS" starttime="20240414 00:58:55.931" endtime="20240414 00:59:10.286"></status>
</kw>
<kw name="And Exit MyFitness" library="common">
<kw name="Go Page Top" library="common">
<kw name="Execute Javascript" library="Selenium2Library">
<doc>Executes the given JavaScript code.</doc>
<arguments>
<arg>window.scrollTo(0, 0);</arg>
</arguments>
<msg timestamp="20240414 00:59:10.290" level="INFO">Executing JavaScript:
window.scrollTo(0, 0);</msg>
<status status="PASS" starttime="20240414 00:59:10.289" endtime="20240414 00:59:10.411"></status>
</kw>
<status status="PASS" starttime="20240414 00:59:10.288" endtime="20240414 00:59:10.411"></status>
</kw>
<kw name="Sleep" library="BuiltIn">
<doc>Pauses the test executed for the given time.</doc>
<arguments>
<arg>${LONGSLEEP}</arg>
</arguments>
<msg timestamp="20240414 00:59:15.422" level="INFO">Slept 5 seconds</msg>
<status status="PASS" starttime="20240414 00:59:10.412" endtime="20240414 00:59:15.423"></status>
</kw>
<kw name="Close Browser" library="Selenium2Library">
<doc>Closes the current browser.</doc>
<status status="PASS" starttime="20240414 00:59:15.423" endtime="20240414 00:59:16.392"></status>
</kw>
<status status="PASS" starttime="20240414 00:59:10.288" endtime="20240414 00:59:16.393"></status>
</kw>
<status status="PASS" starttime="20240414 00:58:14.525" endtime="20240414 00:59:16.393"></status>
</kw>
<kw name="${BROWSER} = chrome" type="foritem">
<kw name="Given Host Is Opened and User Logins" library="common">
<arguments>
<arg>${BROWSER}</arg>
<arg>${HOST}</arg>
</arguments>
<kw name="Open MyFitness" library="common">
<arguments>
<arg>${BROWSER}</arg>
<arg>${HOST}</arg>
</arguments>
<kw name="Open Browser" library="Selenium2Library">
<doc>Opens a new browser instance to the given ``url``.</doc>
<arguments>
<arg>${ENV}</arg>
<arg>${BROWSER}</arg>
</arguments>
<msg timestamp="20240414 00:59:16.397" level="INFO">Opening browser 'chrome' to base url 'https://localhost:44482/'.</msg>
<status status="PASS" starttime="20240414 00:59:16.396" endtime="20240414 00:59:18.050"></status>
</kw>
<kw name="Check Browser" library="common">
<kw name="Wait For Condition" library="Selenium2Library">
<doc>Waits until ``condition`` is true or ``timeout`` expires.</doc>
<arguments>
<arg>return document.readyState=="complete"</arg>
</arguments>
<status status="PASS" starttime="20240414 00:59:18.051" endtime="20240414 00:59:19.532"></status>
</kw>
<status status="PASS" starttime="20240414 00:59:18.051" endtime="20240414 00:59:19.533"></status>
</kw>
<kw name="Maximize Browser Window" library="Selenium2Library">
<doc>Maximizes current browser window.</doc>
<status status="PASS" starttime="20240414 00:59:19.533" endtime="20240414 00:59:19.858"></status>
</kw>
<kw name="Set Selenium Speed" library="Selenium2Library">
<doc>Sets the delay that is waited after each Selenium command.</doc>
<arguments>
<arg>0.1 seconds</arg>
</arguments>
<status status="PASS" starttime="20240414 00:59:19.859" endtime="20240414 00:59:19.860"></status>
</kw>
<kw name="Set Selenium Timeout" library="Selenium2Library">
<doc>Sets the timeout that is used by various keywords.</doc>
<arguments>
<arg>15 seconds</arg>
</arguments>
<status status="PASS" starttime="20240414 00:59:19.860" endtime="20240414 00:59:19.968"></status>
</kw>
<kw name="Check Browser" library="common">
<kw name="Wait For Condition" library="Selenium2Library">
<doc>Waits until ``condition`` is true or ``timeout`` expires.</doc>
<arguments>
<arg>return document.readyState=="complete"</arg>
</arguments>
<status status="PASS" starttime="20240414 00:59:19.969" endtime="20240414 00:59:20.091"></status>
</kw>
<status status="PASS" starttime="20240414 00:59:19.968" endtime="20240414 00:59:20.092"></status>
</kw>
<status status="PASS" starttime="20240414 00:59:16.395" endtime="20240414 00:59:20.092"></status>
</kw>
<kw name="Check Browser" library="common">
<kw name="Wait For Condition" library="Selenium2Library">
<doc>Waits until ``condition`` is true or ``timeout`` expires.</doc>
<arguments>
<arg>return document.readyState=="complete"</arg>
</arguments>
<status status="PASS" starttime="20240414 00:59:20.094" endtime="20240414 00:59:20.219"></status>
</kw>
<status status="PASS" starttime="20240414 00:59:20.093" endtime="20240414 00:59:20.220"></status>
</kw>
<kw name="Check Browser" library="common">
<kw name="Wait For Condition" library="Selenium2Library">
<doc>Waits until ``condition`` is true or ``timeout`` expires.</doc>
<arguments>
<arg>return document.readyState=="complete"</arg>
</arguments>
<status status="PASS" starttime="20240414 00:59:20.221" endtime="20240414 00:59:20.342"></status>
</kw>
<status status="PASS" starttime="20240414 00:59:20.220" endtime="20240414 00:59:20.342"></status>
</kw>
<kw name="Login as User" library="common">
<arguments>
<arg>${BROWSER}</arg>
</arguments>
<kw name="click" library="seleniumLibrary">
<arguments>
<arg>${email}</arg>
</arguments>
<kw name="Click Element" library="Selenium2Library">
<doc>Click element identified by ``locator``.</doc>
<arguments>
<arg>${element}</arg>
</arguments>
<msg timestamp="20240414 00:59:20.345" level="INFO">Clicking element 'id=email'.</msg>
<status status="PASS" starttime="20240414 00:59:20.345" endtime="20240414 00:59:20.685"></status>
</kw>
<status status="PASS" starttime="20240414 00:59:20.344" endtime="20240414 00:59:20.685"></status>
</kw>
<kw name="Run Keyword If" library="BuiltIn">
<doc>Runs the given keyword with the given arguments, if ``condition`` is true.</doc>
<arguments>
<arg>'${BROWSER}' == 'firefox'</arg>
<arg>Type</arg>
<arg>${email}</arg>
<arg>lpz@test.com</arg>
</arguments>
<status status="PASS" starttime="20240414 00:59:20.685" endtime="20240414 00:59:20.687"></status>
</kw>
<kw name="Run Keyword If" library="BuiltIn">
<doc>Runs the given keyword with the given arguments, if ``condition`` is true.</doc>
<arguments>
<arg>'${BROWSER}' == 'chrome'</arg>
<arg>Type</arg>
<arg>${email}</arg>
<arg>lpz@test.com</arg>
</arguments>
<kw name="type" library="seleniumLibrary">
<arguments>
<arg>${email}</arg>
<arg>lpz@test.com</arg>
</arguments>
<kw name="Input Text" library="Selenium2Library">
<doc>Types the given ``text`` into text field identified by ``locator``.</doc>
<arguments>
<arg>${element}</arg>
<arg>${value}</arg>
</arguments>
<msg timestamp="20240414 00:59:20.689" level="INFO">Typing text 'lpz@test.com' into text field 'id=email'.</msg>
<status status="PASS" starttime="20240414 00:59:20.689" endtime="20240414 00:59:21.369"></status>
</kw>
<status status="PASS" starttime="20240414 00:59:20.688" endtime="20240414 00:59:21.370"></status>
</kw>
<status status="PASS" starttime="20240414 00:59:20.687" endtime="20240414 00:59:21.370"></status>
</kw>
<kw name="click" library="seleniumLibrary">
<arguments>
<arg>${password}</arg>
</arguments>
<kw name="Click Element" library="Selenium2Library">
<doc>Click element identified by ``locator``.</doc>
<arguments>
<arg>${element}</arg>
</arguments>
<msg timestamp="20240414 00:59:21.372" level="INFO">Clicking element 'id=password'.</msg>
<status status="PASS" starttime="20240414 00:59:21.372" endtime="20240414 00:59:21.701"></status>
</kw>
<status status="PASS" starttime="20240414 00:59:21.371" endtime="20240414 00:59:21.703"></status>
</kw>
<kw name="Run Keyword If" library="BuiltIn">
<doc>Runs the given keyword with the given arguments, if ``condition`` is true.</doc>
<arguments>
<arg>'${BROWSER}' == 'firefox'</arg>
<arg>Type</arg>
<arg>${password}</arg>
<arg>Password123!</arg>
</arguments>
<status status="PASS" starttime="20240414 00:59:21.703" endtime="20240414 00:59:21.704"></status>
</kw>
<kw name="Run Keyword If" library="BuiltIn">
<doc>Runs the given keyword with the given arguments, if ``condition`` is true.</doc>
<arguments>
<arg>'${BROWSER}' == 'chrome'</arg>
<arg>Type</arg>
<arg>${password}</arg>
<arg>Password123!</arg>
</arguments>
<kw name="type" library="seleniumLibrary">
<arguments>
<arg>${password}</arg>
<arg>Password123!</arg>
</arguments>
<kw name="Input Text" library="Selenium2Library">
<doc>Types the given ``text`` into text field identified by ``locator``.</doc>
<arguments>
<arg>${element}</arg>
<arg>${value}</arg>
</arguments>
<msg timestamp="20240414 00:59:21.706" level="INFO">Typing text 'Password123!' into text field 'id=password'.</msg>
<status status="PASS" starttime="20240414 00:59:21.706" endtime="20240414 00:59:22.308"></status>
</kw>
<status status="PASS" starttime="20240414 00:59:21.706" endtime="20240414 00:59:22.309"></status>
</kw>
<status status="PASS" starttime="20240414 00:59:21.705" endtime="20240414 00:59:22.309"></status>
</kw>
<kw name="click" library="seleniumLibrary">
<arguments>
<arg>${loginBtn}</arg>
</arguments>
<kw name="Click Element" library="Selenium2Library">
<doc>Click element identified by ``locator``.</doc>
<arguments>
<arg>${element}</arg>
</arguments>
<msg timestamp="20240414 00:59:22.311" level="INFO">Clicking element 'xpath=//*[@id="main-container"]/div/div/div/div/form/div/div[3]/button'.</msg>
<status status="PASS" starttime="20240414 00:59:22.310" endtime="20240414 00:59:22.647"></status>
</kw>
<status status="PASS" starttime="20240414 00:59:22.309" endtime="20240414 00:59:22.648"></status>
</kw>
<kw name="Sleep" library="BuiltIn">
<doc>Pauses the test executed for the given time.</doc>
<arguments>
<arg>${LONGPAUSE}</arg>
</arguments>
<msg timestamp="20240414 00:59:37.652" level="INFO">Slept 15 seconds</msg>
<status status="PASS" starttime="20240414 00:59:22.648" endtime="20240414 00:59:37.653"></status>
</kw>
<status status="PASS" starttime="20240414 00:59:20.343" endtime="20240414 00:59:37.654"></status>
</kw>
<kw name="Sleep" library="BuiltIn">
<doc>Pauses the test executed for the given time.</doc>
<arguments>
<arg>${LONGPAUSE}</arg>
</arguments>
<msg timestamp="20240414 00:59:52.669" level="INFO">Slept 15 seconds</msg>
<status status="PASS" starttime="20240414 00:59:37.655" endtime="20240414 00:59:52.670"></status>
</kw>
<status status="PASS" starttime="20240414 00:59:16.394" endtime="20240414 00:59:52.670"></status>
</kw>
<kw name="And Accesses Event via Navmenu" library="CreateEvent_Common">
<kw name="click" library="seleniumLibrary">
<arguments>
<arg>${eventMenuIcon}</arg>
</arguments>
<kw name="Click Element" library="Selenium2Library">
<doc>Click element identified by ``locator``.</doc>
<arguments>
<arg>${element}</arg>
</arguments>
<msg timestamp="20240414 00:59:52.680" level="INFO">Clicking element 'link=Events'.</msg>
<status status="PASS" starttime="20240414 00:59:52.680" endtime="20240414 00:59:53.104"></status>
</kw>
<status status="PASS" starttime="20240414 00:59:52.679" endtime="20240414 00:59:53.106"></status>
</kw>
<status status="PASS" starttime="20240414 00:59:52.678" endtime="20240414 00:59:53.106"></status>
</kw>
<kw name="And Organiser creates a event" library="CreateEvent_Common">
<kw name="click" library="seleniumLibrary">
<arguments>
<arg>${addEventBtn}</arg>
</arguments>
<kw name="Click Element" library="Selenium2Library">
<doc>Click element identified by ``locator``.</doc>
<arguments>
<arg>${element}</arg>
</arguments>
<msg timestamp="20240414 00:59:53.110" level="INFO">Clicking element 'xpath=//*[@id="content-container"]/div/div[1]/button'.</msg>
<status status="PASS" starttime="20240414 00:59:53.109" endtime="20240414 00:59:53.665"></status>
</kw>
<status status="PASS" starttime="20240414 00:59:53.107" endtime="20240414 00:59:53.667"></status>
</kw>
<kw name="click" library="seleniumLibrary">
<arguments>
<arg>${title}</arg>
</arguments>
<kw name="Click Element" library="Selenium2Library">
<doc>Click element identified by ``locator``.</doc>
<arguments>
<arg>${element}</arg>
</arguments>
<msg timestamp="20240414 00:59:53.670" level="INFO">Clicking element 'xpath=//*[@id=":r4:"]'.</msg>
<status status="PASS" starttime="20240414 00:59:53.669" endtime="20240414 00:59:54.054"></status>
</kw>
<status status="PASS" starttime="20240414 00:59:53.667" endtime="20240414 00:59:54.055"></status>
</kw>
<kw name="type" library="seleniumLibrary">
<arguments>
<arg>${title}</arg>
<arg>workout for beginners</arg>
</arguments>
<kw name="Input Text" library="Selenium2Library">
<doc>Types the given ``text`` into text field identified by ``locator``.</doc>
<arguments>
<arg>${element}</arg>
<arg>${value}</arg>
</arguments>
<msg timestamp="20240414 00:59:54.057" level="INFO">Typing text 'workout for beginners' into text field 'xpath=//*[@id=":r4:"]'.</msg>
<status status="PASS" starttime="20240414 00:59:54.057" endtime="20240414 00:59:55.209"></status>
</kw>
<status status="PASS" starttime="20240414 00:59:54.056" endtime="20240414 00:59:55.210"></status>
</kw>
<kw name="click" library="seleniumLibrary">
<arguments>
<arg>${category}</arg>
</arguments>
<kw name="Click Element" library="Selenium2Library">
<doc>Click element identified by ``locator``.</doc>
<arguments>
<arg>${element}</arg>
</arguments>
<msg timestamp="20240414 00:59:55.212" level="INFO">Clicking element 'xpath=//*[@id="mui-component-select-category"]'.</msg>
<status status="PASS" starttime="20240414 00:59:55.211" endtime="20240414 00:59:55.584"></status>
</kw>
<status status="PASS" starttime="20240414 00:59:55.210" endtime="20240414 00:59:55.584"></status>
</kw>
<kw name="click" library="seleniumLibrary">
<arguments>
<arg>${workoutCategory}</arg>
</arguments>
<kw name="Click Element" library="Selenium2Library">
<doc>Click element identified by ``locator``.</doc>
<arguments>
<arg>${element}</arg>
</arguments>
<msg timestamp="20240414 00:59:55.586" level="INFO">Clicking element 'xpath=//*[@id=":r5:"]/li[1]'.</msg>
<status status="PASS" starttime="20240414 00:59:55.586" endtime="20240414 00:59:56.004"></status>
</kw>
<status status="PASS" starttime="20240414 00:59:55.585" endtime="20240414 00:59:56.006"></status>
</kw>
<kw name="click" library="seleniumLibrary">
<arguments>
<arg>${startDate}</arg>
</arguments>
<kw name="Click Element" library="Selenium2Library">
<doc>Click element identified by ``locator``.</doc>
<arguments>
<arg>${element}</arg>
</arguments>
<msg timestamp="20240414 00:59:56.007" level="INFO">Clicking element 'xpath=//*[@id=":r6:"]'.</msg>
<status status="PASS" starttime="20240414 00:59:56.007" endtime="20240414 00:59:56.346"></status>
</kw>
<status status="PASS" starttime="20240414 00:59:56.006" endtime="20240414 00:59:56.347"></status>
</kw>
<kw name="type" library="seleniumLibrary">
<arguments>
<arg>${startDate}</arg>
<arg>2024-04-25T14:35</arg>
</arguments>
<kw name="Input Text" library="Selenium2Library">
<doc>Types the given ``text`` into text field identified by ``locator``.</doc>
<arguments>
<arg>${element}</arg>
<arg>${value}</arg>
</arguments>
<msg timestamp="20240414 00:59:56.351" level="INFO">Typing text '2024-04-25T14:35' into text field 'xpath=//*[@id=":r6:"]'.</msg>
<status status="PASS" starttime="20240414 00:59:56.349" endtime="20240414 00:59:56.937"></status>
</kw>
<status status="PASS" starttime="20240414 00:59:56.348" endtime="20240414 00:59:56.938"></status>
</kw>
<kw name="click" library="seleniumLibrary">
<arguments>
<arg>${endDate}</arg>
</arguments>
<kw name="Click Element" library="Selenium2Library">
<doc>Click element identified by ``locator``.</doc>
<arguments>
<arg>${element}</arg>
</arguments>
<msg timestamp="20240414 00:59:56.940" level="INFO">Clicking element 'id=:r7:'.</msg>
<status status="PASS" starttime="20240414 00:59:56.939" endtime="20240414 00:59:57.313"></status>
</kw>
<status status="PASS" starttime="20240414 00:59:56.938" endtime="20240414 00:59:57.313"></status>
</kw>
<kw name="type" library="seleniumLibrary">
<arguments>
<arg>${endDate}</arg>
<arg>2024-04-30T13:36</arg>
</arguments>
<kw name="Input Text" library="Selenium2Library">
<doc>Types the given ``text`` into text field identified by ``locator``.</doc>
<arguments>
<arg>${element}</arg>
<arg>${value}</arg>
</arguments>
<msg timestamp="20240414 00:59:57.315" level="INFO">Typing text '2024-04-30T13:36' into text field 'id=:r7:'.</msg>
<status status="PASS" starttime="20240414 00:59:57.315" endtime="20240414 00:59:57.890"></status>
</kw>
<status status="PASS" starttime="20240414 00:59:57.314" endtime="20240414 00:59:57.891"></status>
</kw>
<kw name="click" library="seleniumLibrary">
<arguments>
<arg>${capacity}</arg>
</arguments>
<kw name="Click Element" library="Selenium2Library">
<doc>Click element identified by ``locator``.</doc>
<arguments>
<arg>${element}</arg>
</arguments>
<msg timestamp="20240414 00:59:57.892" level="INFO">Clicking element 'id=:r8:'.</msg>
<status status="PASS" starttime="20240414 00:59:57.892" endtime="20240414 00:59:58.220"></status>
</kw>
<status status="PASS" starttime="20240414 00:59:57.891" endtime="20240414 00:59:58.221"></status>
</kw>
<kw name="type" library="seleniumLibrary">
<arguments>
<arg>${capacity}</arg>
<arg>20</arg>
</arguments>
<kw name="Input Text" library="Selenium2Library">
<doc>Types the given ``text`` into text field identified by ``locator``.</doc>
<arguments>
<arg>${element}</arg>
<arg>${value}</arg>
</arguments>
<msg timestamp="20240414 00:59:58.224" level="INFO">Typing text '20' into text field 'id=:r8:'.</msg>
<status status="PASS" starttime="20240414 00:59:58.222" endtime="20240414 00:59:58.753"></status>
</kw>
<status status="PASS" starttime="20240414 00:59:58.221" endtime="20240414 00:59:58.754"></status>
</kw>
<kw name="click" library="seleniumLibrary">
<arguments>
<arg>${registrationClosingDate}</arg>
</arguments>
<kw name="Click Element" library="Selenium2Library">
<doc>Click element identified by ``locator``.</doc>
<arguments>
<arg>${element}</arg>
</arguments>
<msg timestamp="20240414 00:59:58.756" level="INFO">Clicking element 'id=:r9:'.</msg>
<status status="PASS" starttime="20240414 00:59:58.755" endtime="20240414 00:59:59.092"></status>
</kw>
<status status="PASS" starttime="20240414 00:59:58.754" endtime="20240414 00:59:59.093"></status>
</kw>
<kw name="type" library="seleniumLibrary">
<arguments>
<arg>${registrationClosingDate}</arg>
<arg>2024-04-28T13:36</arg>
</arguments>
<kw name="Input Text" library="Selenium2Library">
<doc>Types the given ``text`` into text field identified by ``locator``.</doc>
<arguments>
<arg>${element}</arg>
<arg>${value}</arg>
</arguments>
<msg timestamp="20240414 00:59:59.095" level="INFO">Typing text '2024-04-28T13:36' into text field 'id=:r9:'.</msg>
<status status="PASS" starttime="20240414 00:59:59.095" endtime="20240414 00:59:59.651"></status>
</kw>
<status status="PASS" starttime="20240414 00:59:59.093" endtime="20240414 00:59:59.652"></status>
</kw>
<kw name="click" library="seleniumLibrary">
<arguments>
<arg>${venueAddress}</arg>
</arguments>
<kw name="Click Element" library="Selenium2Library">
<doc>Click element identified by ``locator``.</doc>
<arguments>
<arg>${element}</arg>
</arguments>
<msg timestamp="20240414 00:59:59.654" level="INFO">Clicking element 'id=address-autocomplete'.</msg>
<status status="PASS" starttime="20240414 00:59:59.653" endtime="20240414 00:59:59.996"></status>
</kw>
<status status="PASS" starttime="20240414 00:59:59.652" endtime="20240414 00:59:59.997"></status>
</kw>
<kw name="type" library="seleniumLibrary">
<arguments>
<arg>${venueAddress}</arg>
<arg>3 STADIUM DRIVE SPORT SINGAPORE (SPORTSG) SINGAPORE 397630</arg>
</arguments>
<kw name="Input Text" library="Selenium2Library">
<doc>Types the given ``text`` into text field identified by ``locator``.</doc>
<arguments>
<arg>${element}</arg>
<arg>${value}</arg>
</arguments>
<msg timestamp="20240414 01:00:00.001" level="INFO">Typing text '3 STADIUM DRIVE SPORT SINGAPORE (SPORTSG) SINGAPORE 397630' into text field 'id=address-autocomplete'.</msg>
<status status="PASS" starttime="20240414 01:00:00.000" endtime="20240414 01:00:00.945"></status>
</kw>
<status status="PASS" starttime="20240414 00:59:59.998" endtime="20240414 01:00:00.946"></status>
</kw>
<kw name="click" library="seleniumLibrary">
<arguments>
<arg>${description}</arg>
</arguments>
<kw name="Click Element" library="Selenium2Library">
<doc>Click element identified by ``locator``.</doc>
<arguments>
<arg>${element}</arg>
</arguments>
<msg timestamp="20240414 01:00:00.948" level="INFO">Clicking element 'id=:rc:'.</msg>
<status status="PASS" starttime="20240414 01:00:00.947" endtime="20240414 01:00:01.320"></status>
</kw>
<status status="PASS" starttime="20240414 01:00:00.946" endtime="20240414 01:00:01.321"></status>
</kw>
<kw name="type" library="seleniumLibrary">
<arguments>
<arg>${description}</arg>
<arg>for beginners only</arg>
</arguments>
<kw name="Input Text" library="Selenium2Library">
<doc>Types the given ``text`` into text field identified by ``locator``.</doc>
<arguments>
<arg>${element}</arg>
<arg>${value}</arg>
</arguments>
<msg timestamp="20240414 01:00:01.323" level="INFO">Typing text 'for beginners only' into text field 'id=:rc:'.</msg>
<status status="PASS" starttime="20240414 01:00:01.323" endtime="20240414 01:00:02.068"></status>
</kw>
<status status="PASS" starttime="20240414 01:00:01.322" endtime="20240414 01:00:02.069"></status>
</kw>
<kw name="click" library="seleniumLibrary">
<arguments>
<arg>${saveBtn}</arg>
</arguments>
<kw name="Click Element" library="Selenium2Library">
<doc>Click element identified by ``locator``.</doc>
<arguments>
<arg>${element}</arg>
</arguments>
<msg timestamp="20240414 01:00:02.072" level="INFO">Clicking element 'xpath=//*[@id="content-container"]/div/form/div/div[10]/button[2]'.</msg>
<status status="PASS" starttime="20240414 01:00:02.071" endtime="20240414 01:00:02.439"></status>
</kw>
<status status="PASS" starttime="20240414 01:00:02.069" endtime="20240414 01:00:02.440"></status>
</kw>
<kw name="Sleep" library="BuiltIn">
<doc>Pauses the test executed for the given time.</doc>
<arguments>
<arg>${LONGSLEEP}</arg>
</arguments>
<msg timestamp="20240414 01:00:07.447" level="INFO">Slept 5 seconds</msg>
<status status="PASS" starttime="20240414 01:00:02.441" endtime="20240414 01:00:07.448"></status>
</kw>
<status status="PASS" starttime="20240414 00:59:53.107" endtime="20240414 01:00:07.449"></status>
</kw>
<kw name="And Exit MyFitness" library="common">
<kw name="Go Page Top" library="common">
<kw name="Execute Javascript" library="Selenium2Library">
<doc>Executes the given JavaScript code.</doc>
<arguments>
<arg>window.scrollTo(0, 0);</arg>
</arguments>
<msg timestamp="20240414 01:00:07.452" level="INFO">Executing JavaScript:
window.scrollTo(0, 0);</msg>
<status status="PASS" starttime="20240414 01:00:07.452" endtime="20240414 01:00:07.572"></status>
</kw>
<status status="PASS" starttime="20240414 01:00:07.451" endtime="20240414 01:00:07.573"></status>
</kw>
<kw name="Sleep" library="BuiltIn">
<doc>Pauses the test executed for the given time.</doc>
<arguments>
<arg>${LONGSLEEP}</arg>
</arguments>
<msg timestamp="20240414 01:00:12.586" level="INFO">Slept 5 seconds</msg>
<status status="PASS" starttime="20240414 01:00:07.573" endtime="20240414 01:00:12.587"></status>
</kw>
<kw name="Close Browser" library="Selenium2Library">
<doc>Closes the current browser.</doc>
<status status="PASS" starttime="20240414 01:00:12.588" endtime="20240414 01:00:14.812"></status>
</kw>
<status status="PASS" starttime="20240414 01:00:07.450" endtime="20240414 01:00:14.812"></status>
</kw>
<status status="PASS" starttime="20240414 00:59:16.393" endtime="20240414 01:00:14.812"></status>
</kw>
<status status="PASS" starttime="20240414 00:58:14.525" endtime="20240414 01:00:14.812"></status>
</kw>
<status status="PASS" starttime="20240414 00:58:14.525" endtime="20240414 01:00:14.814" critical="yes"></status>
</test>
<doc>A test suite to Create Event based on parameters provided.</doc>
<status status="PASS" starttime="20240414 00:58:14.264" endtime="20240414 01:00:14.819"></status>
</suite>
<statistics>
<total>
<stat pass="1" fail="0">Critical Tests</stat>
<stat pass="1" fail="0">All Tests</stat>
</total>
<tag>
</tag>
<suite>
<stat pass="1" fail="0" id="s1" name="CreateEvent">CreateEvent</stat>
</suite>
</statistics>
<errors>
</errors>
</robot>
