<?xml version="1.0" encoding="UTF-8"?>
<robot generator="Robot 2.9 (Python 3.7.3 on win32)" generated="20240414 15:12:01.368">
<suite id="s1" name="SaveAttendanceAsOrganizer" source="C:\Users\daiyu\source\repos\SWE5006_Team18_myFitness\myFitness\RobotFramework\Scripts\Attendance\Tests\SaveAttendanceAsOrganizer.robot">
<test id="s1-t1" name="As a Organiser, I want to save attendance as organizer">
<kw name="${BROWSER} IN [ @{BROWSERLIST} ]" type="for">
<kw name="${BROWSER} = chrome" type="foritem">
<kw name="Given Host Is Opened and User Logins" library="common">
<arguments>
<arg>${BROWSER}</arg>
<arg>${HOST}</arg>
</arguments>
<kw name="Open MyFitness" library="common">
<arguments>
<arg>${BROWSER}</arg>
<arg>${HOST}</arg>
</arguments>
<kw name="Open Browser" library="Selenium2Library">
<doc>Opens a new browser instance to the given ``url``.</doc>
<arguments>
<arg>${ENV}</arg>
<arg>${BROWSER}</arg>
</arguments>
<msg timestamp="20240414 15:12:01.564" level="INFO">Opening browser 'chrome' to base url 'https://localhost:44482/'.</msg>
<status status="PASS" starttime="20240414 15:12:01.564" endtime="20240414 15:12:04.418"></status>
</kw>
<kw name="Check Browser" library="common">
<kw name="Wait For Condition" library="Selenium2Library">
<doc>Waits until ``condition`` is true or ``timeout`` expires.</doc>
<arguments>
<arg>return document.readyState=="complete"</arg>
</arguments>
<status status="PASS" starttime="20240414 15:12:04.418" endtime="20240414 15:12:04.428"></status>
</kw>
<status status="PASS" starttime="20240414 15:12:04.418" endtime="20240414 15:12:04.428"></status>
</kw>
<kw name="Maximize Browser Window" library="Selenium2Library">
<doc>Maximizes current browser window.</doc>
<status status="PASS" starttime="20240414 15:12:04.428" endtime="20240414 15:12:04.553"></status>
</kw>
<kw name="Set Selenium Speed" library="Selenium2Library">
<doc>Sets the delay that is waited after each Selenium command.</doc>
<arguments>
<arg>0.1 seconds</arg>
</arguments>
<status status="PASS" starttime="20240414 15:12:04.553" endtime="20240414 15:12:04.553"></status>
</kw>
<kw name="Set Selenium Timeout" library="Selenium2Library">
<doc>Sets the timeout that is used by various keywords.</doc>
<arguments>
<arg>15 seconds</arg>
</arguments>
<status status="PASS" starttime="20240414 15:12:04.556" endtime="20240414 15:12:04.658"></status>
</kw>
<kw name="Check Browser" library="common">
<kw name="Wait For Condition" library="Selenium2Library">
<doc>Waits until ``condition`` is true or ``timeout`` expires.</doc>
<arguments>
<arg>return document.readyState=="complete"</arg>
</arguments>
<status status="PASS" starttime="20240414 15:12:04.659" endtime="20240414 15:12:04.767"></status>
</kw>
<status status="PASS" starttime="20240414 15:12:04.658" endtime="20240414 15:12:04.767"></status>
</kw>
<status status="PASS" starttime="20240414 15:12:01.564" endtime="20240414 15:12:04.768"></status>
</kw>
<kw name="Check Browser" library="common">
<kw name="Wait For Condition" library="Selenium2Library">
<doc>Waits until ``condition`` is true or ``timeout`` expires.</doc>
<arguments>
<arg>return document.readyState=="complete"</arg>
</arguments>
<status status="PASS" starttime="20240414 15:12:04.768" endtime="20240414 15:12:04.887"></status>
</kw>
<status status="PASS" starttime="20240414 15:12:04.768" endtime="20240414 15:12:04.887"></status>
</kw>
<kw name="Check Browser" library="common">
<kw name="Wait For Condition" library="Selenium2Library">
<doc>Waits until ``condition`` is true or ``timeout`` expires.</doc>
<arguments>
<arg>return document.readyState=="complete"</arg>
</arguments>
<status status="PASS" starttime="20240414 15:12:04.887" endtime="20240414 15:12:05.002"></status>
</kw>
<status status="PASS" starttime="20240414 15:12:04.887" endtime="20240414 15:12:05.002"></status>
</kw>
<kw name="Login as User" library="common">
<arguments>
<arg>${BROWSER}</arg>
</arguments>
<kw name="click" library="seleniumLibrary">
<arguments>
<arg>${email}</arg>
</arguments>
<kw name="Click Element" library="Selenium2Library">
<doc>Click element identified by ``locator``.</doc>
<arguments>
<arg>${element}</arg>
</arguments>
<msg timestamp="20240414 15:12:05.002" level="INFO">Clicking element 'id=email'.</msg>
<status status="PASS" starttime="20240414 15:12:05.002" endtime="20240414 15:12:05.299"></status>
</kw>
<status status="PASS" starttime="20240414 15:12:05.002" endtime="20240414 15:12:05.301"></status>
</kw>
<kw name="Run Keyword If" library="BuiltIn">
<doc>Runs the given keyword with the given arguments, if ``condition`` is true.</doc>
<arguments>
<arg>'${BROWSER}' == 'firefox'</arg>
<arg>Type</arg>
<arg>${email}</arg>
<arg>lpz@test.com</arg>
</arguments>
<status status="PASS" starttime="20240414 15:12:05.301" endtime="20240414 15:12:05.305"></status>
</kw>
<kw name="Run Keyword If" library="BuiltIn">
<doc>Runs the given keyword with the given arguments, if ``condition`` is true.</doc>
<arguments>
<arg>'${BROWSER}' == 'chrome'</arg>
<arg>Type</arg>
<arg>${email}</arg>
<arg>lpz@test.com</arg>
</arguments>
<kw name="type" library="seleniumLibrary">
<arguments>
<arg>${email}</arg>
<arg>lpz@test.com</arg>
</arguments>
<kw name="Input Text" library="Selenium2Library">
<doc>Types the given ``text`` into text field identified by ``locator``.</doc>
<arguments>
<arg>${element}</arg>
<arg>${value}</arg>
</arguments>
<msg timestamp="20240414 15:12:05.305" level="INFO">Typing text 'lpz@test.com' into text field 'id=email'.</msg>
<status status="PASS" starttime="20240414 15:12:05.305" endtime="20240414 15:12:05.936"></status>
</kw>
<status status="PASS" starttime="20240414 15:12:05.305" endtime="20240414 15:12:05.936"></status>
</kw>
<status status="PASS" starttime="20240414 15:12:05.305" endtime="20240414 15:12:05.936"></status>
</kw>
<kw name="click" library="seleniumLibrary">
<arguments>
<arg>${password}</arg>
</arguments>
<kw name="Click Element" library="Selenium2Library">
<doc>Click element identified by ``locator``.</doc>
<arguments>
<arg>${element}</arg>
</arguments>
<msg timestamp="20240414 15:12:05.936" level="INFO">Clicking element 'id=password'.</msg>
<status status="PASS" starttime="20240414 15:12:05.936" endtime="20240414 15:12:06.254"></status>
</kw>
<status status="PASS" starttime="20240414 15:12:05.936" endtime="20240414 15:12:06.254"></status>
</kw>
<kw name="Run Keyword If" library="BuiltIn">
<doc>Runs the given keyword with the given arguments, if ``condition`` is true.</doc>
<arguments>
<arg>'${BROWSER}' == 'firefox'</arg>
<arg>Type</arg>
<arg>${password}</arg>
<arg>Password123!</arg>
</arguments>
<status status="PASS" starttime="20240414 15:12:06.254" endtime="20240414 15:12:06.254"></status>
</kw>
<kw name="Run Keyword If" library="BuiltIn">
<doc>Runs the given keyword with the given arguments, if ``condition`` is true.</doc>
<arguments>
<arg>'${BROWSER}' == 'chrome'</arg>
<arg>Type</arg>
<arg>${password}</arg>
<arg>Password123!</arg>
</arguments>
<kw name="type" library="seleniumLibrary">
<arguments>
<arg>${password}</arg>
<arg>Password123!</arg>
</arguments>
<kw name="Input Text" library="Selenium2Library">
<doc>Types the given ``text`` into text field identified by ``locator``.</doc>
<arguments>
<arg>${element}</arg>
<arg>${value}</arg>
</arguments>
<msg timestamp="20240414 15:12:06.254" level="INFO">Typing text 'Password123!' into text field 'id=password'.</msg>
<status status="PASS" starttime="20240414 15:12:06.254" endtime="20240414 15:12:06.800"></status>
</kw>
<status status="PASS" starttime="20240414 15:12:06.254" endtime="20240414 15:12:06.800"></status>
</kw>
<status status="PASS" starttime="20240414 15:12:06.254" endtime="20240414 15:12:06.800"></status>
</kw>
<kw name="click" library="seleniumLibrary">
<arguments>
<arg>${loginBtn}</arg>
</arguments>
<kw name="Click Element" library="Selenium2Library">
<doc>Click element identified by ``locator``.</doc>
<arguments>
<arg>${element}</arg>
</arguments>
<msg timestamp="20240414 15:12:06.800" level="INFO">Clicking element 'xpath=//*[@id="main-container"]/div/div/div/div/form/div/div[3]/button'.</msg>
<status status="PASS" starttime="20240414 15:12:06.800" endtime="20240414 15:12:07.137"></status>
</kw>
<status status="PASS" starttime="20240414 15:12:06.800" endtime="20240414 15:12:07.138"></status>
</kw>
<kw name="Sleep" library="BuiltIn">
<doc>Pauses the test executed for the given time.</doc>
<arguments>
<arg>${LONGPAUSE}</arg>
</arguments>
<msg timestamp="20240414 15:12:22.143" level="INFO">Slept 15 seconds</msg>
<status status="PASS" starttime="20240414 15:12:07.138" endtime="20240414 15:12:22.143"></status>
</kw>
<status status="PASS" starttime="20240414 15:12:05.002" endtime="20240414 15:12:22.143"></status>
</kw>
<kw name="Sleep" library="BuiltIn">
<doc>Pauses the test executed for the given time.</doc>
<arguments>
<arg>${LONGPAUSE}</arg>
</arguments>
<msg timestamp="20240414 15:12:37.156" level="INFO">Slept 15 seconds</msg>
<status status="PASS" starttime="20240414 15:12:22.143" endtime="20240414 15:12:37.156"></status>
</kw>
<status status="PASS" starttime="20240414 15:12:01.564" endtime="20240414 15:12:37.156"></status>
</kw>
<kw name="And Accesses Attendance via Navmenu" library="SaveAttendanceAsOrganizer_Common">
<kw name="click" library="seleniumLibrary">
<arguments>
<arg>${attendanceMenuIcon}</arg>
</arguments>
<kw name="Click Element" library="Selenium2Library">
<doc>Click element identified by ``locator``.</doc>
<arguments>
<arg>${element}</arg>
</arguments>
<msg timestamp="20240414 15:12:37.156" level="INFO">Clicking element 'link=Attendance'.</msg>
<status status="PASS" starttime="20240414 15:12:37.156" endtime="20240414 15:12:37.636"></status>
</kw>
<status status="PASS" starttime="20240414 15:12:37.156" endtime="20240414 15:12:37.636"></status>
</kw>
<status status="PASS" starttime="20240414 15:12:37.156" endtime="20240414 15:12:37.637"></status>
</kw>
<kw name="And Save Attendance as Organizer" library="SaveAttendanceAsOrganizer_Common">
<kw name="Sleep" library="BuiltIn">
<doc>Pauses the test executed for the given time.</doc>
<arguments>
<arg>${LONGSLEEP}</arg>
</arguments>
<msg timestamp="20240414 15:12:42.650" level="INFO">Slept 5 seconds</msg>
<status status="PASS" starttime="20240414 15:12:37.638" endtime="20240414 15:12:42.650"></status>
</kw>
<kw name="Sleep" library="BuiltIn">
<doc>Pauses the test executed for the given time.</doc>
<arguments>
<arg>${LONGSLEEP}</arg>
</arguments>
<msg timestamp="20240414 15:12:47.660" level="INFO">Slept 5 seconds</msg>
<status status="PASS" starttime="20240414 15:12:42.650" endtime="20240414 15:12:47.660"></status>
</kw>
<kw name="click" library="seleniumLibrary">
<arguments>
<arg>${sampleAttendance}</arg>
</arguments>
<kw name="Click Element" library="Selenium2Library">
<doc>Click element identified by ``locator``.</doc>
<arguments>
<arg>${element}</arg>
</arguments>
<msg timestamp="20240414 15:12:47.660" level="INFO">Clicking element 'xpath=//*[@id="content-container"]/div/div/div[2]/div/div[2]/div/table/tbody/tr/td/div/div/div/table/tbody/tr[4]/td[5]/div/div[2]/div[1]'.</msg>
<status status="PASS" starttime="20240414 15:12:47.660" endtime="20240414 15:12:47.981"></status>
</kw>
<status status="PASS" starttime="20240414 15:12:47.660" endtime="20240414 15:12:47.983"></status>
</kw>
<kw name="Sleep" library="BuiltIn">
<doc>Pauses the test executed for the given time.</doc>
<arguments>
<arg>${LONGSLEEP}</arg>
</arguments>
<msg timestamp="20240414 15:12:52.989" level="INFO">Slept 5 seconds</msg>
<status status="PASS" starttime="20240414 15:12:47.983" endtime="20240414 15:12:52.989"></status>
</kw>
<kw name="click" library="seleniumLibrary">
<arguments>
<arg>xpath=//input[@type='checkbox']</arg>
</arguments>
<kw name="Click Element" library="Selenium2Library">
<doc>Click element identified by ``locator``.</doc>
<arguments>
<arg>${element}</arg>
</arguments>
<msg timestamp="20240414 15:12:52.989" level="INFO">Clicking element 'xpath=//input[@type='checkbox']'.</msg>
<status status="PASS" starttime="20240414 15:12:52.989" endtime="20240414 15:12:53.304"></status>
</kw>
<status status="PASS" starttime="20240414 15:12:52.989" endtime="20240414 15:12:53.304"></status>
</kw>
<kw name="Sleep" library="BuiltIn">
<doc>Pauses the test executed for the given time.</doc>
<arguments>
<arg>${LONGSLEEP}</arg>
</arguments>
<msg timestamp="20240414 15:12:58.317" level="INFO">Slept 5 seconds</msg>
<status status="PASS" starttime="20240414 15:12:53.304" endtime="20240414 15:12:58.319"></status>
</kw>
<kw name="click" library="seleniumLibrary">
<arguments>
<arg>xpath=//tr[2]/td[2]/label/span/input</arg>
</arguments>
<kw name="Click Element" library="Selenium2Library">
<doc>Click element identified by ``locator``.</doc>
<arguments>
<arg>${element}</arg>
</arguments>
<msg timestamp="20240414 15:12:58.321" level="INFO">Clicking element 'xpath=//tr[2]/td[2]/label/span/input'.</msg>
<status status="PASS" starttime="20240414 15:12:58.320" endtime="20240414 15:12:58.615"></status>
</kw>
<status status="PASS" starttime="20240414 15:12:58.319" endtime="20240414 15:12:58.615"></status>
</kw>
<kw name="Sleep" library="BuiltIn">
<doc>Pauses the test executed for the given time.</doc>
<arguments>
<arg>${LONGSLEEP}</arg>
</arguments>
<msg timestamp="20240414 15:13:03.623" level="INFO">Slept 5 seconds</msg>
<status status="PASS" starttime="20240414 15:12:58.615" endtime="20240414 15:13:03.623"></status>
</kw>
<kw name="click" library="seleniumLibrary">
<arguments>
<arg>${submitBtn}</arg>
</arguments>
<kw name="Click Element" library="Selenium2Library">
<doc>Click element identified by ``locator``.</doc>
<arguments>
<arg>${element}</arg>
</arguments>
<msg timestamp="20240414 15:13:03.623" level="INFO">Clicking element 'xpath=//button[@type='submit']'.</msg>
<status status="PASS" starttime="20240414 15:13:03.623" endtime="20240414 15:13:03.894"></status>
</kw>
<status status="PASS" starttime="20240414 15:13:03.623" endtime="20240414 15:13:03.894"></status>
</kw>
<status status="PASS" starttime="20240414 15:12:37.638" endtime="20240414 15:13:03.894"></status>
</kw>
<kw name="And Exit MyFitness" library="common">
<kw name="Go Page Top" library="common">
<kw name="Execute Javascript" library="Selenium2Library">
<doc>Executes the given JavaScript code.</doc>
<arguments>
<arg>window.scrollTo(0, 0);</arg>
</arguments>
<msg timestamp="20240414 15:13:03.897" level="INFO">Executing JavaScript:
window.scrollTo(0, 0);</msg>
<status status="PASS" starttime="20240414 15:13:03.897" endtime="20240414 15:13:04.011"></status>
</kw>
<status status="PASS" starttime="20240414 15:13:03.896" endtime="20240414 15:13:04.014"></status>
</kw>
<kw name="Sleep" library="BuiltIn">
<doc>Pauses the test executed for the given time.</doc>
<arguments>
<arg>${LONGSLEEP}</arg>
</arguments>
<msg timestamp="20240414 15:13:09.015" level="INFO">Slept 5 seconds</msg>
<status status="PASS" starttime="20240414 15:13:04.014" endtime="20240414 15:13:09.015"></status>
</kw>
<kw name="Close Browser" library="Selenium2Library">
<doc>Closes the current browser.</doc>
<status status="PASS" starttime="20240414 15:13:09.015" endtime="20240414 15:13:11.235"></status>
</kw>
<status status="PASS" starttime="20240414 15:13:03.894" endtime="20240414 15:13:11.235"></status>
</kw>
<status status="PASS" starttime="20240414 15:12:01.564" endtime="20240414 15:13:11.235"></status>
</kw>
<kw name="${BROWSER} = firefox" type="foritem">
<kw name="Given Host Is Opened and User Logins" library="common">
<arguments>
<arg>${BROWSER}</arg>
<arg>${HOST}</arg>
</arguments>
<kw name="Open MyFitness" library="common">
<arguments>
<arg>${BROWSER}</arg>
<arg>${HOST}</arg>
</arguments>
<kw name="Open Browser" library="Selenium2Library">
<doc>Opens a new browser instance to the given ``url``.</doc>
<arguments>
<arg>${ENV}</arg>
<arg>${BROWSER}</arg>
</arguments>
<msg timestamp="20240414 15:13:11.235" level="INFO">Opening browser 'firefox' to base url 'https://localhost:44482/'.</msg>
<status status="PASS" starttime="20240414 15:13:11.235" endtime="20240414 15:13:18.254"></status>
</kw>
<kw name="Check Browser" library="common">
<kw name="Wait For Condition" library="Selenium2Library">
<doc>Waits until ``condition`` is true or ``timeout`` expires.</doc>
<arguments>
<arg>return document.readyState=="complete"</arg>
</arguments>
<status status="PASS" starttime="20240414 15:13:18.254" endtime="20240414 15:13:18.375"></status>
</kw>
<status status="PASS" starttime="20240414 15:13:18.254" endtime="20240414 15:13:18.375"></status>
</kw>
<kw name="Maximize Browser Window" library="Selenium2Library">
<doc>Maximizes current browser window.</doc>
<status status="PASS" starttime="20240414 15:13:18.375" endtime="20240414 15:13:18.483"></status>
</kw>
<kw name="Set Selenium Speed" library="Selenium2Library">
<doc>Sets the delay that is waited after each Selenium command.</doc>
<arguments>
<arg>0.1 seconds</arg>
</arguments>
<status status="PASS" starttime="20240414 15:13:18.484" endtime="20240414 15:13:18.484"></status>
</kw>
<kw name="Set Selenium Timeout" library="Selenium2Library">
<doc>Sets the timeout that is used by various keywords.</doc>
<arguments>
<arg>15 seconds</arg>
</arguments>
<status status="PASS" starttime="20240414 15:13:18.484" endtime="20240414 15:13:18.601"></status>
</kw>
<kw name="Check Browser" library="common">
<kw name="Wait For Condition" library="Selenium2Library">
<doc>Waits until ``condition`` is true or ``timeout`` expires.</doc>
<arguments>
<arg>return document.readyState=="complete"</arg>
</arguments>
<status status="PASS" starttime="20240414 15:13:18.601" endtime="20240414 15:13:18.714"></status>
</kw>
<status status="PASS" starttime="20240414 15:13:18.601" endtime="20240414 15:13:18.714"></status>
</kw>
<status status="PASS" starttime="20240414 15:13:11.235" endtime="20240414 15:13:18.714"></status>
</kw>
<kw name="Check Browser" library="common">
<kw name="Wait For Condition" library="Selenium2Library">
<doc>Waits until ``condition`` is true or ``timeout`` expires.</doc>
<arguments>
<arg>return document.readyState=="complete"</arg>
</arguments>
<status status="PASS" starttime="20240414 15:13:18.716" endtime="20240414 15:13:18.833"></status>
</kw>
<status status="PASS" starttime="20240414 15:13:18.714" endtime="20240414 15:13:18.834"></status>
</kw>
<kw name="Check Browser" library="common">
<kw name="Wait For Condition" library="Selenium2Library">
<doc>Waits until ``condition`` is true or ``timeout`` expires.</doc>
<arguments>
<arg>return document.readyState=="complete"</arg>
</arguments>
<status status="PASS" starttime="20240414 15:13:18.836" endtime="20240414 15:13:18.953"></status>
</kw>
<status status="PASS" starttime="20240414 15:13:18.834" endtime="20240414 15:13:18.953"></status>
</kw>
<kw name="Login as User" library="common">
<arguments>
<arg>${BROWSER}</arg>
</arguments>
<kw name="click" library="seleniumLibrary">
<arguments>
<arg>${email}</arg>
</arguments>
<kw name="Click Element" library="Selenium2Library">
<doc>Click element identified by ``locator``.</doc>
<arguments>
<arg>${element}</arg>
</arguments>
<msg timestamp="20240414 15:13:18.956" level="INFO">Clicking element 'id=email'.</msg>
<status status="PASS" starttime="20240414 15:13:18.956" endtime="20240414 15:13:19.458"></status>
</kw>
<status status="PASS" starttime="20240414 15:13:18.953" endtime="20240414 15:13:19.458"></status>
</kw>
<kw name="Run Keyword If" library="BuiltIn">
<doc>Runs the given keyword with the given arguments, if ``condition`` is true.</doc>
<arguments>
<arg>'${BROWSER}' == 'firefox'</arg>
<arg>Type</arg>
<arg>${email}</arg>
<arg>lpz@test.com</arg>
</arguments>
<kw name="type" library="seleniumLibrary">
<arguments>
<arg>${email}</arg>
<arg>lpz@test.com</arg>
</arguments>
<kw name="Input Text" library="Selenium2Library">
<doc>Types the given ``text`` into text field identified by ``locator``.</doc>
<arguments>
<arg>${element}</arg>
<arg>${value}</arg>
</arguments>
<msg timestamp="20240414 15:13:19.460" level="INFO">Typing text 'lpz@test.com' into text field 'id=email'.</msg>
<status status="PASS" starttime="20240414 15:13:19.460" endtime="20240414 15:13:20.017"></status>
</kw>
<status status="PASS" starttime="20240414 15:13:19.460" endtime="20240414 15:13:20.017"></status>
</kw>
<status status="PASS" starttime="20240414 15:13:19.458" endtime="20240414 15:13:20.017"></status>
</kw>
<kw name="Run Keyword If" library="BuiltIn">
<doc>Runs the given keyword with the given arguments, if ``condition`` is true.</doc>
<arguments>
<arg>'${BROWSER}' == 'chrome'</arg>
<arg>Type</arg>
<arg>${email}</arg>
<arg>lpz@test.com</arg>
</arguments>
<status status="PASS" starttime="20240414 15:13:20.017" endtime="20240414 15:13:20.020"></status>
</kw>
<kw name="click" library="seleniumLibrary">
<arguments>
<arg>${password}</arg>
</arguments>
<kw name="Click Element" library="Selenium2Library">
<doc>Click element identified by ``locator``.</doc>
<arguments>
<arg>${element}</arg>
</arguments>
<msg timestamp="20240414 15:13:20.020" level="INFO">Clicking element 'id=password'.</msg>
<status status="PASS" starttime="20240414 15:13:20.020" endtime="20240414 15:13:20.487"></status>
</kw>
<status status="PASS" starttime="20240414 15:13:20.020" endtime="20240414 15:13:20.487"></status>
</kw>
<kw name="Run Keyword If" library="BuiltIn">
<doc>Runs the given keyword with the given arguments, if ``condition`` is true.</doc>
<arguments>
<arg>'${BROWSER}' == 'firefox'</arg>
<arg>Type</arg>
<arg>${password}</arg>
<arg>Password123!</arg>
</arguments>
<kw name="type" library="seleniumLibrary">
<arguments>
<arg>${password}</arg>
<arg>Password123!</arg>
</arguments>
<kw name="Input Text" library="Selenium2Library">
<doc>Types the given ``text`` into text field identified by ``locator``.</doc>
<arguments>
<arg>${element}</arg>
<arg>${value}</arg>
</arguments>
<msg timestamp="20240414 15:13:20.490" level="INFO">Typing text 'Password123!' into text field 'id=password'.</msg>
<status status="PASS" starttime="20240414 15:13:20.490" endtime="20240414 15:13:20.974"></status>
</kw>
<status status="PASS" starttime="20240414 15:13:20.490" endtime="20240414 15:13:20.974"></status>
</kw>
<status status="PASS" starttime="20240414 15:13:20.487" endtime="20240414 15:13:20.974"></status>
</kw>
<kw name="Run Keyword If" library="BuiltIn">
<doc>Runs the given keyword with the given arguments, if ``condition`` is true.</doc>
<arguments>
<arg>'${BROWSER}' == 'chrome'</arg>
<arg>Type</arg>
<arg>${password}</arg>
<arg>Password123!</arg>
</arguments>
<status status="PASS" starttime="20240414 15:13:20.974" endtime="20240414 15:13:20.978"></status>
</kw>
<kw name="click" library="seleniumLibrary">
<arguments>
<arg>${loginBtn}</arg>
</arguments>
<kw name="Click Element" library="Selenium2Library">
<doc>Click element identified by ``locator``.</doc>
<arguments>
<arg>${element}</arg>
</arguments>
<msg timestamp="20240414 15:13:20.980" level="INFO">Clicking element 'xpath=//*[@id="main-container"]/div/div/div/div/form/div/div[3]/button'.</msg>
<status status="PASS" starttime="20240414 15:13:20.978" endtime="20240414 15:13:21.448"></status>
</kw>
<status status="PASS" starttime="20240414 15:13:20.978" endtime="20240414 15:13:21.448"></status>
</kw>
<kw name="Sleep" library="BuiltIn">
<doc>Pauses the test executed for the given time.</doc>
<arguments>
<arg>${LONGPAUSE}</arg>
</arguments>
<msg timestamp="20240414 15:13:36.451" level="INFO">Slept 15 seconds</msg>
<status status="PASS" starttime="20240414 15:13:21.449" endtime="20240414 15:13:36.451"></status>
</kw>
<status status="PASS" starttime="20240414 15:13:18.953" endtime="20240414 15:13:36.451"></status>
</kw>
<kw name="Sleep" library="BuiltIn">
<doc>Pauses the test executed for the given time.</doc>
<arguments>
<arg>${LONGPAUSE}</arg>
</arguments>
<msg timestamp="20240414 15:13:51.465" level="INFO">Slept 15 seconds</msg>
<status status="PASS" starttime="20240414 15:13:36.451" endtime="20240414 15:13:51.465"></status>
</kw>
<status status="PASS" starttime="20240414 15:13:11.235" endtime="20240414 15:13:51.465"></status>
</kw>
<kw name="And Accesses Attendance via Navmenu" library="SaveAttendanceAsOrganizer_Common">
<kw name="click" library="seleniumLibrary">
<arguments>
<arg>${attendanceMenuIcon}</arg>
</arguments>
<kw name="Click Element" library="Selenium2Library">
<doc>Click element identified by ``locator``.</doc>
<arguments>
<arg>${element}</arg>
</arguments>
<msg timestamp="20240414 15:13:51.465" level="INFO">Clicking element 'link=Attendance'.</msg>
<status status="PASS" starttime="20240414 15:13:51.465" endtime="20240414 15:13:52.461"></status>
</kw>
<status status="PASS" starttime="20240414 15:13:51.465" endtime="20240414 15:13:52.461"></status>
</kw>
<status status="PASS" starttime="20240414 15:13:51.465" endtime="20240414 15:13:52.461"></status>
</kw>
<kw name="And Save Attendance as Organizer" library="SaveAttendanceAsOrganizer_Common">
<kw name="Sleep" library="BuiltIn">
<doc>Pauses the test executed for the given time.</doc>
<arguments>
<arg>${LONGSLEEP}</arg>
</arguments>
<msg timestamp="20240414 15:13:57.465" level="INFO">Slept 5 seconds</msg>
<status status="PASS" starttime="20240414 15:13:52.461" endtime="20240414 15:13:57.466"></status>
</kw>
<kw name="Sleep" library="BuiltIn">
<doc>Pauses the test executed for the given time.</doc>
<arguments>
<arg>${LONGSLEEP}</arg>
</arguments>
<msg timestamp="20240414 15:14:02.471" level="INFO">Slept 5 seconds</msg>
<status status="PASS" starttime="20240414 15:13:57.466" endtime="20240414 15:14:02.472"></status>
</kw>
<kw name="click" library="seleniumLibrary">
<arguments>
<arg>${sampleAttendance}</arg>
</arguments>
<kw name="Click Element" library="Selenium2Library">
<doc>Click element identified by ``locator``.</doc>
<arguments>
<arg>${element}</arg>
</arguments>
<msg timestamp="20240414 15:14:02.472" level="INFO">Clicking element 'xpath=//*[@id="content-container"]/div/div/div[2]/div/div[2]/div/table/tbody/tr/td/div/div/div/table/tbody/tr[4]/td[5]/div/div[2]/div[1]'.</msg>
<status status="PASS" starttime="20240414 15:14:02.472" endtime="20240414 15:14:03.000"></status>
</kw>
<status status="PASS" starttime="20240414 15:14:02.472" endtime="20240414 15:14:03.000"></status>
</kw>
<kw name="Sleep" library="BuiltIn">
<doc>Pauses the test executed for the given time.</doc>
<arguments>
<arg>${LONGSLEEP}</arg>
</arguments>
<msg timestamp="20240414 15:14:08.014" level="INFO">Slept 5 seconds</msg>
<status status="PASS" starttime="20240414 15:14:03.000" endtime="20240414 15:14:08.014"></status>
</kw>
<kw name="click" library="seleniumLibrary">
<arguments>
<arg>xpath=//input[@type='checkbox']</arg>
</arguments>
<kw name="Click Element" library="Selenium2Library">
<doc>Click element identified by ``locator``.</doc>
<arguments>
<arg>${element}</arg>
</arguments>
<msg timestamp="20240414 15:14:08.017" level="INFO">Clicking element 'xpath=//input[@type='checkbox']'.</msg>
<status status="PASS" starttime="20240414 15:14:08.017" endtime="20240414 15:14:08.475"></status>
</kw>
<status status="PASS" starttime="20240414 15:14:08.014" endtime="20240414 15:14:08.475"></status>
</kw>
<kw name="Sleep" library="BuiltIn">
<doc>Pauses the test executed for the given time.</doc>
<arguments>
<arg>${LONGSLEEP}</arg>
</arguments>
<msg timestamp="20240414 15:14:13.488" level="INFO">Slept 5 seconds</msg>
<status status="PASS" starttime="20240414 15:14:08.476" endtime="20240414 15:14:13.488"></status>
</kw>
<kw name="click" library="seleniumLibrary">
<arguments>
<arg>xpath=//tr[2]/td[2]/label/span/input</arg>
</arguments>
<kw name="Click Element" library="Selenium2Library">
<doc>Click element identified by ``locator``.</doc>
<arguments>
<arg>${element}</arg>
</arguments>
<msg timestamp="20240414 15:14:13.488" level="INFO">Clicking element 'xpath=//tr[2]/td[2]/label/span/input'.</msg>
<status status="PASS" starttime="20240414 15:14:13.488" endtime="20240414 15:14:13.956"></status>
</kw>
<status status="PASS" starttime="20240414 15:14:13.488" endtime="20240414 15:14:13.956"></status>
</kw>
<kw name="Sleep" library="BuiltIn">
<doc>Pauses the test executed for the given time.</doc>
<arguments>
<arg>${LONGSLEEP}</arg>
</arguments>
<msg timestamp="20240414 15:14:18.966" level="INFO">Slept 5 seconds</msg>
<status status="PASS" starttime="20240414 15:14:13.956" endtime="20240414 15:14:18.966"></status>
</kw>
<kw name="click" library="seleniumLibrary">
<arguments>
<arg>${submitBtn}</arg>
</arguments>
<kw name="Click Element" library="Selenium2Library">
<doc>Click element identified by ``locator``.</doc>
<arguments>
<arg>${element}</arg>
</arguments>
<msg timestamp="20240414 15:14:18.966" level="INFO">Clicking element 'xpath=//button[@type='submit']'.</msg>
<status status="PASS" starttime="20240414 15:14:18.966" endtime="20240414 15:14:19.422"></status>
</kw>
<status status="PASS" starttime="20240414 15:14:18.966" endtime="20240414 15:14:19.422"></status>
</kw>
<status status="PASS" starttime="20240414 15:13:52.461" endtime="20240414 15:14:19.422"></status>
</kw>
<kw name="And Exit MyFitness" library="common">
<kw name="Go Page Top" library="common">
<kw name="Execute Javascript" library="Selenium2Library">
<doc>Executes the given JavaScript code.</doc>
<arguments>
<arg>window.scrollTo(0, 0);</arg>
</arguments>
<msg timestamp="20240414 15:14:19.422" level="INFO">Executing JavaScript:
window.scrollTo(0, 0);</msg>
<status status="PASS" starttime="20240414 15:14:19.422" endtime="20240414 15:14:19.532"></status>
</kw>
<status status="PASS" starttime="20240414 15:14:19.422" endtime="20240414 15:14:19.532"></status>
</kw>
<kw name="Sleep" library="BuiltIn">
<doc>Pauses the test executed for the given time.</doc>
<arguments>
<arg>${LONGSLEEP}</arg>
</arguments>
<msg timestamp="20240414 15:14:24.541" level="INFO">Slept 5 seconds</msg>
<status status="PASS" starttime="20240414 15:14:19.532" endtime="20240414 15:14:24.541"></status>
</kw>
<kw name="Close Browser" library="Selenium2Library">
<doc>Closes the current browser.</doc>
<status status="PASS" starttime="20240414 15:14:24.541" endtime="20240414 15:14:25.670"></status>
</kw>
<status status="PASS" starttime="20240414 15:14:19.422" endtime="20240414 15:14:25.670"></status>
</kw>
<status status="PASS" starttime="20240414 15:13:11.235" endtime="20240414 15:14:25.670"></status>
</kw>
<status status="PASS" starttime="20240414 15:12:01.564" endtime="20240414 15:14:25.670"></status>
</kw>
<status status="PASS" starttime="20240414 15:12:01.564" endtime="20240414 15:14:25.670" critical="yes"></status>
</test>
<doc>A test suite to View Attendance based on parameters provided.</doc>
<status status="PASS" starttime="20240414 15:12:01.375" endtime="20240414 15:14:25.670"></status>
</suite>
<statistics>
<total>
<stat pass="1" fail="0">Critical Tests</stat>
<stat pass="1" fail="0">All Tests</stat>
</total>
<tag>
</tag>
<suite>
<stat pass="1" fail="0" id="s1" name="SaveAttendanceAsOrganizer">SaveAttendanceAsOrganizer</stat>
</suite>
</statistics>
<errors>
</errors>
</robot>
