<?xml version="1.0" encoding="UTF-8"?>
<robot generator="Robot 2.9 (Python 3.7.3 on win32)" generated="20240413 23:59:43.942">
<suite id="s1" name="Workout" source="C:\Users\PEIZHENNIE\source\repos\SWE5006_Team18_myFitness\myFitness\RobotFramework\Scripts\Workout\Tests\Workout.robot">
<test id="s1-t1" name="As a User, I want to view Workout Dashboard">
<kw name="${BROWSER} IN [ @{BROWSERLIST} ]" type="for">
<kw name="${BROWSER} = firefox" type="foritem">
<kw name="Given Host Is Opened and User Logins" library="common">
<arguments>
<arg>${BROWSER}</arg>
<arg>${HOST}</arg>
</arguments>
<kw name="Open MyFitness" library="common">
<arguments>
<arg>${BROWSER}</arg>
<arg>${HOST}</arg>
</arguments>
<kw name="Open Browser" library="Selenium2Library">
<doc>Opens a new browser instance to the given ``url``.</doc>
<arguments>
<arg>${ENV}</arg>
<arg>${BROWSER}</arg>
</arguments>
<msg timestamp="20240413 23:59:44.251" level="INFO">Opening browser 'firefox' to base url 'https://localhost:44482/'.</msg>
<status status="PASS" starttime="20240413 23:59:44.249" endtime="20240413 23:59:51.170"></status>
</kw>
<kw name="Check Browser" library="common">
<kw name="Wait For Condition" library="Selenium2Library">
<doc>Waits until ``condition`` is true or ``timeout`` expires.</doc>
<arguments>
<arg>return document.readyState=="complete"</arg>
</arguments>
<status status="PASS" starttime="20240413 23:59:51.172" endtime="20240413 23:59:51.188"></status>
</kw>
<status status="PASS" starttime="20240413 23:59:51.171" endtime="20240413 23:59:51.189"></status>
</kw>
<kw name="Maximize Browser Window" library="Selenium2Library">
<doc>Maximizes current browser window.</doc>
<status status="PASS" starttime="20240413 23:59:51.189" endtime="20240413 23:59:51.471"></status>
</kw>
<kw name="Set Selenium Speed" library="Selenium2Library">
<doc>Sets the delay that is waited after each Selenium command.</doc>
<arguments>
<arg>0.1 seconds</arg>
</arguments>
<status status="PASS" starttime="20240413 23:59:51.472" endtime="20240413 23:59:51.473"></status>
</kw>
<kw name="Set Selenium Timeout" library="Selenium2Library">
<doc>Sets the timeout that is used by various keywords.</doc>
<arguments>
<arg>15 seconds</arg>
</arguments>
<status status="PASS" starttime="20240413 23:59:51.473" endtime="20240413 23:59:51.590"></status>
</kw>
<kw name="Check Browser" library="common">
<kw name="Wait For Condition" library="Selenium2Library">
<doc>Waits until ``condition`` is true or ``timeout`` expires.</doc>
<arguments>
<arg>return document.readyState=="complete"</arg>
</arguments>
<status status="PASS" starttime="20240413 23:59:51.591" endtime="20240413 23:59:51.717"></status>
</kw>
<status status="PASS" starttime="20240413 23:59:51.591" endtime="20240413 23:59:51.717"></status>
</kw>
<status status="PASS" starttime="20240413 23:59:44.249" endtime="20240413 23:59:51.718"></status>
</kw>
<kw name="Check Browser" library="common">
<kw name="Wait For Condition" library="Selenium2Library">
<doc>Waits until ``condition`` is true or ``timeout`` expires.</doc>
<arguments>
<arg>return document.readyState=="complete"</arg>
</arguments>
<status status="PASS" starttime="20240413 23:59:51.719" endtime="20240413 23:59:51.826"></status>
</kw>
<status status="PASS" starttime="20240413 23:59:51.718" endtime="20240413 23:59:51.826"></status>
</kw>
<kw name="Check Browser" library="common">
<kw name="Wait For Condition" library="Selenium2Library">
<doc>Waits until ``condition`` is true or ``timeout`` expires.</doc>
<arguments>
<arg>return document.readyState=="complete"</arg>
</arguments>
<status status="PASS" starttime="20240413 23:59:51.828" endtime="20240413 23:59:51.952"></status>
</kw>
<status status="PASS" starttime="20240413 23:59:51.828" endtime="20240413 23:59:51.952"></status>
</kw>
<kw name="Login as User" library="common">
<arguments>
<arg>${BROWSER}</arg>
</arguments>
<kw name="click" library="seleniumLibrary">
<arguments>
<arg>${email}</arg>
</arguments>
<kw name="Click Element" library="Selenium2Library">
<doc>Click element identified by ``locator``.</doc>
<arguments>
<arg>${element}</arg>
</arguments>
<msg timestamp="20240413 23:59:51.956" level="INFO">Clicking element 'id=email'.</msg>
<status status="PASS" starttime="20240413 23:59:51.956" endtime="20240413 23:59:52.468"></status>
</kw>
<status status="PASS" starttime="20240413 23:59:51.954" endtime="20240413 23:59:52.470"></status>
</kw>
<kw name="Run Keyword If" library="BuiltIn">
<doc>Runs the given keyword with the given arguments, if ``condition`` is true.</doc>
<arguments>
<arg>'${BROWSER}' == 'firefox'</arg>
<arg>Type</arg>
<arg>${email}</arg>
<arg>lpz@test.com</arg>
</arguments>
<kw name="type" library="seleniumLibrary">
<arguments>
<arg>${email}</arg>
<arg>lpz@test.com</arg>
</arguments>
<kw name="Input Text" library="Selenium2Library">
<doc>Types the given ``text`` into text field identified by ``locator``.</doc>
<arguments>
<arg>${element}</arg>
<arg>${value}</arg>
</arguments>
<msg timestamp="20240413 23:59:52.475" level="INFO">Typing text 'lpz@test.com' into text field 'id=email'.</msg>
<status status="PASS" starttime="20240413 23:59:52.475" endtime="20240413 23:59:52.981"></status>
</kw>
<status status="PASS" starttime="20240413 23:59:52.474" endtime="20240413 23:59:52.982"></status>
</kw>
<status status="PASS" starttime="20240413 23:59:52.471" endtime="20240413 23:59:52.982"></status>
</kw>
<kw name="Run Keyword If" library="BuiltIn">
<doc>Runs the given keyword with the given arguments, if ``condition`` is true.</doc>
<arguments>
<arg>'${BROWSER}' == 'chrome'</arg>
<arg>Type</arg>
<arg>${email}</arg>
<arg>lpz@test.com</arg>
</arguments>
<status status="PASS" starttime="20240413 23:59:52.983" endtime="20240413 23:59:52.984"></status>
</kw>
<kw name="click" library="seleniumLibrary">
<arguments>
<arg>${password}</arg>
</arguments>
<kw name="Click Element" library="Selenium2Library">
<doc>Click element identified by ``locator``.</doc>
<arguments>
<arg>${element}</arg>
</arguments>
<msg timestamp="20240413 23:59:52.985" level="INFO">Clicking element 'id=password'.</msg>
<status status="PASS" starttime="20240413 23:59:52.985" endtime="20240413 23:59:53.434"></status>
</kw>
<status status="PASS" starttime="20240413 23:59:52.984" endtime="20240413 23:59:53.435"></status>
</kw>
<kw name="Run Keyword If" library="BuiltIn">
<doc>Runs the given keyword with the given arguments, if ``condition`` is true.</doc>
<arguments>
<arg>'${BROWSER}' == 'firefox'</arg>
<arg>Type</arg>
<arg>${password}</arg>
<arg>Password123!</arg>
</arguments>
<kw name="type" library="seleniumLibrary">
<arguments>
<arg>${password}</arg>
<arg>Password123!</arg>
</arguments>
<kw name="Input Text" library="Selenium2Library">
<doc>Types the given ``text`` into text field identified by ``locator``.</doc>
<arguments>
<arg>${element}</arg>
<arg>${value}</arg>
</arguments>
<msg timestamp="20240413 23:59:53.439" level="INFO">Typing text 'Password123!' into text field 'id=password'.</msg>
<status status="PASS" starttime="20240413 23:59:53.438" endtime="20240413 23:59:53.918"></status>
</kw>
<status status="PASS" starttime="20240413 23:59:53.437" endtime="20240413 23:59:53.919"></status>
</kw>
<status status="PASS" starttime="20240413 23:59:53.436" endtime="20240413 23:59:53.920"></status>
</kw>
<kw name="Run Keyword If" library="BuiltIn">
<doc>Runs the given keyword with the given arguments, if ``condition`` is true.</doc>
<arguments>
<arg>'${BROWSER}' == 'chrome'</arg>
<arg>Type</arg>
<arg>${password}</arg>
<arg>Password123!</arg>
</arguments>
<status status="PASS" starttime="20240413 23:59:53.921" endtime="20240413 23:59:53.923"></status>
</kw>
<kw name="click" library="seleniumLibrary">
<arguments>
<arg>${loginBtn}</arg>
</arguments>
<kw name="Click Element" library="Selenium2Library">
<doc>Click element identified by ``locator``.</doc>
<arguments>
<arg>${element}</arg>
</arguments>
<msg timestamp="20240413 23:59:53.924" level="INFO">Clicking element 'xpath=//*[@id="main-container"]/div/div/div/div/form/div/div[3]/button'.</msg>
<status status="PASS" starttime="20240413 23:59:53.924" endtime="20240413 23:59:54.402"></status>
</kw>
<status status="PASS" starttime="20240413 23:59:53.923" endtime="20240413 23:59:54.402"></status>
</kw>
<kw name="Sleep" library="BuiltIn">
<doc>Pauses the test executed for the given time.</doc>
<arguments>
<arg>${LONGPAUSE}</arg>
</arguments>
<msg timestamp="20240414 00:00:09.403" level="INFO">Slept 15 seconds</msg>
<status status="PASS" starttime="20240413 23:59:54.402" endtime="20240414 00:00:09.404"></status>
</kw>
<status status="PASS" starttime="20240413 23:59:51.953" endtime="20240414 00:00:09.404"></status>
</kw>
<kw name="Sleep" library="BuiltIn">
<doc>Pauses the test executed for the given time.</doc>
<arguments>
<arg>${LONGPAUSE}</arg>
</arguments>
<msg timestamp="20240414 00:00:24.412" level="INFO">Slept 15 seconds</msg>
<status status="PASS" starttime="20240414 00:00:09.404" endtime="20240414 00:00:24.412"></status>
</kw>
<status status="PASS" starttime="20240413 23:59:44.247" endtime="20240414 00:00:24.412"></status>
</kw>
<kw name="And Accesses Workout via Navmenu" library="Workout_Common">
<kw name="click" library="seleniumLibrary">
<arguments>
<arg>${workoutMenuIcon}</arg>
</arguments>
<kw name="Click Element" library="Selenium2Library">
<doc>Click element identified by ``locator``.</doc>
<arguments>
<arg>${element}</arg>
</arguments>
<msg timestamp="20240414 00:00:24.417" level="INFO">Clicking element 'link=Workouts'.</msg>
<status status="PASS" starttime="20240414 00:00:24.414" endtime="20240414 00:00:25.363"></status>
</kw>
<status status="PASS" starttime="20240414 00:00:24.413" endtime="20240414 00:00:25.363"></status>
</kw>
<status status="PASS" starttime="20240414 00:00:24.413" endtime="20240414 00:00:25.364"></status>
</kw>
<kw name="And User view Workout Dashboard" library="Workout_Common">
<kw name="click" library="seleniumLibrary">
<arguments>
<arg>${calendarBtnPrevious}</arg>
</arguments>
<kw name="Click Element" library="Selenium2Library">
<doc>Click element identified by ``locator``.</doc>
<arguments>
<arg>${element}</arg>
</arguments>
<msg timestamp="20240414 00:00:25.368" level="INFO">Clicking element 'xpath=//*[@id="content-container"]/div/div/div[2]/div[2]/div[1]/div/div[1]/div[3]/div/button[1]'.</msg>
<status status="PASS" starttime="20240414 00:00:25.367" endtime="20240414 00:00:25.860"></status>
</kw>
<status status="PASS" starttime="20240414 00:00:25.366" endtime="20240414 00:00:25.860"></status>
</kw>
<kw name="click" library="seleniumLibrary">
<arguments>
<arg>${calendarBtnNext}</arg>
</arguments>
<kw name="Click Element" library="Selenium2Library">
<doc>Click element identified by ``locator``.</doc>
<arguments>
<arg>${element}</arg>
</arguments>
<msg timestamp="20240414 00:00:25.862" level="INFO">Clicking element 'xpath=//*[@id="content-container"]/div/div/div[2]/div[2]/div[1]/div/div[1]/div[3]/div/button[2]'.</msg>
<status status="PASS" starttime="20240414 00:00:25.862" endtime="20240414 00:00:26.345"></status>
</kw>
<status status="PASS" starttime="20240414 00:00:25.861" endtime="20240414 00:00:26.346"></status>
</kw>
<kw name="click" library="seleniumLibrary">
<arguments>
<arg>${calendarBtnToday}</arg>
</arguments>
<kw name="Click Element" library="Selenium2Library">
<doc>Click element identified by ``locator``.</doc>
<arguments>
<arg>${element}</arg>
</arguments>
<msg timestamp="20240414 00:00:26.351" level="INFO">Clicking element 'xpath=//*[@id="content-container"]/div/div/div[2]/div[2]/div[1]/div/div[1]/div[3]/button'.</msg>
<status status="PASS" starttime="20240414 00:00:26.350" endtime="20240414 00:00:27.303"></status>
</kw>
<status status="PASS" starttime="20240414 00:00:26.348" endtime="20240414 00:00:27.304"></status>
</kw>
<kw name="click" library="seleniumLibrary">
<arguments>
<arg>${viewMoreBtn}</arg>
</arguments>
<kw name="Click Element" library="Selenium2Library">
<doc>Click element identified by ``locator``.</doc>
<arguments>
<arg>${element}</arg>
</arguments>
<msg timestamp="20240414 00:00:27.306" level="INFO">Clicking element 'xpath=//*[@id="content-container"]/div/div/div[2]/div[1]/div[1]/button'.</msg>
<status status="PASS" starttime="20240414 00:00:27.305" endtime="20240414 00:00:27.849"></status>
</kw>
<status status="PASS" starttime="20240414 00:00:27.304" endtime="20240414 00:00:27.850"></status>
</kw>
<kw name="Sleep" library="BuiltIn">
<doc>Pauses the test executed for the given time.</doc>
<arguments>
<arg>${LONGSLEEP}</arg>
</arguments>
<msg timestamp="20240414 00:00:32.866" level="INFO">Slept 5 seconds</msg>
<status status="PASS" starttime="20240414 00:00:27.851" endtime="20240414 00:00:32.867"></status>
</kw>
<status status="PASS" starttime="20240414 00:00:25.364" endtime="20240414 00:00:32.868"></status>
</kw>
<kw name="And Exit MyFitness" library="common">
<kw name="Go Page Top" library="common">
<kw name="Execute Javascript" library="Selenium2Library">
<doc>Executes the given JavaScript code.</doc>
<arguments>
<arg>window.scrollTo(0, 0);</arg>
</arguments>
<msg timestamp="20240414 00:00:32.871" level="INFO">Executing JavaScript:
window.scrollTo(0, 0);</msg>
<status status="PASS" starttime="20240414 00:00:32.870" endtime="20240414 00:00:32.991"></status>
</kw>
<status status="PASS" starttime="20240414 00:00:32.869" endtime="20240414 00:00:32.991"></status>
</kw>
<kw name="Sleep" library="BuiltIn">
<doc>Pauses the test executed for the given time.</doc>
<arguments>
<arg>${LONGSLEEP}</arg>
</arguments>
<msg timestamp="20240414 00:00:38.001" level="INFO">Slept 5 seconds</msg>
<status status="PASS" starttime="20240414 00:00:32.992" endtime="20240414 00:00:38.001"></status>
</kw>
<kw name="Close Browser" library="Selenium2Library">
<doc>Closes the current browser.</doc>
<status status="PASS" starttime="20240414 00:00:38.002" endtime="20240414 00:00:39.228"></status>
</kw>
<status status="PASS" starttime="20240414 00:00:32.868" endtime="20240414 00:00:39.229"></status>
</kw>
<status status="PASS" starttime="20240413 23:59:44.247" endtime="20240414 00:00:39.229"></status>
</kw>
<kw name="${BROWSER} = chrome" type="foritem">
<kw name="Given Host Is Opened and User Logins" library="common">
<arguments>
<arg>${BROWSER}</arg>
<arg>${HOST}</arg>
</arguments>
<kw name="Open MyFitness" library="common">
<arguments>
<arg>${BROWSER}</arg>
<arg>${HOST}</arg>
</arguments>
<kw name="Open Browser" library="Selenium2Library">
<doc>Opens a new browser instance to the given ``url``.</doc>
<arguments>
<arg>${ENV}</arg>
<arg>${BROWSER}</arg>
</arguments>
<msg timestamp="20240414 00:00:39.232" level="INFO">Opening browser 'chrome' to base url 'https://localhost:44482/'.</msg>
<status status="PASS" starttime="20240414 00:00:39.232" endtime="20240414 00:00:42.085"></status>
</kw>
<kw name="Check Browser" library="common">
<kw name="Wait For Condition" library="Selenium2Library">
<doc>Waits until ``condition`` is true or ``timeout`` expires.</doc>
<arguments>
<arg>return document.readyState=="complete"</arg>
</arguments>
<status status="PASS" starttime="20240414 00:00:42.088" endtime="20240414 00:00:42.211"></status>
</kw>
<status status="PASS" starttime="20240414 00:00:42.087" endtime="20240414 00:00:42.212"></status>
</kw>
<kw name="Maximize Browser Window" library="Selenium2Library">
<doc>Maximizes current browser window.</doc>
<status status="PASS" starttime="20240414 00:00:42.212" endtime="20240414 00:00:42.461"></status>
</kw>
<kw name="Set Selenium Speed" library="Selenium2Library">
<doc>Sets the delay that is waited after each Selenium command.</doc>
<arguments>
<arg>0.1 seconds</arg>
</arguments>
<status status="PASS" starttime="20240414 00:00:42.462" endtime="20240414 00:00:42.463"></status>
</kw>
<kw name="Set Selenium Timeout" library="Selenium2Library">
<doc>Sets the timeout that is used by various keywords.</doc>
<arguments>
<arg>15 seconds</arg>
</arguments>
<status status="PASS" starttime="20240414 00:00:42.463" endtime="20240414 00:00:42.570"></status>
</kw>
<kw name="Check Browser" library="common">
<kw name="Wait For Condition" library="Selenium2Library">
<doc>Waits until ``condition`` is true or ``timeout`` expires.</doc>
<arguments>
<arg>return document.readyState=="complete"</arg>
</arguments>
<status status="PASS" starttime="20240414 00:00:42.572" endtime="20240414 00:00:42.695"></status>
</kw>
<status status="PASS" starttime="20240414 00:00:42.571" endtime="20240414 00:00:42.695"></status>
</kw>
<status status="PASS" starttime="20240414 00:00:39.230" endtime="20240414 00:00:42.695"></status>
</kw>
<kw name="Check Browser" library="common">
<kw name="Wait For Condition" library="Selenium2Library">
<doc>Waits until ``condition`` is true or ``timeout`` expires.</doc>
<arguments>
<arg>return document.readyState=="complete"</arg>
</arguments>
<status status="PASS" starttime="20240414 00:00:42.697" endtime="20240414 00:00:42.820"></status>
</kw>
<status status="PASS" starttime="20240414 00:00:42.695" endtime="20240414 00:00:42.821"></status>
</kw>
<kw name="Check Browser" library="common">
<kw name="Wait For Condition" library="Selenium2Library">
<doc>Waits until ``condition`` is true or ``timeout`` expires.</doc>
<arguments>
<arg>return document.readyState=="complete"</arg>
</arguments>
<status status="PASS" starttime="20240414 00:00:42.823" endtime="20240414 00:00:42.961"></status>
</kw>
<status status="PASS" starttime="20240414 00:00:42.822" endtime="20240414 00:00:42.961"></status>
</kw>
<kw name="Login as User" library="common">
<arguments>
<arg>${BROWSER}</arg>
</arguments>
<kw name="click" library="seleniumLibrary">
<arguments>
<arg>${email}</arg>
</arguments>
<kw name="Click Element" library="Selenium2Library">
<doc>Click element identified by ``locator``.</doc>
<arguments>
<arg>${element}</arg>
</arguments>
<msg timestamp="20240414 00:00:42.964" level="INFO">Clicking element 'id=email'.</msg>
<status status="PASS" starttime="20240414 00:00:42.963" endtime="20240414 00:00:43.370"></status>
</kw>
<status status="PASS" starttime="20240414 00:00:42.962" endtime="20240414 00:00:43.371"></status>
</kw>
<kw name="Run Keyword If" library="BuiltIn">
<doc>Runs the given keyword with the given arguments, if ``condition`` is true.</doc>
<arguments>
<arg>'${BROWSER}' == 'firefox'</arg>
<arg>Type</arg>
<arg>${email}</arg>
<arg>lpz@test.com</arg>
</arguments>
<status status="PASS" starttime="20240414 00:00:43.372" endtime="20240414 00:00:43.373"></status>
</kw>
<kw name="Run Keyword If" library="BuiltIn">
<doc>Runs the given keyword with the given arguments, if ``condition`` is true.</doc>
<arguments>
<arg>'${BROWSER}' == 'chrome'</arg>
<arg>Type</arg>
<arg>${email}</arg>
<arg>lpz@test.com</arg>
</arguments>
<kw name="type" library="seleniumLibrary">
<arguments>
<arg>${email}</arg>
<arg>lpz@test.com</arg>
</arguments>
<kw name="Input Text" library="Selenium2Library">
<doc>Types the given ``text`` into text field identified by ``locator``.</doc>
<arguments>
<arg>${element}</arg>
<arg>${value}</arg>
</arguments>
<msg timestamp="20240414 00:00:43.378" level="INFO">Typing text 'lpz@test.com' into text field 'id=email'.</msg>
<status status="PASS" starttime="20240414 00:00:43.377" endtime="20240414 00:00:44.153"></status>
</kw>
<status status="PASS" starttime="20240414 00:00:43.376" endtime="20240414 00:00:44.153"></status>
</kw>
<status status="PASS" starttime="20240414 00:00:43.374" endtime="20240414 00:00:44.154"></status>
</kw>
<kw name="click" library="seleniumLibrary">
<arguments>
<arg>${password}</arg>
</arguments>
<kw name="Click Element" library="Selenium2Library">
<doc>Click element identified by ``locator``.</doc>
<arguments>
<arg>${element}</arg>
</arguments>
<msg timestamp="20240414 00:00:44.155" level="INFO">Clicking element 'id=password'.</msg>
<status status="PASS" starttime="20240414 00:00:44.155" endtime="20240414 00:00:44.531"></status>
</kw>
<status status="PASS" starttime="20240414 00:00:44.154" endtime="20240414 00:00:44.532"></status>
</kw>
<kw name="Run Keyword If" library="BuiltIn">
<doc>Runs the given keyword with the given arguments, if ``condition`` is true.</doc>
<arguments>
<arg>'${BROWSER}' == 'firefox'</arg>
<arg>Type</arg>
<arg>${password}</arg>
<arg>Password123!</arg>
</arguments>
<status status="PASS" starttime="20240414 00:00:44.532" endtime="20240414 00:00:44.534"></status>
</kw>
<kw name="Run Keyword If" library="BuiltIn">
<doc>Runs the given keyword with the given arguments, if ``condition`` is true.</doc>
<arguments>
<arg>'${BROWSER}' == 'chrome'</arg>
<arg>Type</arg>
<arg>${password}</arg>
<arg>Password123!</arg>
</arguments>
<kw name="type" library="seleniumLibrary">
<arguments>
<arg>${password}</arg>
<arg>Password123!</arg>
</arguments>
<kw name="Input Text" library="Selenium2Library">
<doc>Types the given ``text`` into text field identified by ``locator``.</doc>
<arguments>
<arg>${element}</arg>
<arg>${value}</arg>
</arguments>
<msg timestamp="20240414 00:00:44.537" level="INFO">Typing text 'Password123!' into text field 'id=password'.</msg>
<status status="PASS" starttime="20240414 00:00:44.536" endtime="20240414 00:00:45.360"></status>
</kw>
<status status="PASS" starttime="20240414 00:00:44.536" endtime="20240414 00:00:45.362"></status>
</kw>
<status status="PASS" starttime="20240414 00:00:44.534" endtime="20240414 00:00:45.362"></status>
</kw>
<kw name="click" library="seleniumLibrary">
<arguments>
<arg>${loginBtn}</arg>
</arguments>
<kw name="Click Element" library="Selenium2Library">
<doc>Click element identified by ``locator``.</doc>
<arguments>
<arg>${element}</arg>
</arguments>
<msg timestamp="20240414 00:00:45.365" level="INFO">Clicking element 'xpath=//*[@id="main-container"]/div/div/div/div/form/div/div[3]/button'.</msg>
<status status="PASS" starttime="20240414 00:00:45.364" endtime="20240414 00:00:45.783"></status>
</kw>
<status status="PASS" starttime="20240414 00:00:45.362" endtime="20240414 00:00:45.783"></status>
</kw>
<kw name="Sleep" library="BuiltIn">
<doc>Pauses the test executed for the given time.</doc>
<arguments>
<arg>${LONGPAUSE}</arg>
</arguments>
<msg timestamp="20240414 00:01:00.788" level="INFO">Slept 15 seconds</msg>
<status status="PASS" starttime="20240414 00:00:45.784" endtime="20240414 00:01:00.789"></status>
</kw>
<status status="PASS" starttime="20240414 00:00:42.962" endtime="20240414 00:01:00.790"></status>
</kw>
<kw name="Sleep" library="BuiltIn">
<doc>Pauses the test executed for the given time.</doc>
<arguments>
<arg>${LONGPAUSE}</arg>
</arguments>
<msg timestamp="20240414 00:01:15.806" level="INFO">Slept 15 seconds</msg>
<status status="PASS" starttime="20240414 00:01:00.790" endtime="20240414 00:01:15.807"></status>
</kw>
<status status="PASS" starttime="20240414 00:00:39.230" endtime="20240414 00:01:15.809"></status>
</kw>
<kw name="And Accesses Workout via Navmenu" library="Workout_Common">
<kw name="click" library="seleniumLibrary">
<arguments>
<arg>${workoutMenuIcon}</arg>
</arguments>
<kw name="Click Element" library="Selenium2Library">
<doc>Click element identified by ``locator``.</doc>
<arguments>
<arg>${element}</arg>
</arguments>
<msg timestamp="20240414 00:01:15.812" level="INFO">Clicking element 'link=Workouts'.</msg>
<status status="PASS" starttime="20240414 00:01:15.811" endtime="20240414 00:01:16.179"></status>
</kw>
<status status="PASS" starttime="20240414 00:01:15.810" endtime="20240414 00:01:16.179"></status>
</kw>
<status status="PASS" starttime="20240414 00:01:15.810" endtime="20240414 00:01:16.180"></status>
</kw>
<kw name="And User view Workout Dashboard" library="Workout_Common">
<kw name="click" library="seleniumLibrary">
<arguments>
<arg>${calendarBtnPrevious}</arg>
</arguments>
<kw name="Click Element" library="Selenium2Library">
<doc>Click element identified by ``locator``.</doc>
<arguments>
<arg>${element}</arg>
</arguments>
<msg timestamp="20240414 00:01:16.185" level="INFO">Clicking element 'xpath=//*[@id="content-container"]/div/div/div[2]/div[2]/div[1]/div/div[1]/div[3]/div/button[1]'.</msg>
<status status="PASS" starttime="20240414 00:01:16.184" endtime="20240414 00:01:16.555"></status>
</kw>
<status status="PASS" starttime="20240414 00:01:16.182" endtime="20240414 00:01:16.556"></status>
</kw>
<kw name="click" library="seleniumLibrary">
<arguments>
<arg>${calendarBtnNext}</arg>
</arguments>
<kw name="Click Element" library="Selenium2Library">
<doc>Click element identified by ``locator``.</doc>
<arguments>
<arg>${element}</arg>
</arguments>
<msg timestamp="20240414 00:01:16.558" level="INFO">Clicking element 'xpath=//*[@id="content-container"]/div/div/div[2]/div[2]/div[1]/div/div[1]/div[3]/div/button[2]'.</msg>
<status status="PASS" starttime="20240414 00:01:16.557" endtime="20240414 00:01:16.961"></status>
</kw>
<status status="PASS" starttime="20240414 00:01:16.556" endtime="20240414 00:01:16.962"></status>
</kw>
<kw name="click" library="seleniumLibrary">
<arguments>
<arg>${calendarBtnToday}</arg>
</arguments>
<kw name="Click Element" library="Selenium2Library">
<doc>Click element identified by ``locator``.</doc>
<arguments>
<arg>${element}</arg>
</arguments>
<msg timestamp="20240414 00:01:16.965" level="INFO">Clicking element 'xpath=//*[@id="content-container"]/div/div/div[2]/div[2]/div[1]/div/div[1]/div[3]/button'.</msg>
<status status="PASS" starttime="20240414 00:01:16.964" endtime="20240414 00:01:17.302"></status>
</kw>
<status status="PASS" starttime="20240414 00:01:16.963" endtime="20240414 00:01:17.304"></status>
</kw>
<kw name="click" library="seleniumLibrary">
<arguments>
<arg>${viewMoreBtn}</arg>
</arguments>
<kw name="Click Element" library="Selenium2Library">
<doc>Click element identified by ``locator``.</doc>
<arguments>
<arg>${element}</arg>
</arguments>
<msg timestamp="20240414 00:01:17.306" level="INFO">Clicking element 'xpath=//*[@id="content-container"]/div/div/div[2]/div[1]/div[1]/button'.</msg>
<status status="PASS" starttime="20240414 00:01:17.305" endtime="20240414 00:01:17.707"></status>
</kw>
<status status="PASS" starttime="20240414 00:01:17.304" endtime="20240414 00:01:17.708"></status>
</kw>
<kw name="Sleep" library="BuiltIn">
<doc>Pauses the test executed for the given time.</doc>
<arguments>
<arg>${LONGSLEEP}</arg>
</arguments>
<msg timestamp="20240414 00:01:22.713" level="INFO">Slept 5 seconds</msg>
<status status="PASS" starttime="20240414 00:01:17.708" endtime="20240414 00:01:22.713"></status>
</kw>
<status status="PASS" starttime="20240414 00:01:16.181" endtime="20240414 00:01:22.714"></status>
</kw>
<kw name="And Exit MyFitness" library="common">
<kw name="Go Page Top" library="common">
<kw name="Execute Javascript" library="Selenium2Library">
<doc>Executes the given JavaScript code.</doc>
<arguments>
<arg>window.scrollTo(0, 0);</arg>
</arguments>
<msg timestamp="20240414 00:01:22.719" level="INFO">Executing JavaScript:
window.scrollTo(0, 0);</msg>
<status status="PASS" starttime="20240414 00:01:22.718" endtime="20240414 00:01:22.839"></status>
</kw>
<status status="PASS" starttime="20240414 00:01:22.717" endtime="20240414 00:01:22.840"></status>
</kw>
<kw name="Sleep" library="BuiltIn">
<doc>Pauses the test executed for the given time.</doc>
<arguments>
<arg>${LONGSLEEP}</arg>
</arguments>
<msg timestamp="20240414 00:01:27.847" level="INFO">Slept 5 seconds</msg>
<status status="PASS" starttime="20240414 00:01:22.840" endtime="20240414 00:01:27.847"></status>
</kw>
<kw name="Close Browser" library="Selenium2Library">
<doc>Closes the current browser.</doc>
<status status="PASS" starttime="20240414 00:01:27.849" endtime="20240414 00:01:30.083"></status>
</kw>
<status status="PASS" starttime="20240414 00:01:22.716" endtime="20240414 00:01:30.084"></status>
</kw>
<status status="PASS" starttime="20240414 00:00:39.229" endtime="20240414 00:01:30.084"></status>
</kw>
<status status="PASS" starttime="20240413 23:59:44.247" endtime="20240414 00:01:30.084"></status>
</kw>
<status status="PASS" starttime="20240413 23:59:44.246" endtime="20240414 00:01:30.086" critical="yes"></status>
</test>
<doc>A test suite to Workout based on parameters provided.</doc>
<status status="PASS" starttime="20240413 23:59:43.943" endtime="20240414 00:01:30.088"></status>
</suite>
<statistics>
<total>
<stat pass="1" fail="0">Critical Tests</stat>
<stat pass="1" fail="0">All Tests</stat>
</total>
<tag>
</tag>
<suite>
<stat pass="1" fail="0" id="s1" name="Workout">Workout</stat>
</suite>
</statistics>
<errors>
</errors>
</robot>
