<?xml version="1.0" encoding="UTF-8"?>
<robot generator="Robot 2.9 (Python 3.7.3 on win32)" generated="20240413 22:46:35.439">
<suite id="s1" name="Profile" source="C:\Users\PEIZHENNIE\source\repos\SWE5006_Team18_myFitness\myFitness\RobotFramework\Scripts\Profile\Tests\Profile.robot">
<test id="s1-t1" name="As a User, I want to create profile">
<kw name="${BROWSER} IN [ @{BROWSERLIST} ]" type="for">
<kw name="${BROWSER} = firefox" type="foritem">
<kw name="Given Host Is Opened and User Logins" library="common">
<arguments>
<arg>${BROWSER}</arg>
<arg>${HOST}</arg>
</arguments>
<kw name="Open MyFitness" library="common">
<arguments>
<arg>${BROWSER}</arg>
<arg>${HOST}</arg>
</arguments>
<kw name="Open Browser" library="Selenium2Library">
<doc>Opens a new browser instance to the given ``url``.</doc>
<arguments>
<arg>${ENV}</arg>
<arg>${BROWSER}</arg>
</arguments>
<msg timestamp="20240413 22:46:35.592" level="INFO">Opening browser 'firefox' to base url 'https://localhost:44482/'.</msg>
<status status="PASS" starttime="20240413 22:46:35.592" endtime="20240413 22:46:40.952"></status>
</kw>
<kw name="Check Browser" library="common">
<kw name="Wait For Condition" library="Selenium2Library">
<doc>Waits until ``condition`` is true or ``timeout`` expires.</doc>
<arguments>
<arg>return document.readyState=="complete"</arg>
</arguments>
<status status="PASS" starttime="20240413 22:46:40.953" endtime="20240413 22:46:40.964"></status>
</kw>
<status status="PASS" starttime="20240413 22:46:40.952" endtime="20240413 22:46:40.964"></status>
</kw>
<kw name="Maximize Browser Window" library="Selenium2Library">
<doc>Maximizes current browser window.</doc>
<status status="PASS" starttime="20240413 22:46:40.964" endtime="20240413 22:46:41.245"></status>
</kw>
<kw name="Set Selenium Speed" library="Selenium2Library">
<doc>Sets the delay that is waited after each Selenium command.</doc>
<arguments>
<arg>0.1 seconds</arg>
</arguments>
<status status="PASS" starttime="20240413 22:46:41.245" endtime="20240413 22:46:41.246"></status>
</kw>
<kw name="Set Selenium Timeout" library="Selenium2Library">
<doc>Sets the timeout that is used by various keywords.</doc>
<arguments>
<arg>15 seconds</arg>
</arguments>
<status status="PASS" starttime="20240413 22:46:41.246" endtime="20240413 22:46:41.351"></status>
</kw>
<kw name="Check Browser" library="common">
<kw name="Wait For Condition" library="Selenium2Library">
<doc>Waits until ``condition`` is true or ``timeout`` expires.</doc>
<arguments>
<arg>return document.readyState=="complete"</arg>
</arguments>
<status status="PASS" starttime="20240413 22:46:41.352" endtime="20240413 22:46:41.458"></status>
</kw>
<status status="PASS" starttime="20240413 22:46:41.351" endtime="20240413 22:46:41.458"></status>
</kw>
<status status="PASS" starttime="20240413 22:46:35.591" endtime="20240413 22:46:41.459"></status>
</kw>
<kw name="Check Browser" library="common">
<kw name="Wait For Condition" library="Selenium2Library">
<doc>Waits until ``condition`` is true or ``timeout`` expires.</doc>
<arguments>
<arg>return document.readyState=="complete"</arg>
</arguments>
<status status="PASS" starttime="20240413 22:46:41.459" endtime="20240413 22:46:41.567"></status>
</kw>
<status status="PASS" starttime="20240413 22:46:41.459" endtime="20240413 22:46:41.567"></status>
</kw>
<kw name="Check Browser" library="common">
<kw name="Wait For Condition" library="Selenium2Library">
<doc>Waits until ``condition`` is true or ``timeout`` expires.</doc>
<arguments>
<arg>return document.readyState=="complete"</arg>
</arguments>
<status status="PASS" starttime="20240413 22:46:41.568" endtime="20240413 22:46:41.675"></status>
</kw>
<status status="PASS" starttime="20240413 22:46:41.567" endtime="20240413 22:46:41.675"></status>
</kw>
<kw name="Login as User" library="common">
<arguments>
<arg>${BROWSER}</arg>
</arguments>
<kw name="click" library="seleniumLibrary">
<arguments>
<arg>${email}</arg>
</arguments>
<kw name="Click Element" library="Selenium2Library">
<doc>Click element identified by ``locator``.</doc>
<arguments>
<arg>${element}</arg>
</arguments>
<msg timestamp="20240413 22:46:41.677" level="INFO">Clicking element 'id=email'.</msg>
<status status="PASS" starttime="20240413 22:46:41.676" endtime="20240413 22:46:42.142"></status>
</kw>
<status status="PASS" starttime="20240413 22:46:41.676" endtime="20240413 22:46:42.143"></status>
</kw>
<kw name="Run Keyword If" library="BuiltIn">
<doc>Runs the given keyword with the given arguments, if ``condition`` is true.</doc>
<arguments>
<arg>'${BROWSER}' == 'firefox'</arg>
<arg>Type</arg>
<arg>${email}</arg>
<arg>pz@gmail.com</arg>
</arguments>
<kw name="type" library="seleniumLibrary">
<arguments>
<arg>${email}</arg>
<arg>pz@gmail.com</arg>
</arguments>
<kw name="Input Text" library="Selenium2Library">
<doc>Types the given ``text`` into text field identified by ``locator``.</doc>
<arguments>
<arg>${element}</arg>
<arg>${value}</arg>
</arguments>
<msg timestamp="20240413 22:46:42.147" level="INFO">Typing text 'pz@gmail.com' into text field 'id=email'.</msg>
<status status="PASS" starttime="20240413 22:46:42.147" endtime="20240413 22:46:42.582"></status>
</kw>
<status status="PASS" starttime="20240413 22:46:42.147" endtime="20240413 22:46:42.582"></status>
</kw>
<status status="PASS" starttime="20240413 22:46:42.143" endtime="20240413 22:46:42.582"></status>
</kw>
<kw name="Run Keyword If" library="BuiltIn">
<doc>Runs the given keyword with the given arguments, if ``condition`` is true.</doc>
<arguments>
<arg>'${BROWSER}' == 'chrome'</arg>
<arg>Type</arg>
<arg>${email}</arg>
<arg>tester@test.com</arg>
</arguments>
<status status="PASS" starttime="20240413 22:46:42.582" endtime="20240413 22:46:42.582"></status>
</kw>
<kw name="click" library="seleniumLibrary">
<arguments>
<arg>${password}</arg>
</arguments>
<kw name="Click Element" library="Selenium2Library">
<doc>Click element identified by ``locator``.</doc>
<arguments>
<arg>${element}</arg>
</arguments>
<msg timestamp="20240413 22:46:42.583" level="INFO">Clicking element 'id=password'.</msg>
<status status="PASS" starttime="20240413 22:46:42.583" endtime="20240413 22:46:43.031"></status>
</kw>
<status status="PASS" starttime="20240413 22:46:42.582" endtime="20240413 22:46:43.032"></status>
</kw>
<kw name="Run Keyword If" library="BuiltIn">
<doc>Runs the given keyword with the given arguments, if ``condition`` is true.</doc>
<arguments>
<arg>'${BROWSER}' == 'firefox'</arg>
<arg>Type</arg>
<arg>${password}</arg>
<arg>Password123!</arg>
</arguments>
<kw name="type" library="seleniumLibrary">
<arguments>
<arg>${password}</arg>
<arg>Password123!</arg>
</arguments>
<kw name="Input Text" library="Selenium2Library">
<doc>Types the given ``text`` into text field identified by ``locator``.</doc>
<arguments>
<arg>${element}</arg>
<arg>${value}</arg>
</arguments>
<msg timestamp="20240413 22:46:43.033" level="INFO">Typing text 'Password123!' into text field 'id=password'.</msg>
<status status="PASS" starttime="20240413 22:46:43.033" endtime="20240413 22:46:43.418"></status>
</kw>
<status status="PASS" starttime="20240413 22:46:43.032" endtime="20240413 22:46:43.419"></status>
</kw>
<status status="PASS" starttime="20240413 22:46:43.032" endtime="20240413 22:46:43.419"></status>
</kw>
<kw name="Run Keyword If" library="BuiltIn">
<doc>Runs the given keyword with the given arguments, if ``condition`` is true.</doc>
<arguments>
<arg>'${BROWSER}' == 'chrome'</arg>
<arg>Type</arg>
<arg>${password}</arg>
<arg>Password1@</arg>
</arguments>
<status status="PASS" starttime="20240413 22:46:43.420" endtime="20240413 22:46:43.421"></status>
</kw>
<kw name="click" library="seleniumLibrary">
<arguments>
<arg>${loginBtn}</arg>
</arguments>
<kw name="Click Element" library="Selenium2Library">
<doc>Click element identified by ``locator``.</doc>
<arguments>
<arg>${element}</arg>
</arguments>
<msg timestamp="20240413 22:46:43.422" level="INFO">Clicking element 'xpath=//*[@id="main-container"]/div/div/div/div/form/div/div[3]/button'.</msg>
<status status="PASS" starttime="20240413 22:46:43.421" endtime="20240413 22:46:43.869"></status>
</kw>
<status status="PASS" starttime="20240413 22:46:43.421" endtime="20240413 22:46:43.869"></status>
</kw>
<kw name="Sleep" library="BuiltIn">
<doc>Pauses the test executed for the given time.</doc>
<arguments>
<arg>${LONGPAUSE}</arg>
</arguments>
<msg timestamp="20240413 22:46:58.870" level="INFO">Slept 15 seconds</msg>
<status status="PASS" starttime="20240413 22:46:43.869" endtime="20240413 22:46:58.870"></status>
</kw>
<status status="PASS" starttime="20240413 22:46:41.676" endtime="20240413 22:46:58.871"></status>
</kw>
<kw name="Sleep" library="BuiltIn">
<doc>Pauses the test executed for the given time.</doc>
<arguments>
<arg>${LONGPAUSE}</arg>
</arguments>
<msg timestamp="20240413 22:47:13.883" level="INFO">Slept 15 seconds</msg>
<status status="PASS" starttime="20240413 22:46:58.871" endtime="20240413 22:47:13.883"></status>
</kw>
<status status="PASS" starttime="20240413 22:46:35.591" endtime="20240413 22:47:13.884"></status>
</kw>
<kw name="And Accesses Profile via Navmenu" library="Profile_Common">
<kw name="click" library="seleniumLibrary">
<arguments>
<arg>${profileMenuIcon}</arg>
</arguments>
<kw name="Click Element" library="Selenium2Library">
<doc>Click element identified by ``locator``.</doc>
<arguments>
<arg>${element}</arg>
</arguments>
<msg timestamp="20240413 22:47:13.886" level="INFO">Clicking element 'link=Profile'.</msg>
<status status="PASS" starttime="20240413 22:47:13.886" endtime="20240413 22:47:14.396"></status>
</kw>
<status status="PASS" starttime="20240413 22:47:13.884" endtime="20240413 22:47:14.396"></status>
</kw>
<status status="PASS" starttime="20240413 22:47:13.884" endtime="20240413 22:47:14.396"></status>
</kw>
<kw name="And User create profile" library="Profile_Common">
<kw name="click" library="seleniumLibrary">
<arguments>
<arg>${setUpProfileBtn}</arg>
</arguments>
<kw name="Click Element" library="Selenium2Library">
<doc>Click element identified by ``locator``.</doc>
<arguments>
<arg>${element}</arg>
</arguments>
<msg timestamp="20240413 22:47:14.397" level="INFO">Clicking element 'xpath=//*[@id="content-container"]/div/div/div[3]/div/div/div/div/div/div/button'.</msg>
<status status="PASS" starttime="20240413 22:47:14.397" endtime="20240413 22:47:14.880"></status>
</kw>
<status status="PASS" starttime="20240413 22:47:14.397" endtime="20240413 22:47:14.880"></status>
</kw>
<kw name="click" library="seleniumLibrary">
<arguments>
<arg>${genderRB}</arg>
</arguments>
<kw name="Click Element" library="Selenium2Library">
<doc>Click element identified by ``locator``.</doc>
<arguments>
<arg>${element}</arg>
</arguments>
<msg timestamp="20240413 22:47:14.881" level="INFO">Clicking element 'xpath=/html/body/div[3]/form/div/div[1]/div[2]/div/div[1]/fieldset/div/div/div[2]/span/input'.</msg>
<status status="PASS" starttime="20240413 22:47:14.881" endtime="20240413 22:47:15.330"></status>
</kw>
<status status="PASS" starttime="20240413 22:47:14.880" endtime="20240413 22:47:15.331"></status>
</kw>
<kw name="click" library="seleniumLibrary">
<arguments>
<arg>${interestDD}</arg>
</arguments>
<kw name="Click Element" library="Selenium2Library">
<doc>Click element identified by ``locator``.</doc>
<arguments>
<arg>${element}</arg>
</arguments>
<msg timestamp="20240413 22:47:15.333" level="INFO">Clicking element 'xpath=//*[@id="interests"]'.</msg>
<status status="PASS" starttime="20240413 22:47:15.332" endtime="20240413 22:47:15.785"></status>
</kw>
<status status="PASS" starttime="20240413 22:47:15.332" endtime="20240413 22:47:15.785"></status>
</kw>
<kw name="click" library="seleniumLibrary">
<arguments>
<arg>${workoutInterest}</arg>
</arguments>
<kw name="Click Element" library="Selenium2Library">
<doc>Click element identified by ``locator``.</doc>
<arguments>
<arg>${element}</arg>
</arguments>
<msg timestamp="20240413 22:47:15.786" level="INFO">Clicking element 'xpath=//*[@id=":r5:"]/li[1]'.</msg>
<status status="PASS" starttime="20240413 22:47:15.786" endtime="20240413 22:47:16.235"></status>
</kw>
<status status="PASS" starttime="20240413 22:47:15.786" endtime="20240413 22:47:16.235"></status>
</kw>
<kw name="click" library="seleniumLibrary">
<arguments>
<arg>${fitnessInterest}</arg>
</arguments>
<kw name="Click Element" library="Selenium2Library">
<doc>Click element identified by ``locator``.</doc>
<arguments>
<arg>${element}</arg>
</arguments>
<msg timestamp="20240413 22:47:16.236" level="INFO">Clicking element 'xpath=//*[@id=":r5:"]/li[2]'.</msg>
<status status="PASS" starttime="20240413 22:47:16.236" endtime="20240413 22:47:16.676"></status>
</kw>
<status status="PASS" starttime="20240413 22:47:16.235" endtime="20240413 22:47:16.677"></status>
</kw>
<kw name="click" library="seleniumLibrary">
<arguments>
<arg>${removeBackground}</arg>
</arguments>
<kw name="Click Element" library="Selenium2Library">
<doc>Click element identified by ``locator``.</doc>
<arguments>
<arg>${element}</arg>
</arguments>
<msg timestamp="20240413 22:47:16.678" level="INFO">Clicking element 'xpath=//div[@id='menu-interests']/div'.</msg>
<status status="PASS" starttime="20240413 22:47:16.677" endtime="20240413 22:47:17.110"></status>
</kw>
<status status="PASS" starttime="20240413 22:47:16.677" endtime="20240413 22:47:17.110"></status>
</kw>
<kw name="Sleep" library="BuiltIn">
<doc>Pauses the test executed for the given time.</doc>
<arguments>
<arg>${LONGSLEEP}</arg>
</arguments>
<msg timestamp="20240413 22:47:22.113" level="INFO">Slept 5 seconds</msg>
<status status="PASS" starttime="20240413 22:47:17.110" endtime="20240413 22:47:22.113"></status>
</kw>
<kw name="click" library="seleniumLibrary">
<arguments>
<arg>${height}</arg>
</arguments>
<kw name="Click Element" library="Selenium2Library">
<doc>Click element identified by ``locator``.</doc>
<arguments>
<arg>${element}</arg>
</arguments>
<msg timestamp="20240413 22:47:22.114" level="INFO">Clicking element 'xpath=//*[@id="height"]'.</msg>
<status status="PASS" starttime="20240413 22:47:22.114" endtime="20240413 22:47:22.566"></status>
</kw>
<status status="PASS" starttime="20240413 22:47:22.113" endtime="20240413 22:47:22.567"></status>
</kw>
<kw name="type" library="seleniumLibrary">
<arguments>
<arg>${height}</arg>
<arg>171</arg>
</arguments>
<kw name="Input Text" library="Selenium2Library">
<doc>Types the given ``text`` into text field identified by ``locator``.</doc>
<arguments>
<arg>${element}</arg>
<arg>${value}</arg>
</arguments>
<msg timestamp="20240413 22:47:22.568" level="INFO">Typing text '171' into text field 'xpath=//*[@id="height"]'.</msg>
<status status="PASS" starttime="20240413 22:47:22.567" endtime="20240413 22:47:22.956"></status>
</kw>
<status status="PASS" starttime="20240413 22:47:22.567" endtime="20240413 22:47:22.957"></status>
</kw>
<kw name="click" library="seleniumLibrary">
<arguments>
<arg>${weight}</arg>
</arguments>
<kw name="Click Element" library="Selenium2Library">
<doc>Click element identified by ``locator``.</doc>
<arguments>
<arg>${element}</arg>
</arguments>
<msg timestamp="20240413 22:47:22.959" level="INFO">Clicking element 'xpath=//*[@id="weight"]'.</msg>
<status status="PASS" starttime="20240413 22:47:22.958" endtime="20240413 22:47:23.410"></status>
</kw>
<status status="PASS" starttime="20240413 22:47:22.958" endtime="20240413 22:47:23.411"></status>
</kw>
<kw name="type" library="seleniumLibrary">
<arguments>
<arg>${weight}</arg>
<arg>50</arg>
</arguments>
<kw name="Input Text" library="Selenium2Library">
<doc>Types the given ``text`` into text field identified by ``locator``.</doc>
<arguments>
<arg>${element}</arg>
<arg>${value}</arg>
</arguments>
<msg timestamp="20240413 22:47:23.413" level="INFO">Typing text '50' into text field 'xpath=//*[@id="weight"]'.</msg>
<status status="PASS" starttime="20240413 22:47:23.412" endtime="20240413 22:47:23.785"></status>
</kw>
<status status="PASS" starttime="20240413 22:47:23.411" endtime="20240413 22:47:23.785"></status>
</kw>
<kw name="click" library="seleniumLibrary">
<arguments>
<arg>${goals}</arg>
</arguments>
<kw name="Click Element" library="Selenium2Library">
<doc>Click element identified by ``locator``.</doc>
<arguments>
<arg>${element}</arg>
</arguments>
<msg timestamp="20240413 22:47:23.787" level="INFO">Clicking element 'xpath=//*[@id="goals"]'.</msg>
<status status="PASS" starttime="20240413 22:47:23.786" endtime="20240413 22:47:24.236"></status>
</kw>
<status status="PASS" starttime="20240413 22:47:23.786" endtime="20240413 22:47:24.237"></status>
</kw>
<kw name="type" library="seleniumLibrary">
<arguments>
<arg>${goals}</arg>
<arg>keep fit</arg>
</arguments>
<kw name="Input Text" library="Selenium2Library">
<doc>Types the given ``text`` into text field identified by ``locator``.</doc>
<arguments>
<arg>${element}</arg>
<arg>${value}</arg>
</arguments>
<msg timestamp="20240413 22:47:24.238" level="INFO">Typing text 'keep fit' into text field 'xpath=//*[@id="goals"]'.</msg>
<status status="PASS" starttime="20240413 22:47:24.237" endtime="20240413 22:47:24.659"></status>
</kw>
<status status="PASS" starttime="20240413 22:47:24.237" endtime="20240413 22:47:24.659"></status>
</kw>
<kw name="click" library="seleniumLibrary">
<arguments>
<arg>${addBtn}</arg>
</arguments>
<kw name="Click Element" library="Selenium2Library">
<doc>Click element identified by ``locator``.</doc>
<arguments>
<arg>${element}</arg>
</arguments>
<msg timestamp="20240413 22:47:24.661" level="INFO">Clicking element 'xpath=/html/body/div[3]/form/div/div[2]/div/button[2]'.</msg>
<status status="PASS" starttime="20240413 22:47:24.661" endtime="20240413 22:47:25.112"></status>
</kw>
<status status="PASS" starttime="20240413 22:47:24.660" endtime="20240413 22:47:25.113"></status>
</kw>
<kw name="Sleep" library="BuiltIn">
<doc>Pauses the test executed for the given time.</doc>
<arguments>
<arg>${LONGSLEEP}</arg>
</arguments>
<msg timestamp="20240413 22:47:30.123" level="INFO">Slept 5 seconds</msg>
<status status="PASS" starttime="20240413 22:47:25.113" endtime="20240413 22:47:30.124"></status>
</kw>
<status status="PASS" starttime="20240413 22:47:14.397" endtime="20240413 22:47:30.124"></status>
</kw>
<kw name="And Exit MyFitness" library="common">
<kw name="Go Page Top" library="common">
<kw name="Execute Javascript" library="Selenium2Library">
<doc>Executes the given JavaScript code.</doc>
<arguments>
<arg>window.scrollTo(0, 0);</arg>
</arguments>
<msg timestamp="20240413 22:47:30.126" level="INFO">Executing JavaScript:
window.scrollTo(0, 0);</msg>
<status status="PASS" starttime="20240413 22:47:30.126" endtime="20240413 22:47:30.232"></status>
</kw>
<status status="PASS" starttime="20240413 22:47:30.125" endtime="20240413 22:47:30.233"></status>
</kw>
<kw name="Sleep" library="BuiltIn">
<doc>Pauses the test executed for the given time.</doc>
<arguments>
<arg>${LONGSLEEP}</arg>
</arguments>
<msg timestamp="20240413 22:47:35.240" level="INFO">Slept 5 seconds</msg>
<status status="PASS" starttime="20240413 22:47:30.233" endtime="20240413 22:47:35.241"></status>
</kw>
<kw name="Close Browser" library="Selenium2Library">
<doc>Closes the current browser.</doc>
<status status="PASS" starttime="20240413 22:47:35.241" endtime="20240413 22:47:35.980"></status>
</kw>
<status status="PASS" starttime="20240413 22:47:30.125" endtime="20240413 22:47:35.980"></status>
</kw>
<status status="PASS" starttime="20240413 22:46:35.591" endtime="20240413 22:47:35.981"></status>
</kw>
<kw name="${BROWSER} = chrome" type="foritem">
<kw name="Given Host Is Opened and User Logins" library="common">
<arguments>
<arg>${BROWSER}</arg>
<arg>${HOST}</arg>
</arguments>
<kw name="Open MyFitness" library="common">
<arguments>
<arg>${BROWSER}</arg>
<arg>${HOST}</arg>
</arguments>
<kw name="Open Browser" library="Selenium2Library">
<doc>Opens a new browser instance to the given ``url``.</doc>
<arguments>
<arg>${ENV}</arg>
<arg>${BROWSER}</arg>
</arguments>
<msg timestamp="20240413 22:47:35.982" level="INFO">Opening browser 'chrome' to base url 'https://localhost:44482/'.</msg>
<status status="PASS" starttime="20240413 22:47:35.982" endtime="20240413 22:47:40.218"></status>
</kw>
<kw name="Check Browser" library="common">
<kw name="Wait For Condition" library="Selenium2Library">
<doc>Waits until ``condition`` is true or ``timeout`` expires.</doc>
<arguments>
<arg>return document.readyState=="complete"</arg>
</arguments>
<status status="PASS" starttime="20240413 22:47:40.219" endtime="20240413 22:47:40.327"></status>
</kw>
<status status="PASS" starttime="20240413 22:47:40.218" endtime="20240413 22:47:40.327"></status>
</kw>
<kw name="Maximize Browser Window" library="Selenium2Library">
<doc>Maximizes current browser window.</doc>
<status status="PASS" starttime="20240413 22:47:40.328" endtime="20240413 22:47:40.559"></status>
</kw>
<kw name="Set Selenium Speed" library="Selenium2Library">
<doc>Sets the delay that is waited after each Selenium command.</doc>
<arguments>
<arg>0.1 seconds</arg>
</arguments>
<status status="PASS" starttime="20240413 22:47:40.560" endtime="20240413 22:47:40.560"></status>
</kw>
<kw name="Set Selenium Timeout" library="Selenium2Library">
<doc>Sets the timeout that is used by various keywords.</doc>
<arguments>
<arg>15 seconds</arg>
</arguments>
<status status="PASS" starttime="20240413 22:47:40.561" endtime="20240413 22:47:40.669"></status>
</kw>
<kw name="Check Browser" library="common">
<kw name="Wait For Condition" library="Selenium2Library">
<doc>Waits until ``condition`` is true or ``timeout`` expires.</doc>
<arguments>
<arg>return document.readyState=="complete"</arg>
</arguments>
<status status="PASS" starttime="20240413 22:47:40.670" endtime="20240413 22:47:40.778"></status>
</kw>
<status status="PASS" starttime="20240413 22:47:40.669" endtime="20240413 22:47:40.779"></status>
</kw>
<status status="PASS" starttime="20240413 22:47:35.981" endtime="20240413 22:47:40.779"></status>
</kw>
<kw name="Check Browser" library="common">
<kw name="Wait For Condition" library="Selenium2Library">
<doc>Waits until ``condition`` is true or ``timeout`` expires.</doc>
<arguments>
<arg>return document.readyState=="complete"</arg>
</arguments>
<status status="PASS" starttime="20240413 22:47:40.780" endtime="20240413 22:47:40.904"></status>
</kw>
<status status="PASS" starttime="20240413 22:47:40.779" endtime="20240413 22:47:40.904"></status>
</kw>
<kw name="Check Browser" library="common">
<kw name="Wait For Condition" library="Selenium2Library">
<doc>Waits until ``condition`` is true or ``timeout`` expires.</doc>
<arguments>
<arg>return document.readyState=="complete"</arg>
</arguments>
<status status="PASS" starttime="20240413 22:47:40.905" endtime="20240413 22:47:41.014"></status>
</kw>
<status status="PASS" starttime="20240413 22:47:40.904" endtime="20240413 22:47:41.014"></status>
</kw>
<kw name="Login as User" library="common">
<arguments>
<arg>${BROWSER}</arg>
</arguments>
<kw name="click" library="seleniumLibrary">
<arguments>
<arg>${email}</arg>
</arguments>
<kw name="Click Element" library="Selenium2Library">
<doc>Click element identified by ``locator``.</doc>
<arguments>
<arg>${element}</arg>
</arguments>
<msg timestamp="20240413 22:47:41.015" level="INFO">Clicking element 'id=email'.</msg>
<status status="PASS" starttime="20240413 22:47:41.015" endtime="20240413 22:47:41.295"></status>
</kw>
<status status="PASS" starttime="20240413 22:47:41.015" endtime="20240413 22:47:41.295"></status>
</kw>
<kw name="Run Keyword If" library="BuiltIn">
<doc>Runs the given keyword with the given arguments, if ``condition`` is true.</doc>
<arguments>
<arg>'${BROWSER}' == 'firefox'</arg>
<arg>Type</arg>
<arg>${email}</arg>
<arg>pz@gmail.com</arg>
</arguments>
<status status="PASS" starttime="20240413 22:47:41.296" endtime="20240413 22:47:41.296"></status>
</kw>
<kw name="Run Keyword If" library="BuiltIn">
<doc>Runs the given keyword with the given arguments, if ``condition`` is true.</doc>
<arguments>
<arg>'${BROWSER}' == 'chrome'</arg>
<arg>Type</arg>
<arg>${email}</arg>
<arg>tester@test.com</arg>
</arguments>
<kw name="type" library="seleniumLibrary">
<arguments>
<arg>${email}</arg>
<arg>tester@test.com</arg>
</arguments>
<kw name="Input Text" library="Selenium2Library">
<doc>Types the given ``text`` into text field identified by ``locator``.</doc>
<arguments>
<arg>${element}</arg>
<arg>${value}</arg>
</arguments>
<msg timestamp="20240413 22:47:41.298" level="INFO">Typing text 'tester@test.com' into text field 'id=email'.</msg>
<status status="PASS" starttime="20240413 22:47:41.298" endtime="20240413 22:47:41.815"></status>
</kw>
<status status="PASS" starttime="20240413 22:47:41.297" endtime="20240413 22:47:41.816"></status>
</kw>
<status status="PASS" starttime="20240413 22:47:41.297" endtime="20240413 22:47:41.816"></status>
</kw>
<kw name="click" library="seleniumLibrary">
<arguments>
<arg>${password}</arg>
</arguments>
<kw name="Click Element" library="Selenium2Library">
<doc>Click element identified by ``locator``.</doc>
<arguments>
<arg>${element}</arg>
</arguments>
<msg timestamp="20240413 22:47:41.817" level="INFO">Clicking element 'id=password'.</msg>
<status status="PASS" starttime="20240413 22:47:41.816" endtime="20240413 22:47:42.096"></status>
</kw>
<status status="PASS" starttime="20240413 22:47:41.816" endtime="20240413 22:47:42.097"></status>
</kw>
<kw name="Run Keyword If" library="BuiltIn">
<doc>Runs the given keyword with the given arguments, if ``condition`` is true.</doc>
<arguments>
<arg>'${BROWSER}' == 'firefox'</arg>
<arg>Type</arg>
<arg>${password}</arg>
<arg>Password123!</arg>
</arguments>
<status status="PASS" starttime="20240413 22:47:42.097" endtime="20240413 22:47:42.097"></status>
</kw>
<kw name="Run Keyword If" library="BuiltIn">
<doc>Runs the given keyword with the given arguments, if ``condition`` is true.</doc>
<arguments>
<arg>'${BROWSER}' == 'chrome'</arg>
<arg>Type</arg>
<arg>${password}</arg>
<arg>Password1@</arg>
</arguments>
<kw name="type" library="seleniumLibrary">
<arguments>
<arg>${password}</arg>
<arg>Password1@</arg>
</arguments>
<kw name="Input Text" library="Selenium2Library">
<doc>Types the given ``text`` into text field identified by ``locator``.</doc>
<arguments>
<arg>${element}</arg>
<arg>${value}</arg>
</arguments>
<msg timestamp="20240413 22:47:42.098" level="INFO">Typing text 'Password1@' into text field 'id=password'.</msg>
<status status="PASS" starttime="20240413 22:47:42.098" endtime="20240413 22:47:42.544"></status>
</kw>
<status status="PASS" starttime="20240413 22:47:42.098" endtime="20240413 22:47:42.545"></status>
</kw>
<status status="PASS" starttime="20240413 22:47:42.097" endtime="20240413 22:47:42.546"></status>
</kw>
<kw name="click" library="seleniumLibrary">
<arguments>
<arg>${loginBtn}</arg>
</arguments>
<kw name="Click Element" library="Selenium2Library">
<doc>Click element identified by ``locator``.</doc>
<arguments>
<arg>${element}</arg>
</arguments>
<msg timestamp="20240413 22:47:42.548" level="INFO">Clicking element 'xpath=//*[@id="main-container"]/div/div/div/div/form/div/div[3]/button'.</msg>
<status status="PASS" starttime="20240413 22:47:42.547" endtime="20240413 22:47:42.824"></status>
</kw>
<status status="PASS" starttime="20240413 22:47:42.546" endtime="20240413 22:47:42.824"></status>
</kw>
<kw name="Sleep" library="BuiltIn">
<doc>Pauses the test executed for the given time.</doc>
<arguments>
<arg>${LONGPAUSE}</arg>
</arguments>
<msg timestamp="20240413 22:47:57.836" level="INFO">Slept 15 seconds</msg>
<status status="PASS" starttime="20240413 22:47:42.824" endtime="20240413 22:47:57.836"></status>
</kw>
<status status="PASS" starttime="20240413 22:47:41.014" endtime="20240413 22:47:57.837"></status>
</kw>
<kw name="Sleep" library="BuiltIn">
<doc>Pauses the test executed for the given time.</doc>
<arguments>
<arg>${LONGPAUSE}</arg>
</arguments>
<msg timestamp="20240413 22:48:12.851" level="INFO">Slept 15 seconds</msg>
<status status="PASS" starttime="20240413 22:47:57.837" endtime="20240413 22:48:12.851"></status>
</kw>
<status status="PASS" starttime="20240413 22:47:35.981" endtime="20240413 22:48:12.852"></status>
</kw>
<kw name="And Accesses Profile via Navmenu" library="Profile_Common">
<kw name="click" library="seleniumLibrary">
<arguments>
<arg>${profileMenuIcon}</arg>
</arguments>
<kw name="Click Element" library="Selenium2Library">
<doc>Click element identified by ``locator``.</doc>
<arguments>
<arg>${element}</arg>
</arguments>
<msg timestamp="20240413 22:48:12.854" level="INFO">Clicking element 'link=Profile'.</msg>
<status status="PASS" starttime="20240413 22:48:12.853" endtime="20240413 22:48:13.149"></status>
</kw>
<status status="PASS" starttime="20240413 22:48:12.853" endtime="20240413 22:48:13.149"></status>
</kw>
<status status="PASS" starttime="20240413 22:48:12.852" endtime="20240413 22:48:13.149"></status>
</kw>
<kw name="And User create profile" library="Profile_Common">
<kw name="click" library="seleniumLibrary">
<arguments>
<arg>${setUpProfileBtn}</arg>
</arguments>
<kw name="Click Element" library="Selenium2Library">
<doc>Click element identified by ``locator``.</doc>
<arguments>
<arg>${element}</arg>
</arguments>
<msg timestamp="20240413 22:48:13.151" level="INFO">Clicking element 'xpath=//*[@id="content-container"]/div/div/div[3]/div/div/div/div/div/div/button'.</msg>
<status status="PASS" starttime="20240413 22:48:13.151" endtime="20240413 22:48:13.462"></status>
</kw>
<status status="PASS" starttime="20240413 22:48:13.150" endtime="20240413 22:48:13.462"></status>
</kw>
<kw name="click" library="seleniumLibrary">
<arguments>
<arg>${genderRB}</arg>
</arguments>
<kw name="Click Element" library="Selenium2Library">
<doc>Click element identified by ``locator``.</doc>
<arguments>
<arg>${element}</arg>
</arguments>
<msg timestamp="20240413 22:48:13.463" level="INFO">Clicking element 'xpath=/html/body/div[3]/form/div/div[1]/div[2]/div/div[1]/fieldset/div/div/div[2]/span/input'.</msg>
<status status="PASS" starttime="20240413 22:48:13.463" endtime="20240413 22:48:13.741"></status>
</kw>
<status status="PASS" starttime="20240413 22:48:13.463" endtime="20240413 22:48:13.741"></status>
</kw>
<kw name="click" library="seleniumLibrary">
<arguments>
<arg>${interestDD}</arg>
</arguments>
<kw name="Click Element" library="Selenium2Library">
<doc>Click element identified by ``locator``.</doc>
<arguments>
<arg>${element}</arg>
</arguments>
<msg timestamp="20240413 22:48:13.743" level="INFO">Clicking element 'xpath=//*[@id="interests"]'.</msg>
<status status="PASS" starttime="20240413 22:48:13.742" endtime="20240413 22:48:14.020"></status>
</kw>
<status status="PASS" starttime="20240413 22:48:13.742" endtime="20240413 22:48:14.021"></status>
</kw>
<kw name="click" library="seleniumLibrary">
<arguments>
<arg>${workoutInterest}</arg>
</arguments>
<kw name="Click Element" library="Selenium2Library">
<doc>Click element identified by ``locator``.</doc>
<arguments>
<arg>${element}</arg>
</arguments>
<msg timestamp="20240413 22:48:14.031" level="INFO">Clicking element 'xpath=//*[@id=":r5:"]/li[1]'.</msg>
<status status="PASS" starttime="20240413 22:48:14.030" endtime="20240413 22:48:14.301"></status>
</kw>
<status status="PASS" starttime="20240413 22:48:14.022" endtime="20240413 22:48:14.301"></status>
</kw>
<kw name="click" library="seleniumLibrary">
<arguments>
<arg>${fitnessInterest}</arg>
</arguments>
<kw name="Click Element" library="Selenium2Library">
<doc>Click element identified by ``locator``.</doc>
<arguments>
<arg>${element}</arg>
</arguments>
<msg timestamp="20240413 22:48:14.302" level="INFO">Clicking element 'xpath=//*[@id=":r5:"]/li[2]'.</msg>
<status status="PASS" starttime="20240413 22:48:14.302" endtime="20240413 22:48:14.581"></status>
</kw>
<status status="PASS" starttime="20240413 22:48:14.301" endtime="20240413 22:48:14.582"></status>
</kw>
<kw name="click" library="seleniumLibrary">
<arguments>
<arg>${removeBackground}</arg>
</arguments>
<kw name="Click Element" library="Selenium2Library">
<doc>Click element identified by ``locator``.</doc>
<arguments>
<arg>${element}</arg>
</arguments>
<msg timestamp="20240413 22:48:14.583" level="INFO">Clicking element 'xpath=//div[@id='menu-interests']/div'.</msg>
<status status="PASS" starttime="20240413 22:48:14.583" endtime="20240413 22:48:14.861"></status>
</kw>
<status status="PASS" starttime="20240413 22:48:14.582" endtime="20240413 22:48:14.861"></status>
</kw>
<kw name="Sleep" library="BuiltIn">
<doc>Pauses the test executed for the given time.</doc>
<arguments>
<arg>${LONGSLEEP}</arg>
</arguments>
<msg timestamp="20240413 22:48:19.876" level="INFO">Slept 5 seconds</msg>
<status status="PASS" starttime="20240413 22:48:14.862" endtime="20240413 22:48:19.876"></status>
</kw>
<kw name="click" library="seleniumLibrary">
<arguments>
<arg>${height}</arg>
</arguments>
<kw name="Click Element" library="Selenium2Library">
<doc>Click element identified by ``locator``.</doc>
<arguments>
<arg>${element}</arg>
</arguments>
<msg timestamp="20240413 22:48:19.879" level="INFO">Clicking element 'xpath=//*[@id="height"]'.</msg>
<status status="PASS" starttime="20240413 22:48:19.878" endtime="20240413 22:48:20.154"></status>
</kw>
<status status="PASS" starttime="20240413 22:48:19.877" endtime="20240413 22:48:20.156"></status>
</kw>
<kw name="type" library="seleniumLibrary">
<arguments>
<arg>${height}</arg>
<arg>171</arg>
</arguments>
<kw name="Input Text" library="Selenium2Library">
<doc>Types the given ``text`` into text field identified by ``locator``.</doc>
<arguments>
<arg>${element}</arg>
<arg>${value}</arg>
</arguments>
<msg timestamp="20240413 22:48:20.157" level="INFO">Typing text '171' into text field 'xpath=//*[@id="height"]'.</msg>
<status status="PASS" starttime="20240413 22:48:20.156" endtime="20240413 22:48:20.590"></status>
</kw>
<status status="PASS" starttime="20240413 22:48:20.156" endtime="20240413 22:48:20.591"></status>
</kw>
<kw name="click" library="seleniumLibrary">
<arguments>
<arg>${weight}</arg>
</arguments>
<kw name="Click Element" library="Selenium2Library">
<doc>Click element identified by ``locator``.</doc>
<arguments>
<arg>${element}</arg>
</arguments>
<msg timestamp="20240413 22:48:20.592" level="INFO">Clicking element 'xpath=//*[@id="weight"]'.</msg>
<status status="PASS" starttime="20240413 22:48:20.592" endtime="20240413 22:48:20.872"></status>
</kw>
<status status="PASS" starttime="20240413 22:48:20.591" endtime="20240413 22:48:20.873"></status>
</kw>
<kw name="type" library="seleniumLibrary">
<arguments>
<arg>${weight}</arg>
<arg>50</arg>
</arguments>
<kw name="Input Text" library="Selenium2Library">
<doc>Types the given ``text`` into text field identified by ``locator``.</doc>
<arguments>
<arg>${element}</arg>
<arg>${value}</arg>
</arguments>
<msg timestamp="20240413 22:48:20.874" level="INFO">Typing text '50' into text field 'xpath=//*[@id="weight"]'.</msg>
<status status="PASS" starttime="20240413 22:48:20.874" endtime="20240413 22:48:21.278"></status>
</kw>
<status status="PASS" starttime="20240413 22:48:20.873" endtime="20240413 22:48:21.279"></status>
</kw>
<kw name="click" library="seleniumLibrary">
<arguments>
<arg>${goals}</arg>
</arguments>
<kw name="Click Element" library="Selenium2Library">
<doc>Click element identified by ``locator``.</doc>
<arguments>
<arg>${element}</arg>
</arguments>
<msg timestamp="20240413 22:48:21.281" level="INFO">Clicking element 'xpath=//*[@id="goals"]'.</msg>
<status status="PASS" starttime="20240413 22:48:21.280" endtime="20240413 22:48:21.543"></status>
</kw>
<status status="PASS" starttime="20240413 22:48:21.279" endtime="20240413 22:48:21.543"></status>
</kw>
<kw name="type" library="seleniumLibrary">
<arguments>
<arg>${goals}</arg>
<arg>keep fit</arg>
</arguments>
<kw name="Input Text" library="Selenium2Library">
<doc>Types the given ``text`` into text field identified by ``locator``.</doc>
<arguments>
<arg>${element}</arg>
<arg>${value}</arg>
</arguments>
<msg timestamp="20240413 22:48:21.544" level="INFO">Typing text 'keep fit' into text field 'xpath=//*[@id="goals"]'.</msg>
<status status="PASS" starttime="20240413 22:48:21.544" endtime="20240413 22:48:22.011"></status>
</kw>
<status status="PASS" starttime="20240413 22:48:21.544" endtime="20240413 22:48:22.011"></status>
</kw>
<kw name="click" library="seleniumLibrary">
<arguments>
<arg>${addBtn}</arg>
</arguments>
<kw name="Click Element" library="Selenium2Library">
<doc>Click element identified by ``locator``.</doc>
<arguments>
<arg>${element}</arg>
</arguments>
<msg timestamp="20240413 22:48:22.012" level="INFO">Clicking element 'xpath=/html/body/div[3]/form/div/div[2]/div/button[2]'.</msg>
<status status="PASS" starttime="20240413 22:48:22.012" endtime="20240413 22:48:22.292"></status>
</kw>
<status status="PASS" starttime="20240413 22:48:22.012" endtime="20240413 22:48:22.292"></status>
</kw>
<kw name="Sleep" library="BuiltIn">
<doc>Pauses the test executed for the given time.</doc>
<arguments>
<arg>${LONGSLEEP}</arg>
</arguments>
<msg timestamp="20240413 22:48:27.295" level="INFO">Slept 5 seconds</msg>
<status status="PASS" starttime="20240413 22:48:22.293" endtime="20240413 22:48:27.296"></status>
</kw>
<status status="PASS" starttime="20240413 22:48:13.150" endtime="20240413 22:48:27.296"></status>
</kw>
<kw name="And Exit MyFitness" library="common">
<kw name="Go Page Top" library="common">
<kw name="Execute Javascript" library="Selenium2Library">
<doc>Executes the given JavaScript code.</doc>
<arguments>
<arg>window.scrollTo(0, 0);</arg>
</arguments>
<msg timestamp="20240413 22:48:27.298" level="INFO">Executing JavaScript:
window.scrollTo(0, 0);</msg>
<status status="PASS" starttime="20240413 22:48:27.298" endtime="20240413 22:48:27.421"></status>
</kw>
<status status="PASS" starttime="20240413 22:48:27.297" endtime="20240413 22:48:27.421"></status>
</kw>
<kw name="Sleep" library="BuiltIn">
<doc>Pauses the test executed for the given time.</doc>
<arguments>
<arg>${LONGSLEEP}</arg>
</arguments>
<msg timestamp="20240413 22:48:32.429" level="INFO">Slept 5 seconds</msg>
<status status="PASS" starttime="20240413 22:48:27.422" endtime="20240413 22:48:32.429"></status>
</kw>
<kw name="Close Browser" library="Selenium2Library">
<doc>Closes the current browser.</doc>
<status status="PASS" starttime="20240413 22:48:32.429" endtime="20240413 22:48:34.606"></status>
</kw>
<status status="PASS" starttime="20240413 22:48:27.297" endtime="20240413 22:48:34.606"></status>
</kw>
<status status="PASS" starttime="20240413 22:47:35.981" endtime="20240413 22:48:34.607"></status>
</kw>
<status status="PASS" starttime="20240413 22:46:35.591" endtime="20240413 22:48:34.607"></status>
</kw>
<status status="PASS" starttime="20240413 22:46:35.590" endtime="20240413 22:48:34.607" critical="yes"></status>
</test>
<doc>A test suite to Profile based on parameters provided.</doc>
<status status="PASS" starttime="20240413 22:46:35.440" endtime="20240413 22:48:34.608"></status>
</suite>
<statistics>
<total>
<stat pass="1" fail="0">Critical Tests</stat>
<stat pass="1" fail="0">All Tests</stat>
</total>
<tag>
</tag>
<suite>
<stat pass="1" fail="0" id="s1" name="Profile">Profile</stat>
</suite>
</statistics>
<errors>
</errors>
</robot>
